{"C:\\Users\\sakib\\OneDrive\\Desktop\\Vitolic-API\\app.js": {"path":"C:\\Users\\sakib\\OneDrive\\Desktop\\Vitolic-API\\app.js","statementMap":{"0":{"start":{"line":1,"column":16},"end":{"line":1,"column":34}},"1":{"start":{"line":2,"column":15},"end":{"line":2,"column":32}},"2":{"start":{"line":3,"column":13},"end":{"line":3,"column":28}},"3":{"start":{"line":4,"column":13},"end":{"line":4,"column":28}},"4":{"start":{"line":5,"column":14},"end":{"line":5,"column":30}},"5":{"start":{"line":6,"column":11},"end":{"line":6,"column":24}},"6":{"start":{"line":7,"column":23},"end":{"line":7,"column":38}},"7":{"start":{"line":8,"column":14},"end":{"line":8,"column":39}},"8":{"start":{"line":9,"column":15},"end":{"line":9,"column":32}},"9":{"start":{"line":10,"column":17},"end":{"line":10,"column":36}},"10":{"start":{"line":11,"column":15},"end":{"line":11,"column":32}},"11":{"start":{"line":12,"column":19},"end":{"line":12,"column":40}},"12":{"start":{"line":13,"column":18},"end":{"line":13,"column":47}},"13":{"start":{"line":14,"column":21},"end":{"line":14,"column":87}},"14":{"start":{"line":17,"column":13},"end":{"line":17,"column":43}},"15":{"start":{"line":18,"column":16},"end":{"line":18,"column":48}},"16":{"start":{"line":19,"column":13},"end":{"line":19,"column":42}},"17":{"start":{"line":20,"column":19},"end":{"line":20,"column":54}},"18":{"start":{"line":23,"column":19},"end":{"line":23,"column":49}},"19":{"start":{"line":24,"column":23},"end":{"line":24,"column":57}},"20":{"start":{"line":26,"column":21},"end":{"line":26,"column":53}},"21":{"start":{"line":27,"column":22},"end":{"line":27,"column":55}},"22":{"start":{"line":28,"column":18},"end":{"line":28,"column":47}},"23":{"start":{"line":29,"column":24},"end":{"line":29,"column":59}},"24":{"start":{"line":30,"column":22},"end":{"line":30,"column":55}},"25":{"start":{"line":31,"column":19},"end":{"line":31,"column":54}},"26":{"start":{"line":32,"column":19},"end":{"line":32,"column":51}},"27":{"start":{"line":33,"column":21},"end":{"line":33,"column":53}},"28":{"start":{"line":34,"column":17},"end":{"line":34,"column":53}},"29":{"start":{"line":35,"column":18},"end":{"line":35,"column":47}},"30":{"start":{"line":36,"column":18},"end":{"line":36,"column":48}},"31":{"start":{"line":37,"column":21},"end":{"line":37,"column":53}},"32":{"start":{"line":38,"column":20},"end":{"line":38,"column":51}},"33":{"start":{"line":39,"column":18},"end":{"line":39,"column":47}},"34":{"start":{"line":40,"column":22},"end":{"line":40,"column":55}},"35":{"start":{"line":41,"column":20},"end":{"line":41,"column":51}},"36":{"start":{"line":42,"column":26},"end":{"line":42,"column":63}},"37":{"start":{"line":43,"column":24},"end":{"line":43,"column":59}},"38":{"start":{"line":44,"column":18},"end":{"line":44,"column":50}},"39":{"start":{"line":45,"column":19},"end":{"line":45,"column":49}},"40":{"start":{"line":46,"column":18},"end":{"line":46,"column":47}},"41":{"start":{"line":47,"column":22},"end":{"line":47,"column":55}},"42":{"start":{"line":51,"column":24},"end":{"line":51,"column":64}},"43":{"start":{"line":52,"column":27},"end":{"line":52,"column":64}},"44":{"start":{"line":53,"column":17},"end":{"line":53,"column":45}},"45":{"start":{"line":54,"column":21},"end":{"line":54,"column":45}},"46":{"start":{"line":56,"column":20},"end":{"line":56,"column":116}},"47":{"start":{"line":60,"column":0},"end":{"line":63,"column":2}},"48":{"start":{"line":66,"column":12},"end":{"line":66,"column":21}},"49":{"start":{"line":67,"column":13},"end":{"line":67,"column":17}},"50":{"start":{"line":68,"column":19},"end":{"line":68,"column":41}},"51":{"start":{"line":69,"column":0},"end":{"line":69,"column":44}},"52":{"start":{"line":71,"column":0},"end":{"line":71,"column":24}},"53":{"start":{"line":72,"column":0},"end":{"line":72,"column":16}},"54":{"start":{"line":93,"column":0},"end":{"line":99,"column":3}},"55":{"start":{"line":94,"column":2},"end":{"line":94,"column":52}},"56":{"start":{"line":95,"column":2},"end":{"line":95,"column":90}},"57":{"start":{"line":96,"column":2},"end":{"line":96,"column":53}},"58":{"start":{"line":97,"column":2},"end":{"line":97,"column":58}},"59":{"start":{"line":98,"column":2},"end":{"line":98,"column":9}},"60":{"start":{"line":106,"column":23},"end":{"line":121,"column":1}},"61":{"start":{"line":123,"column":20},"end":{"line":123,"column":48}},"62":{"start":{"line":124,"column":0},"end":{"line":126,"column":3}},"63":{"start":{"line":128,"column":0},"end":{"line":128,"column":68}},"64":{"start":{"line":129,"column":0},"end":{"line":131,"column":1}},"65":{"start":{"line":130,"column":2},"end":{"line":130,"column":25}},"66":{"start":{"line":133,"column":20},"end":{"line":141,"column":2}},"67":{"start":{"line":135,"column":4},"end":{"line":135,"column":22}},"68":{"start":{"line":139,"column":4},"end":{"line":139,"column":65}},"69":{"start":{"line":143,"column":19},"end":{"line":153,"column":1}},"70":{"start":{"line":144,"column":2},"end":{"line":152,"column":3}},"71":{"start":{"line":149,"column":4},"end":{"line":149,"column":19}},"72":{"start":{"line":151,"column":4},"end":{"line":151,"column":20}},"73":{"start":{"line":155,"column":0},"end":{"line":157,"column":2}},"74":{"start":{"line":159,"column":0},"end":{"line":159,"column":65}},"75":{"start":{"line":161,"column":29},"end":{"line":164,"column":1}},"76":{"start":{"line":165,"column":0},"end":{"line":181,"column":2}},"77":{"start":{"line":166,"column":29},"end":{"line":166,"column":55}},"78":{"start":{"line":167,"column":18},"end":{"line":167,"column":34}},"79":{"start":{"line":168,"column":19},"end":{"line":168,"column":39}},"80":{"start":{"line":170,"column":4},"end":{"line":179,"column":7}},"81":{"start":{"line":173,"column":5},"end":{"line":173,"column":66}},"82":{"start":{"line":177,"column":6},"end":{"line":177,"column":40}},"83":{"start":{"line":178,"column":8},"end":{"line":178,"column":27}},"84":{"start":{"line":182,"column":0},"end":{"line":212,"column":2}},"85":{"start":{"line":183,"column":12},"end":{"line":183,"column":26}},"86":{"start":{"line":184,"column":13},"end":{"line":184,"column":28}},"87":{"start":{"line":186,"column":15},"end":{"line":193,"column":3}},"88":{"start":{"line":195,"column":2},"end":{"line":210,"column":7}},"89":{"start":{"line":197,"column":6},"end":{"line":197,"column":49}},"90":{"start":{"line":198,"column":6},"end":{"line":202,"column":8}},"91":{"start":{"line":205,"column":6},"end":{"line":205,"column":25}},"92":{"start":{"line":206,"column":6},"end":{"line":209,"column":8}},"93":{"start":{"line":214,"column":0},"end":{"line":221,"column":3}},"94":{"start":{"line":216,"column":2},"end":{"line":219,"column":5}},"95":{"start":{"line":217,"column":16},"end":{"line":217,"column":32}},"96":{"start":{"line":218,"column":6},"end":{"line":218,"column":20}},"97":{"start":{"line":222,"column":0},"end":{"line":222,"column":20}},"98":{"start":{"line":223,"column":0},"end":{"line":223,"column":19}},"99":{"start":{"line":224,"column":0},"end":{"line":224,"column":24}},"100":{"start":{"line":225,"column":0},"end":{"line":225,"column":22}},"101":{"start":{"line":226,"column":0},"end":{"line":226,"column":19}},"102":{"start":{"line":227,"column":0},"end":{"line":227,"column":25}},"103":{"start":{"line":228,"column":0},"end":{"line":228,"column":20}},"104":{"start":{"line":229,"column":0},"end":{"line":229,"column":20}},"105":{"start":{"line":230,"column":0},"end":{"line":230,"column":23}},"106":{"start":{"line":231,"column":0},"end":{"line":231,"column":22}},"107":{"start":{"line":232,"column":0},"end":{"line":232,"column":18}},"108":{"start":{"line":233,"column":0},"end":{"line":233,"column":19}},"109":{"start":{"line":234,"column":0},"end":{"line":234,"column":19}},"110":{"start":{"line":235,"column":0},"end":{"line":235,"column":23}},"111":{"start":{"line":236,"column":0},"end":{"line":236,"column":19}},"112":{"start":{"line":237,"column":0},"end":{"line":237,"column":22}},"113":{"start":{"line":238,"column":0},"end":{"line":238,"column":21}},"114":{"start":{"line":239,"column":0},"end":{"line":239,"column":23}},"115":{"start":{"line":240,"column":0},"end":{"line":240,"column":21}},"116":{"start":{"line":241,"column":0},"end":{"line":241,"column":27}},"117":{"start":{"line":242,"column":0},"end":{"line":242,"column":20}},"118":{"start":{"line":243,"column":0},"end":{"line":243,"column":19}},"119":{"start":{"line":244,"column":0},"end":{"line":244,"column":23}},"120":{"start":{"line":246,"column":0},"end":{"line":246,"column":28}},"121":{"start":{"line":249,"column":0},"end":{"line":260,"column":3}},"122":{"start":{"line":250,"column":2},"end":{"line":250,"column":19}},"123":{"start":{"line":251,"column":17},"end":{"line":251,"column":34}},"124":{"start":{"line":252,"column":18},"end":{"line":252,"column":29}},"125":{"start":{"line":253,"column":15},"end":{"line":253,"column":23}},"126":{"start":{"line":255,"column":2},"end":{"line":259,"column":5}},"127":{"start":{"line":262,"column":0},"end":{"line":264,"column":3}},"128":{"start":{"line":263,"column":2},"end":{"line":263,"column":74}},"129":{"start":{"line":266,"column":0},"end":{"line":285,"column":5}},"130":{"start":{"line":272,"column":19},"end":{"line":272,"column":35}},"131":{"start":{"line":273,"column":15},"end":{"line":273,"column":47}},"132":{"start":{"line":275,"column":4},"end":{"line":281,"column":7}},"133":{"start":{"line":276,"column":6},"end":{"line":276,"column":38}},"134":{"start":{"line":278,"column":6},"end":{"line":280,"column":9}},"135":{"start":{"line":279,"column":8},"end":{"line":279,"column":41}},"136":{"start":{"line":284,"column":4},"end":{"line":284,"column":21}}},"fnMap":{"0":{"name":"(anonymous_0)","decl":{"start":{"line":93,"column":8},"end":{"line":93,"column":9}},"loc":{"start":{"line":93,"column":34},"end":{"line":99,"column":1}},"line":93},"1":{"name":"(anonymous_1)","decl":{"start":{"line":134,"column":15},"end":{"line":134,"column":16}},"loc":{"start":{"line":134,"column":34},"end":{"line":136,"column":3}},"line":134},"2":{"name":"(anonymous_2)","decl":{"start":{"line":138,"column":12},"end":{"line":138,"column":13}},"loc":{"start":{"line":138,"column":31},"end":{"line":140,"column":3}},"line":138},"3":{"name":"(anonymous_3)","decl":{"start":{"line":143,"column":19},"end":{"line":143,"column":20}},"loc":{"start":{"line":143,"column":38},"end":{"line":153,"column":1}},"line":143},"4":{"name":"(anonymous_4)","decl":{"start":{"line":165,"column":35},"end":{"line":165,"column":36}},"loc":{"start":{"line":165,"column":47},"end":{"line":181,"column":1}},"line":165},"5":{"name":"(anonymous_5)","decl":{"start":{"line":171,"column":11},"end":{"line":171,"column":12}},"loc":{"start":{"line":171,"column":23},"end":{"line":175,"column":5}},"line":171},"6":{"name":"(anonymous_6)","decl":{"start":{"line":176,"column":12},"end":{"line":176,"column":13}},"loc":{"start":{"line":176,"column":21},"end":{"line":179,"column":5}},"line":176},"7":{"name":"(anonymous_7)","decl":{"start":{"line":182,"column":24},"end":{"line":182,"column":25}},"loc":{"start":{"line":182,"column":50},"end":{"line":212,"column":1}},"line":182},"8":{"name":"(anonymous_8)","decl":{"start":{"line":196,"column":10},"end":{"line":196,"column":11}},"loc":{"start":{"line":196,"column":30},"end":{"line":203,"column":5}},"line":196},"9":{"name":"(anonymous_9)","decl":{"start":{"line":204,"column":11},"end":{"line":204,"column":12}},"loc":{"start":{"line":204,"column":28},"end":{"line":210,"column":5}},"line":204},"10":{"name":"(anonymous_10)","decl":{"start":{"line":214,"column":19},"end":{"line":214,"column":20}},"loc":{"start":{"line":214,"column":33},"end":{"line":221,"column":1}},"line":214},"11":{"name":"(anonymous_11)","decl":{"start":{"line":216,"column":34},"end":{"line":216,"column":35}},"loc":{"start":{"line":216,"column":49},"end":{"line":219,"column":3}},"line":216},"12":{"name":"(anonymous_12)","decl":{"start":{"line":249,"column":8},"end":{"line":249,"column":9}},"loc":{"start":{"line":249,"column":33},"end":{"line":260,"column":1}},"line":249},"13":{"name":"(anonymous_13)","decl":{"start":{"line":262,"column":13},"end":{"line":262,"column":14}},"loc":{"start":{"line":262,"column":33},"end":{"line":264,"column":1}},"line":262},"14":{"name":"(anonymous_14)","decl":{"start":{"line":271,"column":8},"end":{"line":271,"column":9}},"loc":{"start":{"line":271,"column":20},"end":{"line":282,"column":3}},"line":271},"15":{"name":"(anonymous_15)","decl":{"start":{"line":275,"column":24},"end":{"line":275,"column":25}},"loc":{"start":{"line":275,"column":36},"end":{"line":281,"column":5}},"line":275},"16":{"name":"(anonymous_16)","decl":{"start":{"line":278,"column":30},"end":{"line":278,"column":31}},"loc":{"start":{"line":278,"column":36},"end":{"line":280,"column":7}},"line":278},"17":{"name":"(anonymous_17)","decl":{"start":{"line":283,"column":9},"end":{"line":283,"column":10}},"loc":{"start":{"line":283,"column":18},"end":{"line":285,"column":3}},"line":283}},"branchMap":{"0":{"loc":{"start":{"line":129,"column":0},"end":{"line":131,"column":1}},"type":"if","locations":[{"start":{"line":129,"column":0},"end":{"line":131,"column":1}},{"start":{},"end":{}}],"line":129},"1":{"loc":{"start":{"line":144,"column":2},"end":{"line":152,"column":3}},"type":"if","locations":[{"start":{"line":144,"column":2},"end":{"line":152,"column":3}},{"start":{"line":150,"column":9},"end":{"line":152,"column":3}}],"line":144},"2":{"loc":{"start":{"line":145,"column":4},"end":{"line":147,"column":33}},"type":"binary-expr","locations":[{"start":{"line":145,"column":4},"end":{"line":145,"column":33}},{"start":{"line":146,"column":4},"end":{"line":146,"column":34}},{"start":{"line":147,"column":4},"end":{"line":147,"column":33}}],"line":145},"3":{"loc":{"start":{"line":251,"column":17},"end":{"line":251,"column":34}},"type":"binary-expr","locations":[{"start":{"line":251,"column":17},"end":{"line":251,"column":27}},{"start":{"line":251,"column":31},"end":{"line":251,"column":34}}],"line":251}},"s":{"0":1,"1":1,"2":1,"3":1,"4":1,"5":1,"6":1,"7":1,"8":1,"9":1,"10":1,"11":1,"12":1,"13":1,"14":1,"15":1,"16":1,"17":1,"18":1,"19":1,"20":1,"21":1,"22":1,"23":1,"24":1,"25":1,"26":1,"27":1,"28":1,"29":1,"30":1,"31":1,"32":1,"33":1,"34":1,"35":1,"36":1,"37":1,"38":1,"39":1,"40":1,"41":1,"42":1,"43":1,"44":1,"45":1,"46":1,"47":1,"48":1,"49":1,"50":1,"51":1,"52":1,"53":1,"54":1,"55":0,"56":0,"57":0,"58":0,"59":0,"60":1,"61":1,"62":1,"63":1,"64":1,"65":0,"66":1,"67":0,"68":0,"69":1,"70":0,"71":0,"72":0,"73":1,"74":1,"75":1,"76":1,"77":0,"78":0,"79":0,"80":0,"81":0,"82":0,"83":0,"84":1,"85":0,"86":0,"87":0,"88":0,"89":0,"90":0,"91":0,"92":0,"93":1,"94":0,"95":0,"96":0,"97":1,"98":1,"99":1,"100":1,"101":1,"102":1,"103":1,"104":1,"105":1,"106":1,"107":1,"108":1,"109":1,"110":1,"111":1,"112":1,"113":1,"114":1,"115":1,"116":1,"117":1,"118":1,"119":1,"120":1,"121":1,"122":0,"123":0,"124":0,"125":0,"126":0,"127":1,"128":0,"129":1,"130":1,"131":1,"132":1,"133":0,"134":0,"135":0,"136":0},"f":{"0":0,"1":0,"2":0,"3":0,"4":0,"5":0,"6":0,"7":0,"8":0,"9":0,"10":0,"11":0,"12":0,"13":0,"14":1,"15":0,"16":0,"17":0},"b":{"0":[0,1],"1":[0,0],"2":[0,0,0],"3":[0,0]},"_coverageSchema":"1a1c01bbd47fc00a2c39e90264f33305004495a9","hash":"3d07139bc394205d7960a1156ab89e51d0af2c78"}
,"C:\\Users\\sakib\\OneDrive\\Desktop\\Vitolic-API\\socket.js": {"path":"C:\\Users\\sakib\\OneDrive\\Desktop\\Vitolic-API\\socket.js","statementMap":{"0":{"start":{"line":4,"column":0},"end":{"line":24,"column":1}},"1":{"start":{"line":6,"column":1},"end":{"line":8,"column":4}},"2":{"start":{"line":10,"column":1},"end":{"line":10,"column":11}},"3":{"start":{"line":16,"column":0},"end":{"line":18,"column":1}},"4":{"start":{"line":17,"column":0},"end":{"line":17,"column":42}},"5":{"start":{"line":20,"column":0},"end":{"line":20,"column":10}}},"fnMap":{"0":{"name":"(anonymous_0)","decl":{"start":{"line":5,"column":6},"end":{"line":5,"column":7}},"loc":{"start":{"line":5,"column":21},"end":{"line":13,"column":1}},"line":5},"1":{"name":"(anonymous_1)","decl":{"start":{"line":15,"column":7},"end":{"line":15,"column":8}},"loc":{"start":{"line":15,"column":12},"end":{"line":22,"column":1}},"line":15}},"branchMap":{"0":{"loc":{"start":{"line":16,"column":0},"end":{"line":18,"column":1}},"type":"if","locations":[{"start":{"line":16,"column":0},"end":{"line":18,"column":1}},{"start":{},"end":{}}],"line":16}},"s":{"0":2,"1":1,"2":1,"3":0,"4":0,"5":0},"f":{"0":1,"1":0},"b":{"0":[0,0]},"_coverageSchema":"1a1c01bbd47fc00a2c39e90264f33305004495a9","hash":"1e507499052fe196bf2f0b3fced0c44e0c3b2851"}
,"C:\\Users\\sakib\\OneDrive\\Desktop\\Vitolic-API\\Controllers\\DeliveryBoyController.js": {"path":"C:\\Users\\sakib\\OneDrive\\Desktop\\Vitolic-API\\Controllers\\DeliveryBoyController.js","statementMap":{"0":{"start":{"line":1,"column":12},"end":{"line":1,"column":49}},"1":{"start":{"line":2,"column":13},"end":{"line":2,"column":43}},"2":{"start":{"line":3,"column":13},"end":{"line":3,"column":43}},"3":{"start":{"line":4,"column":13},"end":{"line":4,"column":44}},"4":{"start":{"line":5,"column":16},"end":{"line":5,"column":50}},"5":{"start":{"line":7,"column":16},"end":{"line":7,"column":49}},"6":{"start":{"line":9,"column":20},"end":{"line":9,"column":56}},"7":{"start":{"line":10,"column":12},"end":{"line":10,"column":35}},"8":{"start":{"line":11,"column":15},"end":{"line":11,"column":34}},"9":{"start":{"line":12,"column":27},"end":{"line":12,"column":79}},"10":{"start":{"line":16,"column":0},"end":{"line":58,"column":1}},"11":{"start":{"line":17,"column":18},"end":{"line":17,"column":32}},"12":{"start":{"line":18,"column":21},"end":{"line":18,"column":38}},"13":{"start":{"line":23,"column":4},"end":{"line":57,"column":10}},"14":{"start":{"line":25,"column":12},"end":{"line":27,"column":13}},"15":{"start":{"line":26,"column":16},"end":{"line":26,"column":84}},"16":{"start":{"line":28,"column":12},"end":{"line":28,"column":46}},"17":{"start":{"line":29,"column":12},"end":{"line":29,"column":39}},"18":{"start":{"line":31,"column":12},"end":{"line":31,"column":30}},"19":{"start":{"line":33,"column":12},"end":{"line":53,"column":19}},"20":{"start":{"line":35,"column":20},"end":{"line":38,"column":21}},"21":{"start":{"line":36,"column":24},"end":{"line":36,"column":99}},"22":{"start":{"line":37,"column":24},"end":{"line":37,"column":31}},"23":{"start":{"line":40,"column":34},"end":{"line":43,"column":86}},"24":{"start":{"line":47,"column":20},"end":{"line":52,"column":22}},"25":{"start":{"line":55,"column":12},"end":{"line":55,"column":75}},"26":{"start":{"line":61,"column":0},"end":{"line":102,"column":1}},"27":{"start":{"line":63,"column":21},"end":{"line":63,"column":38}},"28":{"start":{"line":64,"column":26},"end":{"line":64,"column":48}},"29":{"start":{"line":65,"column":18},"end":{"line":65,"column":32}},"30":{"start":{"line":66,"column":21},"end":{"line":66,"column":38}},"31":{"start":{"line":67,"column":23},"end":{"line":67,"column":42}},"32":{"start":{"line":68,"column":24},"end":{"line":68,"column":44}},"33":{"start":{"line":69,"column":23},"end":{"line":69,"column":42}},"34":{"start":{"line":71,"column":4},"end":{"line":100,"column":10}},"35":{"start":{"line":73,"column":12},"end":{"line":78,"column":13}},"36":{"start":{"line":74,"column":16},"end":{"line":77,"column":18}},"37":{"start":{"line":80,"column":12},"end":{"line":95,"column":18}},"38":{"start":{"line":82,"column":33},"end":{"line":90,"column":22}},"39":{"start":{"line":92,"column":20},"end":{"line":92,"column":39}},"40":{"start":{"line":94,"column":20},"end":{"line":94,"column":119}},"41":{"start":{"line":99,"column":12},"end":{"line":99,"column":90}},"42":{"start":{"line":105,"column":0},"end":{"line":121,"column":1}},"43":{"start":{"line":106,"column":4},"end":{"line":120,"column":5}},"44":{"start":{"line":107,"column":19},"end":{"line":107,"column":32}},"45":{"start":{"line":109,"column":20},"end":{"line":109,"column":83}},"46":{"start":{"line":111,"column":8},"end":{"line":116,"column":9}},"47":{"start":{"line":112,"column":12},"end":{"line":115,"column":14}},"48":{"start":{"line":118,"column":8},"end":{"line":118,"column":86}},"49":{"start":{"line":123,"column":0},"end":{"line":139,"column":1}},"50":{"start":{"line":124,"column":4},"end":{"line":138,"column":5}},"51":{"start":{"line":126,"column":22},"end":{"line":126,"column":38}},"52":{"start":{"line":127,"column":20},"end":{"line":127,"column":38}},"53":{"start":{"line":129,"column":8},"end":{"line":134,"column":9}},"54":{"start":{"line":130,"column":12},"end":{"line":133,"column":14}},"55":{"start":{"line":136,"column":8},"end":{"line":136,"column":86}},"56":{"start":{"line":141,"column":0},"end":{"line":154,"column":1}},"57":{"start":{"line":142,"column":4},"end":{"line":153,"column":5}},"58":{"start":{"line":143,"column":19},"end":{"line":143,"column":32}},"59":{"start":{"line":145,"column":20},"end":{"line":145,"column":57}},"60":{"start":{"line":146,"column":8},"end":{"line":146,"column":25}},"61":{"start":{"line":147,"column":8},"end":{"line":149,"column":9}},"62":{"start":{"line":148,"column":12},"end":{"line":148,"column":80}},"63":{"start":{"line":151,"column":8},"end":{"line":151,"column":86}},"64":{"start":{"line":157,"column":0},"end":{"line":173,"column":1}},"65":{"start":{"line":158,"column":4},"end":{"line":172,"column":5}},"66":{"start":{"line":159,"column":19},"end":{"line":159,"column":32}},"67":{"start":{"line":161,"column":20},"end":{"line":161,"column":51}},"68":{"start":{"line":163,"column":8},"end":{"line":168,"column":9}},"69":{"start":{"line":164,"column":12},"end":{"line":167,"column":14}},"70":{"start":{"line":170,"column":8},"end":{"line":170,"column":86}},"71":{"start":{"line":175,"column":0},"end":{"line":201,"column":1}},"72":{"start":{"line":176,"column":4},"end":{"line":200,"column":5}},"73":{"start":{"line":177,"column":19},"end":{"line":177,"column":32}},"74":{"start":{"line":178,"column":23},"end":{"line":178,"column":40}},"75":{"start":{"line":179,"column":24},"end":{"line":179,"column":42}},"76":{"start":{"line":181,"column":8},"end":{"line":193,"column":10}},"77":{"start":{"line":184,"column":12},"end":{"line":186,"column":13}},"78":{"start":{"line":185,"column":16},"end":{"line":185,"column":93}},"79":{"start":{"line":188,"column":12},"end":{"line":192,"column":14}},"80":{"start":{"line":198,"column":8},"end":{"line":198,"column":86}},"81":{"start":{"line":203,"column":0},"end":{"line":315,"column":1}},"82":{"start":{"line":204,"column":4},"end":{"line":314,"column":5}},"83":{"start":{"line":206,"column":19},"end":{"line":206,"column":76}},"84":{"start":{"line":209,"column":31},"end":{"line":209,"column":33}},"85":{"start":{"line":210,"column":28},"end":{"line":210,"column":30}},"86":{"start":{"line":212,"column":8},"end":{"line":234,"column":9}},"87":{"start":{"line":213,"column":12},"end":{"line":217,"column":13}},"88":{"start":{"line":214,"column":38},"end":{"line":214,"column":45}},"89":{"start":{"line":215,"column":16},"end":{"line":215,"column":50}},"90":{"start":{"line":218,"column":25},"end":{"line":218,"column":79}},"91":{"start":{"line":221,"column":12},"end":{"line":231,"column":13}},"92":{"start":{"line":222,"column":34},"end":{"line":222,"column":43}},"93":{"start":{"line":223,"column":16},"end":{"line":229,"column":17}},"94":{"start":{"line":224,"column":32},"end":{"line":224,"column":72}},"95":{"start":{"line":225,"column":39},"end":{"line":225,"column":42}},"96":{"start":{"line":226,"column":20},"end":{"line":226,"column":48}},"97":{"start":{"line":236,"column":23},"end":{"line":244,"column":10}},"98":{"start":{"line":237,"column":32},"end":{"line":237,"column":75}},"99":{"start":{"line":237,"column":61},"end":{"line":237,"column":74}},"100":{"start":{"line":239,"column":12},"end":{"line":241,"column":22}},"101":{"start":{"line":243,"column":12},"end":{"line":243,"column":24}},"102":{"start":{"line":246,"column":8},"end":{"line":246,"column":27}},"103":{"start":{"line":304,"column":8},"end":{"line":310,"column":9}},"104":{"start":{"line":305,"column":12},"end":{"line":309,"column":14}},"105":{"start":{"line":312,"column":8},"end":{"line":312,"column":86}},"106":{"start":{"line":317,"column":0},"end":{"line":347,"column":1}},"107":{"start":{"line":318,"column":4},"end":{"line":345,"column":5}},"108":{"start":{"line":319,"column":19},"end":{"line":319,"column":32}},"109":{"start":{"line":320,"column":22},"end":{"line":320,"column":38}},"110":{"start":{"line":322,"column":24},"end":{"line":324,"column":10}},"111":{"start":{"line":326,"column":8},"end":{"line":338,"column":9}},"112":{"start":{"line":327,"column":12},"end":{"line":327,"column":46}},"113":{"start":{"line":328,"column":12},"end":{"line":332,"column":14}},"114":{"start":{"line":334,"column":12},"end":{"line":337,"column":14}},"115":{"start":{"line":341,"column":8},"end":{"line":344,"column":10}}},"fnMap":{"0":{"name":"(anonymous_0)","decl":{"start":{"line":16,"column":20},"end":{"line":16,"column":21}},"loc":{"start":{"line":16,"column":46},"end":{"line":58,"column":1}},"line":16},"1":{"name":"(anonymous_1)","decl":{"start":{"line":24,"column":14},"end":{"line":24,"column":15}},"loc":{"start":{"line":24,"column":22},"end":{"line":54,"column":9}},"line":24},"2":{"name":"(anonymous_2)","decl":{"start":{"line":34,"column":22},"end":{"line":34,"column":23}},"loc":{"start":{"line":34,"column":33},"end":{"line":53,"column":17}},"line":34},"3":{"name":"(anonymous_3)","decl":{"start":{"line":54,"column":17},"end":{"line":54,"column":18}},"loc":{"start":{"line":54,"column":24},"end":{"line":57,"column":9}},"line":54},"4":{"name":"(anonymous_4)","decl":{"start":{"line":61,"column":21},"end":{"line":61,"column":22}},"loc":{"start":{"line":61,"column":41},"end":{"line":102,"column":1}},"line":61},"5":{"name":"(anonymous_5)","decl":{"start":{"line":72,"column":14},"end":{"line":72,"column":15}},"loc":{"start":{"line":72,"column":22},"end":{"line":96,"column":9}},"line":72},"6":{"name":"(anonymous_6)","decl":{"start":{"line":81,"column":22},"end":{"line":81,"column":23}},"loc":{"start":{"line":81,"column":43},"end":{"line":93,"column":17}},"line":81},"7":{"name":"(anonymous_7)","decl":{"start":{"line":93,"column":24},"end":{"line":93,"column":25}},"loc":{"start":{"line":93,"column":36},"end":{"line":95,"column":17}},"line":93},"8":{"name":"(anonymous_8)","decl":{"start":{"line":98,"column":15},"end":{"line":98,"column":16}},"loc":{"start":{"line":98,"column":22},"end":{"line":100,"column":9}},"line":98},"9":{"name":"(anonymous_9)","decl":{"start":{"line":105,"column":21},"end":{"line":105,"column":22}},"loc":{"start":{"line":105,"column":47},"end":{"line":121,"column":1}},"line":105},"10":{"name":"(anonymous_10)","decl":{"start":{"line":123,"column":18},"end":{"line":123,"column":19}},"loc":{"start":{"line":123,"column":44},"end":{"line":139,"column":1}},"line":123},"11":{"name":"(anonymous_11)","decl":{"start":{"line":141,"column":24},"end":{"line":141,"column":25}},"loc":{"start":{"line":141,"column":50},"end":{"line":154,"column":1}},"line":141},"12":{"name":"(anonymous_12)","decl":{"start":{"line":157,"column":24},"end":{"line":157,"column":25}},"loc":{"start":{"line":157,"column":50},"end":{"line":173,"column":1}},"line":157},"13":{"name":"(anonymous_13)","decl":{"start":{"line":175,"column":31},"end":{"line":175,"column":32}},"loc":{"start":{"line":175,"column":57},"end":{"line":201,"column":1}},"line":175},"14":{"name":"(anonymous_14)","decl":{"start":{"line":183,"column":29},"end":{"line":183,"column":30}},"loc":{"start":{"line":183,"column":45},"end":{"line":193,"column":9}},"line":183},"15":{"name":"(anonymous_15)","decl":{"start":{"line":203,"column":20},"end":{"line":203,"column":21}},"loc":{"start":{"line":203,"column":46},"end":{"line":315,"column":1}},"line":203},"16":{"name":"(anonymous_16)","decl":{"start":{"line":236,"column":41},"end":{"line":236,"column":42}},"loc":{"start":{"line":236,"column":50},"end":{"line":244,"column":9}},"line":236},"17":{"name":"(anonymous_17)","decl":{"start":{"line":237,"column":54},"end":{"line":237,"column":55}},"loc":{"start":{"line":237,"column":61},"end":{"line":237,"column":74}},"line":237},"18":{"name":"(anonymous_18)","decl":{"start":{"line":317,"column":35},"end":{"line":317,"column":36}},"loc":{"start":{"line":317,"column":61},"end":{"line":347,"column":1}},"line":317}},"branchMap":{"0":{"loc":{"start":{"line":25,"column":12},"end":{"line":27,"column":13}},"type":"if","locations":[{"start":{"line":25,"column":12},"end":{"line":27,"column":13}},{"start":{},"end":{}}],"line":25},"1":{"loc":{"start":{"line":35,"column":20},"end":{"line":38,"column":21}},"type":"if","locations":[{"start":{"line":35,"column":20},"end":{"line":38,"column":21}},{"start":{},"end":{}}],"line":35},"2":{"loc":{"start":{"line":73,"column":12},"end":{"line":78,"column":13}},"type":"if","locations":[{"start":{"line":73,"column":12},"end":{"line":78,"column":13}},{"start":{},"end":{}}],"line":73},"3":{"loc":{"start":{"line":111,"column":8},"end":{"line":116,"column":9}},"type":"if","locations":[{"start":{"line":111,"column":8},"end":{"line":116,"column":9}},{"start":{},"end":{}}],"line":111},"4":{"loc":{"start":{"line":129,"column":8},"end":{"line":134,"column":9}},"type":"if","locations":[{"start":{"line":129,"column":8},"end":{"line":134,"column":9}},{"start":{},"end":{}}],"line":129},"5":{"loc":{"start":{"line":147,"column":8},"end":{"line":149,"column":9}},"type":"if","locations":[{"start":{"line":147,"column":8},"end":{"line":149,"column":9}},{"start":{},"end":{}}],"line":147},"6":{"loc":{"start":{"line":163,"column":8},"end":{"line":168,"column":9}},"type":"if","locations":[{"start":{"line":163,"column":8},"end":{"line":168,"column":9}},{"start":{},"end":{}}],"line":163},"7":{"loc":{"start":{"line":184,"column":12},"end":{"line":186,"column":13}},"type":"if","locations":[{"start":{"line":184,"column":12},"end":{"line":186,"column":13}},{"start":{},"end":{}}],"line":184},"8":{"loc":{"start":{"line":212,"column":8},"end":{"line":234,"column":9}},"type":"if","locations":[{"start":{"line":212,"column":8},"end":{"line":234,"column":9}},{"start":{},"end":{}}],"line":212},"9":{"loc":{"start":{"line":223,"column":16},"end":{"line":229,"column":17}},"type":"if","locations":[{"start":{"line":223,"column":16},"end":{"line":229,"column":17}},{"start":{},"end":{}}],"line":223},"10":{"loc":{"start":{"line":239,"column":24},"end":{"line":241,"column":22}},"type":"cond-expr","locations":[{"start":{"line":240,"column":18},"end":{"line":240,"column":33}},{"start":{"line":241,"column":18},"end":{"line":241,"column":22}}],"line":239},"11":{"loc":{"start":{"line":304,"column":8},"end":{"line":310,"column":9}},"type":"if","locations":[{"start":{"line":304,"column":8},"end":{"line":310,"column":9}},{"start":{},"end":{}}],"line":304},"12":{"loc":{"start":{"line":326,"column":8},"end":{"line":338,"column":9}},"type":"if","locations":[{"start":{"line":326,"column":8},"end":{"line":338,"column":9}},{"start":{"line":333,"column":15},"end":{"line":338,"column":9}}],"line":326}},"s":{"0":1,"1":1,"2":1,"3":1,"4":1,"5":1,"6":1,"7":1,"8":1,"9":1,"10":1,"11":0,"12":0,"13":0,"14":0,"15":0,"16":0,"17":0,"18":0,"19":0,"20":0,"21":0,"22":0,"23":0,"24":0,"25":0,"26":1,"27":0,"28":0,"29":0,"30":0,"31":0,"32":0,"33":0,"34":0,"35":0,"36":0,"37":0,"38":0,"39":0,"40":0,"41":0,"42":1,"43":0,"44":0,"45":0,"46":0,"47":0,"48":0,"49":1,"50":0,"51":0,"52":0,"53":0,"54":0,"55":0,"56":1,"57":0,"58":0,"59":0,"60":0,"61":0,"62":0,"63":0,"64":1,"65":0,"66":0,"67":0,"68":0,"69":0,"70":0,"71":1,"72":0,"73":0,"74":0,"75":0,"76":0,"77":0,"78":0,"79":0,"80":0,"81":1,"82":0,"83":0,"84":0,"85":0,"86":0,"87":0,"88":0,"89":0,"90":0,"91":0,"92":0,"93":0,"94":0,"95":0,"96":0,"97":0,"98":0,"99":0,"100":0,"101":0,"102":0,"103":0,"104":0,"105":0,"106":1,"107":0,"108":0,"109":0,"110":0,"111":0,"112":0,"113":0,"114":0,"115":0},"f":{"0":0,"1":0,"2":0,"3":0,"4":0,"5":0,"6":0,"7":0,"8":0,"9":0,"10":0,"11":0,"12":0,"13":0,"14":0,"15":0,"16":0,"17":0,"18":0},"b":{"0":[0,0],"1":[0,0],"2":[0,0],"3":[0,0],"4":[0,0],"5":[0,0],"6":[0,0],"7":[0,0],"8":[0,0],"9":[0,0],"10":[0,0],"11":[0,0],"12":[0,0]},"_coverageSchema":"1a1c01bbd47fc00a2c39e90264f33305004495a9","hash":"e479e3fb08465961c0424d8a9d06df5d3a594c8a"}
,"C:\\Users\\sakib\\OneDrive\\Desktop\\Vitolic-API\\Controllers\\addressController.js": {"path":"C:\\Users\\sakib\\OneDrive\\Desktop\\Vitolic-API\\Controllers\\addressController.js","statementMap":{"0":{"start":{"line":1,"column":16},"end":{"line":1,"column":51}},"1":{"start":{"line":2,"column":13},"end":{"line":2,"column":45}},"2":{"start":{"line":4,"column":11},"end":{"line":4,"column":33}},"3":{"start":{"line":7,"column":0},"end":{"line":37,"column":1}},"4":{"start":{"line":8,"column":4},"end":{"line":36,"column":5}},"5":{"start":{"line":9,"column":27},"end":{"line":9,"column":42}},"6":{"start":{"line":10,"column":29},"end":{"line":10,"column":46}},"7":{"start":{"line":11,"column":29},"end":{"line":11,"column":46}},"8":{"start":{"line":12,"column":26},"end":{"line":12,"column":40}},"9":{"start":{"line":13,"column":25},"end":{"line":13,"column":38}},"10":{"start":{"line":14,"column":29},"end":{"line":14,"column":46}},"11":{"start":{"line":15,"column":28},"end":{"line":15,"column":44}},"12":{"start":{"line":16,"column":28},"end":{"line":16,"column":44}},"13":{"start":{"line":17,"column":32},"end":{"line":17,"column":52}},"14":{"start":{"line":20,"column":24},"end":{"line":20,"column":54}},"15":{"start":{"line":22,"column":12},"end":{"line":24,"column":13}},"16":{"start":{"line":23,"column":16},"end":{"line":23,"column":71}},"17":{"start":{"line":26,"column":12},"end":{"line":29,"column":14}},"18":{"start":{"line":32,"column":8},"end":{"line":35,"column":11}},"19":{"start":{"line":41,"column":0},"end":{"line":62,"column":1}},"20":{"start":{"line":42,"column":4},"end":{"line":61,"column":5}},"21":{"start":{"line":43,"column":19},"end":{"line":43,"column":32}},"22":{"start":{"line":45,"column":20},"end":{"line":45,"column":46}},"23":{"start":{"line":47,"column":8},"end":{"line":53,"column":9}},"24":{"start":{"line":48,"column":12},"end":{"line":52,"column":14}},"25":{"start":{"line":54,"column":8},"end":{"line":54,"column":25}},"26":{"start":{"line":57,"column":8},"end":{"line":60,"column":11}},"27":{"start":{"line":64,"column":0},"end":{"line":85,"column":1}},"28":{"start":{"line":65,"column":4},"end":{"line":84,"column":5}},"29":{"start":{"line":66,"column":23},"end":{"line":66,"column":40}},"30":{"start":{"line":68,"column":20},"end":{"line":68,"column":56}},"31":{"start":{"line":70,"column":8},"end":{"line":76,"column":9}},"32":{"start":{"line":71,"column":12},"end":{"line":75,"column":14}},"33":{"start":{"line":77,"column":8},"end":{"line":77,"column":25}},"34":{"start":{"line":80,"column":8},"end":{"line":83,"column":11}},"35":{"start":{"line":87,"column":0},"end":{"line":104,"column":1}},"36":{"start":{"line":88,"column":4},"end":{"line":103,"column":5}},"37":{"start":{"line":89,"column":19},"end":{"line":89,"column":32}},"38":{"start":{"line":90,"column":20},"end":{"line":90,"column":65}},"39":{"start":{"line":92,"column":8},"end":{"line":94,"column":9}},"40":{"start":{"line":93,"column":12},"end":{"line":93,"column":81}},"41":{"start":{"line":95,"column":8},"end":{"line":95,"column":51}},"42":{"start":{"line":96,"column":8},"end":{"line":96,"column":15}},"43":{"start":{"line":99,"column":8},"end":{"line":102,"column":11}},"44":{"start":{"line":107,"column":0},"end":{"line":123,"column":1}},"45":{"start":{"line":108,"column":4},"end":{"line":122,"column":5}},"46":{"start":{"line":109,"column":19},"end":{"line":109,"column":32}},"47":{"start":{"line":111,"column":20},"end":{"line":111,"column":55}},"48":{"start":{"line":113,"column":8},"end":{"line":115,"column":9}},"49":{"start":{"line":114,"column":12},"end":{"line":114,"column":80}},"50":{"start":{"line":118,"column":8},"end":{"line":121,"column":11}}},"fnMap":{"0":{"name":"(anonymous_0)","decl":{"start":{"line":7,"column":22},"end":{"line":7,"column":23}},"loc":{"start":{"line":7,"column":47},"end":{"line":37,"column":1}},"line":7},"1":{"name":"(anonymous_1)","decl":{"start":{"line":41,"column":25},"end":{"line":41,"column":26}},"loc":{"start":{"line":41,"column":50},"end":{"line":62,"column":1}},"line":41},"2":{"name":"(anonymous_2)","decl":{"start":{"line":64,"column":29},"end":{"line":64,"column":30}},"loc":{"start":{"line":64,"column":54},"end":{"line":85,"column":1}},"line":64},"3":{"name":"(anonymous_3)","decl":{"start":{"line":87,"column":24},"end":{"line":87,"column":25}},"loc":{"start":{"line":87,"column":49},"end":{"line":104,"column":1}},"line":87},"4":{"name":"(anonymous_4)","decl":{"start":{"line":107,"column":24},"end":{"line":107,"column":25}},"loc":{"start":{"line":107,"column":49},"end":{"line":123,"column":1}},"line":107}},"branchMap":{"0":{"loc":{"start":{"line":22,"column":12},"end":{"line":24,"column":13}},"type":"if","locations":[{"start":{"line":22,"column":12},"end":{"line":24,"column":13}},{"start":{},"end":{}}],"line":22},"1":{"loc":{"start":{"line":47,"column":8},"end":{"line":53,"column":9}},"type":"if","locations":[{"start":{"line":47,"column":8},"end":{"line":53,"column":9}},{"start":{},"end":{}}],"line":47},"2":{"loc":{"start":{"line":70,"column":8},"end":{"line":76,"column":9}},"type":"if","locations":[{"start":{"line":70,"column":8},"end":{"line":76,"column":9}},{"start":{},"end":{}}],"line":70},"3":{"loc":{"start":{"line":92,"column":8},"end":{"line":94,"column":9}},"type":"if","locations":[{"start":{"line":92,"column":8},"end":{"line":94,"column":9}},{"start":{},"end":{}}],"line":92},"4":{"loc":{"start":{"line":113,"column":8},"end":{"line":115,"column":9}},"type":"if","locations":[{"start":{"line":113,"column":8},"end":{"line":115,"column":9}},{"start":{},"end":{}}],"line":113}},"s":{"0":1,"1":1,"2":1,"3":1,"4":0,"5":0,"6":0,"7":0,"8":0,"9":0,"10":0,"11":0,"12":0,"13":0,"14":0,"15":0,"16":0,"17":0,"18":0,"19":1,"20":0,"21":0,"22":0,"23":0,"24":0,"25":0,"26":0,"27":1,"28":0,"29":0,"30":0,"31":0,"32":0,"33":0,"34":0,"35":1,"36":0,"37":0,"38":0,"39":0,"40":0,"41":0,"42":0,"43":0,"44":1,"45":0,"46":0,"47":0,"48":0,"49":0,"50":0},"f":{"0":0,"1":0,"2":0,"3":0,"4":0},"b":{"0":[0,0],"1":[0,0],"2":[0,0],"3":[0,0],"4":[0,0]},"_coverageSchema":"1a1c01bbd47fc00a2c39e90264f33305004495a9","hash":"014aed50f3137f9c0435b70b54a3fabd0e91625a"}
,"C:\\Users\\sakib\\OneDrive\\Desktop\\Vitolic-API\\Controllers\\adminController.js": {"path":"C:\\Users\\sakib\\OneDrive\\Desktop\\Vitolic-API\\Controllers\\adminController.js","statementMap":{"0":{"start":{"line":1,"column":14},"end":{"line":1,"column":47}},"1":{"start":{"line":2,"column":13},"end":{"line":2,"column":43}},"2":{"start":{"line":3,"column":21},"end":{"line":3,"column":59}},"3":{"start":{"line":4,"column":17},"end":{"line":4,"column":50}},"4":{"start":{"line":5,"column":15},"end":{"line":5,"column":47}},"5":{"start":{"line":6,"column":18},"end":{"line":6,"column":52}},"6":{"start":{"line":7,"column":25},"end":{"line":7,"column":53}},"7":{"start":{"line":8,"column":27},"end":{"line":8,"column":55}},"8":{"start":{"line":9,"column":12},"end":{"line":9,"column":35}},"9":{"start":{"line":10,"column":15},"end":{"line":10,"column":34}},"10":{"start":{"line":15,"column":0},"end":{"line":54,"column":1}},"11":{"start":{"line":16,"column":18},"end":{"line":16,"column":32}},"12":{"start":{"line":17,"column":21},"end":{"line":17,"column":38}},"13":{"start":{"line":22,"column":4},"end":{"line":53,"column":6}},"14":{"start":{"line":24,"column":8},"end":{"line":28,"column":9}},"15":{"start":{"line":25,"column":26},"end":{"line":25,"column":54}},"16":{"start":{"line":26,"column":12},"end":{"line":26,"column":31}},"17":{"start":{"line":27,"column":12},"end":{"line":27,"column":24}},"18":{"start":{"line":30,"column":8},"end":{"line":30,"column":27}},"19":{"start":{"line":32,"column":8},"end":{"line":50,"column":11}},"20":{"start":{"line":34,"column":12},"end":{"line":38,"column":13}},"21":{"start":{"line":35,"column":29},"end":{"line":35,"column":63}},"22":{"start":{"line":36,"column":15},"end":{"line":36,"column":34}},"23":{"start":{"line":37,"column":15},"end":{"line":37,"column":27}},"24":{"start":{"line":40,"column":26},"end":{"line":43,"column":75}},"25":{"start":{"line":45,"column":12},"end":{"line":49,"column":14}},"26":{"start":{"line":52,"column":8},"end":{"line":52,"column":69}},"27":{"start":{"line":57,"column":0},"end":{"line":86,"column":1}},"28":{"start":{"line":58,"column":18},"end":{"line":58,"column":32}},"29":{"start":{"line":59,"column":21},"end":{"line":59,"column":38}},"30":{"start":{"line":61,"column":4},"end":{"line":85,"column":6}},"31":{"start":{"line":63,"column":8},"end":{"line":68,"column":9}},"32":{"start":{"line":64,"column":11},"end":{"line":67,"column":13}},"33":{"start":{"line":70,"column":8},"end":{"line":80,"column":10}},"34":{"start":{"line":72,"column":26},"end":{"line":75,"column":14}},"35":{"start":{"line":77,"column":12},"end":{"line":77,"column":32}},"36":{"start":{"line":79,"column":12},"end":{"line":79,"column":110}},"37":{"start":{"line":84,"column":4},"end":{"line":84,"column":67}},"38":{"start":{"line":91,"column":0},"end":{"line":103,"column":1}},"39":{"start":{"line":92,"column":21},"end":{"line":96,"column":6}},"40":{"start":{"line":97,"column":4},"end":{"line":102,"column":5}},"41":{"start":{"line":98,"column":26},"end":{"line":98,"column":56}},"42":{"start":{"line":99,"column":8},"end":{"line":99,"column":59}},"43":{"start":{"line":101,"column":8},"end":{"line":101,"column":62}},"44":{"start":{"line":105,"column":0},"end":{"line":126,"column":1}},"45":{"start":{"line":106,"column":21},"end":{"line":119,"column":5}},"46":{"start":{"line":120,"column":4},"end":{"line":125,"column":5}},"47":{"start":{"line":121,"column":33},"end":{"line":121,"column":71}},"48":{"start":{"line":122,"column":8},"end":{"line":122,"column":104}},"49":{"start":{"line":124,"column":8},"end":{"line":124,"column":62}},"50":{"start":{"line":129,"column":0},"end":{"line":150,"column":1}},"51":{"start":{"line":130,"column":21},"end":{"line":143,"column":5}},"52":{"start":{"line":144,"column":4},"end":{"line":149,"column":5}},"53":{"start":{"line":145,"column":41},"end":{"line":145,"column":79}},"54":{"start":{"line":146,"column":8},"end":{"line":146,"column":123}},"55":{"start":{"line":148,"column":8},"end":{"line":148,"column":62}},"56":{"start":{"line":153,"column":0},"end":{"line":169,"column":1}},"57":{"start":{"line":154,"column":21},"end":{"line":162,"column":5}},"58":{"start":{"line":163,"column":4},"end":{"line":168,"column":5}},"59":{"start":{"line":164,"column":40},"end":{"line":164,"column":73}},"60":{"start":{"line":165,"column":8},"end":{"line":165,"column":120}},"61":{"start":{"line":167,"column":8},"end":{"line":167,"column":62}},"62":{"start":{"line":171,"column":0},"end":{"line":184,"column":1}},"63":{"start":{"line":172,"column":21},"end":{"line":176,"column":6}},"64":{"start":{"line":177,"column":4},"end":{"line":183,"column":5}},"65":{"start":{"line":178,"column":28},"end":{"line":178,"column":60}},"66":{"start":{"line":180,"column":8},"end":{"line":180,"column":84}},"67":{"start":{"line":182,"column":8},"end":{"line":182,"column":62}},"68":{"start":{"line":186,"column":0},"end":{"line":213,"column":1}},"69":{"start":{"line":187,"column":21},"end":{"line":205,"column":5}},"70":{"start":{"line":206,"column":4},"end":{"line":212,"column":5}},"71":{"start":{"line":207,"column":25},"end":{"line":207,"column":59}},"72":{"start":{"line":209,"column":8},"end":{"line":209,"column":86}},"73":{"start":{"line":211,"column":8},"end":{"line":211,"column":62}},"74":{"start":{"line":216,"column":0},"end":{"line":243,"column":1}},"75":{"start":{"line":217,"column":21},"end":{"line":235,"column":5}},"76":{"start":{"line":236,"column":4},"end":{"line":242,"column":5}},"77":{"start":{"line":237,"column":25},"end":{"line":237,"column":59}},"78":{"start":{"line":239,"column":8},"end":{"line":239,"column":86}},"79":{"start":{"line":241,"column":8},"end":{"line":241,"column":62}}},"fnMap":{"0":{"name":"(anonymous_0)","decl":{"start":{"line":15,"column":20},"end":{"line":15,"column":21}},"loc":{"start":{"line":15,"column":40},"end":{"line":54,"column":1}},"line":15},"1":{"name":"(anonymous_1)","decl":{"start":{"line":23,"column":10},"end":{"line":23,"column":11}},"loc":{"start":{"line":23,"column":19},"end":{"line":51,"column":5}},"line":23},"2":{"name":"(anonymous_2)","decl":{"start":{"line":33,"column":14},"end":{"line":33,"column":15}},"loc":{"start":{"line":33,"column":25},"end":{"line":50,"column":9}},"line":33},"3":{"name":"(anonymous_3)","decl":{"start":{"line":51,"column":13},"end":{"line":51,"column":14}},"loc":{"start":{"line":51,"column":19},"end":{"line":53,"column":5}},"line":51},"4":{"name":"(anonymous_4)","decl":{"start":{"line":57,"column":21},"end":{"line":57,"column":22}},"loc":{"start":{"line":57,"column":41},"end":{"line":86,"column":1}},"line":57},"5":{"name":"(anonymous_5)","decl":{"start":{"line":62,"column":10},"end":{"line":62,"column":11}},"loc":{"start":{"line":62,"column":19},"end":{"line":81,"column":5}},"line":62},"6":{"name":"(anonymous_6)","decl":{"start":{"line":71,"column":14},"end":{"line":71,"column":15}},"loc":{"start":{"line":71,"column":35},"end":{"line":78,"column":9}},"line":71},"7":{"name":"(anonymous_7)","decl":{"start":{"line":78,"column":16},"end":{"line":78,"column":17}},"loc":{"start":{"line":78,"column":28},"end":{"line":80,"column":9}},"line":78},"8":{"name":"(anonymous_8)","decl":{"start":{"line":83,"column":11},"end":{"line":83,"column":12}},"loc":{"start":{"line":83,"column":17},"end":{"line":85,"column":5}},"line":83},"9":{"name":"(anonymous_9)","decl":{"start":{"line":91,"column":20},"end":{"line":91,"column":21}},"loc":{"start":{"line":91,"column":38},"end":{"line":103,"column":1}},"line":91},"10":{"name":"(anonymous_10)","decl":{"start":{"line":105,"column":27},"end":{"line":105,"column":28}},"loc":{"start":{"line":105,"column":45},"end":{"line":126,"column":1}},"line":105},"11":{"name":"(anonymous_11)","decl":{"start":{"line":129,"column":30},"end":{"line":129,"column":31}},"loc":{"start":{"line":129,"column":48},"end":{"line":150,"column":1}},"line":129},"12":{"name":"(anonymous_12)","decl":{"start":{"line":153,"column":29},"end":{"line":153,"column":30}},"loc":{"start":{"line":153,"column":47},"end":{"line":169,"column":1}},"line":153},"13":{"name":"(anonymous_13)","decl":{"start":{"line":171,"column":22},"end":{"line":171,"column":23}},"loc":{"start":{"line":171,"column":40},"end":{"line":184,"column":1}},"line":171},"14":{"name":"(anonymous_14)","decl":{"start":{"line":186,"column":26},"end":{"line":186,"column":27}},"loc":{"start":{"line":186,"column":44},"end":{"line":213,"column":1}},"line":186},"15":{"name":"(anonymous_15)","decl":{"start":{"line":216,"column":26},"end":{"line":216,"column":27}},"loc":{"start":{"line":216,"column":44},"end":{"line":243,"column":1}},"line":216}},"branchMap":{"0":{"loc":{"start":{"line":24,"column":8},"end":{"line":28,"column":9}},"type":"if","locations":[{"start":{"line":24,"column":8},"end":{"line":28,"column":9}},{"start":{},"end":{}}],"line":24},"1":{"loc":{"start":{"line":34,"column":12},"end":{"line":38,"column":13}},"type":"if","locations":[{"start":{"line":34,"column":12},"end":{"line":38,"column":13}},{"start":{},"end":{}}],"line":34},"2":{"loc":{"start":{"line":63,"column":8},"end":{"line":68,"column":9}},"type":"if","locations":[{"start":{"line":63,"column":8},"end":{"line":68,"column":9}},{"start":{},"end":{}}],"line":63}},"s":{"0":1,"1":1,"2":1,"3":1,"4":1,"5":1,"6":1,"7":1,"8":1,"9":1,"10":1,"11":0,"12":0,"13":0,"14":0,"15":0,"16":0,"17":0,"18":0,"19":0,"20":0,"21":0,"22":0,"23":0,"24":0,"25":0,"26":0,"27":1,"28":0,"29":0,"30":0,"31":0,"32":0,"33":0,"34":0,"35":0,"36":0,"37":0,"38":1,"39":0,"40":0,"41":0,"42":0,"43":0,"44":1,"45":0,"46":0,"47":0,"48":0,"49":0,"50":1,"51":0,"52":0,"53":0,"54":0,"55":0,"56":1,"57":0,"58":0,"59":0,"60":0,"61":0,"62":1,"63":0,"64":0,"65":0,"66":0,"67":0,"68":1,"69":0,"70":0,"71":0,"72":0,"73":0,"74":1,"75":0,"76":0,"77":0,"78":0,"79":0},"f":{"0":0,"1":0,"2":0,"3":0,"4":0,"5":0,"6":0,"7":0,"8":0,"9":0,"10":0,"11":0,"12":0,"13":0,"14":0,"15":0},"b":{"0":[0,0],"1":[0,0],"2":[0,0]},"_coverageSchema":"1a1c01bbd47fc00a2c39e90264f33305004495a9","hash":"da23db84c4c51288ec1637e7bfa59040f767dc41"}
,"C:\\Users\\sakib\\OneDrive\\Desktop\\Vitolic-API\\Controllers\\bannerController.js": {"path":"C:\\Users\\sakib\\OneDrive\\Desktop\\Vitolic-API\\Controllers\\bannerController.js","statementMap":{"0":{"start":{"line":1,"column":15},"end":{"line":1,"column":49}},"1":{"start":{"line":2,"column":11},"end":{"line":2,"column":31}},"2":{"start":{"line":4,"column":0},"end":{"line":28,"column":1}},"3":{"start":{"line":6,"column":4},"end":{"line":8,"column":5}},"4":{"start":{"line":7,"column":8},"end":{"line":7,"column":60}},"5":{"start":{"line":10,"column":4},"end":{"line":10,"column":26}},"6":{"start":{"line":11,"column":21},"end":{"line":11,"column":54}},"7":{"start":{"line":12,"column":4},"end":{"line":12,"column":26}},"8":{"start":{"line":14,"column":17},"end":{"line":16,"column":6}},"9":{"start":{"line":18,"column":4},"end":{"line":25,"column":6}},"10":{"start":{"line":21,"column":8},"end":{"line":21,"column":54}},"11":{"start":{"line":23,"column":8},"end":{"line":23,"column":49}},"12":{"start":{"line":29,"column":0},"end":{"line":52,"column":1}},"13":{"start":{"line":41,"column":4},"end":{"line":51,"column":6}},"14":{"start":{"line":42,"column":23},"end":{"line":42,"column":44}},"15":{"start":{"line":44,"column":9},"end":{"line":48,"column":10}},"16":{"start":{"line":45,"column":13},"end":{"line":45,"column":106}},"17":{"start":{"line":46,"column":13},"end":{"line":46,"column":51}},"18":{"start":{"line":50,"column":9},"end":{"line":50,"column":56}},"19":{"start":{"line":54,"column":0},"end":{"line":65,"column":1}},"20":{"start":{"line":55,"column":4},"end":{"line":64,"column":5}},"21":{"start":{"line":56,"column":21},"end":{"line":56,"column":57}},"22":{"start":{"line":57,"column":8},"end":{"line":59,"column":9}},"23":{"start":{"line":58,"column":12},"end":{"line":58,"column":45}},"24":{"start":{"line":62,"column":8},"end":{"line":62,"column":60}},"25":{"start":{"line":68,"column":0},"end":{"line":93,"column":1}},"26":{"start":{"line":69,"column":4},"end":{"line":92,"column":5}},"27":{"start":{"line":70,"column":8},"end":{"line":72,"column":9}},"28":{"start":{"line":71,"column":12},"end":{"line":71,"column":64}},"29":{"start":{"line":74,"column":8},"end":{"line":74,"column":30}},"30":{"start":{"line":75,"column":25},"end":{"line":75,"column":58}},"31":{"start":{"line":76,"column":8},"end":{"line":76,"column":30}},"32":{"start":{"line":78,"column":21},"end":{"line":80,"column":10}},"33":{"start":{"line":81,"column":8},"end":{"line":88,"column":9}},"34":{"start":{"line":82,"column":8},"end":{"line":82,"column":46}},"35":{"start":{"line":84,"column":12},"end":{"line":87,"column":14}},"36":{"start":{"line":90,"column":8},"end":{"line":90,"column":60}},"37":{"start":{"line":95,"column":0},"end":{"line":107,"column":1}},"38":{"start":{"line":96,"column":4},"end":{"line":106,"column":5}},"39":{"start":{"line":97,"column":21},"end":{"line":97,"column":66}},"40":{"start":{"line":98,"column":8},"end":{"line":102,"column":9}},"41":{"start":{"line":99,"column":8},"end":{"line":99,"column":46}},"42":{"start":{"line":101,"column":12},"end":{"line":101,"column":64}},"43":{"start":{"line":104,"column":8},"end":{"line":104,"column":60}}},"fnMap":{"0":{"name":"(anonymous_0)","decl":{"start":{"line":4,"column":23},"end":{"line":4,"column":24}},"loc":{"start":{"line":4,"column":49},"end":{"line":28,"column":1}},"line":4},"1":{"name":"(anonymous_1)","decl":{"start":{"line":18,"column":23},"end":{"line":18,"column":24}},"loc":{"start":{"line":18,"column":35},"end":{"line":22,"column":5}},"line":18},"2":{"name":"(anonymous_2)","decl":{"start":{"line":22,"column":13},"end":{"line":22,"column":14}},"loc":{"start":{"line":22,"column":22},"end":{"line":25,"column":5}},"line":22},"3":{"name":"(anonymous_3)","decl":{"start":{"line":29,"column":21},"end":{"line":29,"column":22}},"loc":{"start":{"line":29,"column":47},"end":{"line":52,"column":1}},"line":29},"4":{"name":"(anonymous_4)","decl":{"start":{"line":54,"column":24},"end":{"line":54,"column":25}},"loc":{"start":{"line":54,"column":50},"end":{"line":65,"column":1}},"line":54},"5":{"name":"(anonymous_5)","decl":{"start":{"line":68,"column":23},"end":{"line":68,"column":24}},"loc":{"start":{"line":68,"column":49},"end":{"line":93,"column":1}},"line":68},"6":{"name":"(anonymous_6)","decl":{"start":{"line":95,"column":23},"end":{"line":95,"column":24}},"loc":{"start":{"line":95,"column":49},"end":{"line":107,"column":1}},"line":95}},"branchMap":{"0":{"loc":{"start":{"line":6,"column":4},"end":{"line":8,"column":5}},"type":"if","locations":[{"start":{"line":6,"column":4},"end":{"line":8,"column":5}},{"start":{},"end":{}}],"line":6},"1":{"loc":{"start":{"line":44,"column":9},"end":{"line":48,"column":10}},"type":"if","locations":[{"start":{"line":44,"column":9},"end":{"line":48,"column":10}},{"start":{},"end":{}}],"line":44},"2":{"loc":{"start":{"line":57,"column":8},"end":{"line":59,"column":9}},"type":"if","locations":[{"start":{"line":57,"column":8},"end":{"line":59,"column":9}},{"start":{},"end":{}}],"line":57},"3":{"loc":{"start":{"line":70,"column":8},"end":{"line":72,"column":9}},"type":"if","locations":[{"start":{"line":70,"column":8},"end":{"line":72,"column":9}},{"start":{},"end":{}}],"line":70},"4":{"loc":{"start":{"line":81,"column":8},"end":{"line":88,"column":9}},"type":"if","locations":[{"start":{"line":81,"column":8},"end":{"line":88,"column":9}},{"start":{},"end":{}}],"line":81},"5":{"loc":{"start":{"line":98,"column":8},"end":{"line":102,"column":9}},"type":"if","locations":[{"start":{"line":98,"column":8},"end":{"line":102,"column":9}},{"start":{},"end":{}}],"line":98}},"s":{"0":1,"1":1,"2":1,"3":0,"4":0,"5":0,"6":0,"7":0,"8":0,"9":0,"10":0,"11":0,"12":1,"13":0,"14":0,"15":0,"16":0,"17":0,"18":0,"19":1,"20":0,"21":0,"22":0,"23":0,"24":0,"25":1,"26":0,"27":0,"28":0,"29":0,"30":0,"31":0,"32":0,"33":0,"34":0,"35":0,"36":0,"37":1,"38":0,"39":0,"40":0,"41":0,"42":0,"43":0},"f":{"0":0,"1":0,"2":0,"3":0,"4":0,"5":0,"6":0},"b":{"0":[0,0],"1":[0,0],"2":[0,0],"3":[0,0],"4":[0,0],"5":[0,0]},"_coverageSchema":"1a1c01bbd47fc00a2c39e90264f33305004495a9","hash":"093c032163a68b3894aa4dcd8d0bd26e80698ad1"}
,"C:\\Users\\sakib\\OneDrive\\Desktop\\Vitolic-API\\Controllers\\billingController.js": {"path":"C:\\Users\\sakib\\OneDrive\\Desktop\\Vitolic-API\\Controllers\\billingController.js","statementMap":{"0":{"start":{"line":1,"column":13},"end":{"line":1,"column":48}},"1":{"start":{"line":2,"column":11},"end":{"line":2,"column":31}},"2":{"start":{"line":5,"column":0},"end":{"line":37,"column":1}},"3":{"start":{"line":6,"column":4},"end":{"line":36,"column":5}},"4":{"start":{"line":7,"column":21},"end":{"line":23,"column":12}},"5":{"start":{"line":25,"column":10},"end":{"line":30,"column":11}},"6":{"start":{"line":26,"column":12},"end":{"line":29,"column":14}},"7":{"start":{"line":32,"column":8},"end":{"line":35,"column":10}},"8":{"start":{"line":39,"column":0},"end":{"line":71,"column":1}},"9":{"start":{"line":40,"column":4},"end":{"line":70,"column":5}},"10":{"start":{"line":41,"column":21},"end":{"line":57,"column":12}},"11":{"start":{"line":59,"column":10},"end":{"line":64,"column":11}},"12":{"start":{"line":60,"column":12},"end":{"line":63,"column":14}},"13":{"start":{"line":66,"column":8},"end":{"line":69,"column":10}},"14":{"start":{"line":72,"column":0},"end":{"line":101,"column":2}},"15":{"start":{"line":75,"column":19},"end":{"line":75,"column":34}},"16":{"start":{"line":76,"column":20},"end":{"line":76,"column":36}},"17":{"start":{"line":77,"column":26},"end":{"line":77,"column":48}},"18":{"start":{"line":80,"column":17},"end":{"line":85,"column":6}},"19":{"start":{"line":86,"column":4},"end":{"line":100,"column":6}},"20":{"start":{"line":87,"column":8},"end":{"line":87,"column":37}},"21":{"start":{"line":89,"column":8},"end":{"line":92,"column":11}},"22":{"start":{"line":93,"column":8},"end":{"line":93,"column":67}},"23":{"start":{"line":96,"column":8},"end":{"line":99,"column":10}},"24":{"start":{"line":103,"column":0},"end":{"line":124,"column":1}},"25":{"start":{"line":104,"column":4},"end":{"line":115,"column":5}},"26":{"start":{"line":105,"column":21},"end":{"line":105,"column":106}},"27":{"start":{"line":107,"column":8},"end":{"line":112,"column":9}},"28":{"start":{"line":109,"column":12},"end":{"line":109,"column":100}},"29":{"start":{"line":110,"column":12},"end":{"line":110,"column":46}},"30":{"start":{"line":114,"column":8},"end":{"line":114,"column":57}},"31":{"start":{"line":126,"column":0},"end":{"line":138,"column":1}},"32":{"start":{"line":127,"column":4},"end":{"line":137,"column":5}},"33":{"start":{"line":128,"column":19},"end":{"line":128,"column":32}},"34":{"start":{"line":130,"column":21},"end":{"line":130,"column":85}},"35":{"start":{"line":132,"column":8},"end":{"line":134,"column":9}},"36":{"start":{"line":133,"column":12},"end":{"line":133,"column":65}},"37":{"start":{"line":136,"column":8},"end":{"line":136,"column":74}},"38":{"start":{"line":140,"column":0},"end":{"line":152,"column":1}},"39":{"start":{"line":141,"column":4},"end":{"line":151,"column":5}},"40":{"start":{"line":142,"column":19},"end":{"line":142,"column":32}},"41":{"start":{"line":144,"column":21},"end":{"line":144,"column":114}},"42":{"start":{"line":146,"column":8},"end":{"line":148,"column":9}},"43":{"start":{"line":147,"column":12},"end":{"line":147,"column":65}},"44":{"start":{"line":150,"column":8},"end":{"line":150,"column":74}},"45":{"start":{"line":154,"column":0},"end":{"line":166,"column":1}},"46":{"start":{"line":155,"column":4},"end":{"line":165,"column":5}},"47":{"start":{"line":156,"column":19},"end":{"line":156,"column":43}},"48":{"start":{"line":158,"column":21},"end":{"line":158,"column":59}},"49":{"start":{"line":160,"column":8},"end":{"line":162,"column":9}},"50":{"start":{"line":161,"column":12},"end":{"line":161,"column":65}},"51":{"start":{"line":164,"column":8},"end":{"line":164,"column":74}},"52":{"start":{"line":168,"column":0},"end":{"line":185,"column":1}},"53":{"start":{"line":169,"column":4},"end":{"line":184,"column":5}},"54":{"start":{"line":171,"column":24},"end":{"line":171,"column":42}},"55":{"start":{"line":172,"column":22},"end":{"line":172,"column":38}},"56":{"start":{"line":174,"column":21},"end":{"line":174,"column":89}},"57":{"start":{"line":176,"column":8},"end":{"line":181,"column":9}},"58":{"start":{"line":178,"column":12},"end":{"line":178,"column":120}},"59":{"start":{"line":179,"column":12},"end":{"line":179,"column":46}},"60":{"start":{"line":183,"column":8},"end":{"line":183,"column":57}},"61":{"start":{"line":187,"column":0},"end":{"line":206,"column":1}},"62":{"start":{"line":188,"column":4},"end":{"line":205,"column":5}},"63":{"start":{"line":191,"column":21},"end":{"line":195,"column":10}},"64":{"start":{"line":197,"column":8},"end":{"line":202,"column":9}},"65":{"start":{"line":199,"column":12},"end":{"line":199,"column":120}},"66":{"start":{"line":200,"column":12},"end":{"line":200,"column":46}},"67":{"start":{"line":204,"column":8},"end":{"line":204,"column":57}},"68":{"start":{"line":208,"column":0},"end":{"line":227,"column":1}},"69":{"start":{"line":209,"column":4},"end":{"line":226,"column":5}},"70":{"start":{"line":212,"column":21},"end":{"line":216,"column":10}},"71":{"start":{"line":218,"column":8},"end":{"line":223,"column":9}},"72":{"start":{"line":220,"column":12},"end":{"line":220,"column":120}},"73":{"start":{"line":221,"column":12},"end":{"line":221,"column":46}},"74":{"start":{"line":225,"column":8},"end":{"line":225,"column":57}}},"fnMap":{"0":{"name":"(anonymous_0)","decl":{"start":{"line":5,"column":26},"end":{"line":5,"column":27}},"loc":{"start":{"line":5,"column":50},"end":{"line":37,"column":1}},"line":5},"1":{"name":"(anonymous_1)","decl":{"start":{"line":39,"column":25},"end":{"line":39,"column":26}},"loc":{"start":{"line":39,"column":49},"end":{"line":71,"column":1}},"line":39},"2":{"name":"(anonymous_2)","decl":{"start":{"line":72,"column":19},"end":{"line":72,"column":20}},"loc":{"start":{"line":72,"column":45},"end":{"line":101,"column":1}},"line":72},"3":{"name":"(anonymous_3)","decl":{"start":{"line":86,"column":21},"end":{"line":86,"column":22}},"loc":{"start":{"line":86,"column":33},"end":{"line":95,"column":5}},"line":86},"4":{"name":"(anonymous_4)","decl":{"start":{"line":95,"column":13},"end":{"line":95,"column":14}},"loc":{"start":{"line":95,"column":22},"end":{"line":100,"column":5}},"line":95},"5":{"name":"(anonymous_5)","decl":{"start":{"line":103,"column":18},"end":{"line":103,"column":19}},"loc":{"start":{"line":103,"column":44},"end":{"line":124,"column":1}},"line":103},"6":{"name":"(anonymous_6)","decl":{"start":{"line":126,"column":22},"end":{"line":126,"column":23}},"loc":{"start":{"line":126,"column":48},"end":{"line":138,"column":1}},"line":126},"7":{"name":"(anonymous_7)","decl":{"start":{"line":140,"column":26},"end":{"line":140,"column":27}},"loc":{"start":{"line":140,"column":52},"end":{"line":152,"column":1}},"line":140},"8":{"name":"(anonymous_8)","decl":{"start":{"line":154,"column":27},"end":{"line":154,"column":28}},"loc":{"start":{"line":154,"column":53},"end":{"line":166,"column":1}},"line":154},"9":{"name":"(anonymous_9)","decl":{"start":{"line":168,"column":24},"end":{"line":168,"column":25}},"loc":{"start":{"line":168,"column":50},"end":{"line":185,"column":1}},"line":168},"10":{"name":"(anonymous_10)","decl":{"start":{"line":187,"column":24},"end":{"line":187,"column":25}},"loc":{"start":{"line":187,"column":50},"end":{"line":206,"column":1}},"line":187},"11":{"name":"(anonymous_11)","decl":{"start":{"line":208,"column":25},"end":{"line":208,"column":26}},"loc":{"start":{"line":208,"column":51},"end":{"line":227,"column":1}},"line":208}},"branchMap":{"0":{"loc":{"start":{"line":25,"column":10},"end":{"line":30,"column":11}},"type":"if","locations":[{"start":{"line":25,"column":10},"end":{"line":30,"column":11}},{"start":{},"end":{}}],"line":25},"1":{"loc":{"start":{"line":59,"column":10},"end":{"line":64,"column":11}},"type":"if","locations":[{"start":{"line":59,"column":10},"end":{"line":64,"column":11}},{"start":{},"end":{}}],"line":59},"2":{"loc":{"start":{"line":107,"column":8},"end":{"line":112,"column":9}},"type":"if","locations":[{"start":{"line":107,"column":8},"end":{"line":112,"column":9}},{"start":{},"end":{}}],"line":107},"3":{"loc":{"start":{"line":132,"column":8},"end":{"line":134,"column":9}},"type":"if","locations":[{"start":{"line":132,"column":8},"end":{"line":134,"column":9}},{"start":{},"end":{}}],"line":132},"4":{"loc":{"start":{"line":146,"column":8},"end":{"line":148,"column":9}},"type":"if","locations":[{"start":{"line":146,"column":8},"end":{"line":148,"column":9}},{"start":{},"end":{}}],"line":146},"5":{"loc":{"start":{"line":160,"column":8},"end":{"line":162,"column":9}},"type":"if","locations":[{"start":{"line":160,"column":8},"end":{"line":162,"column":9}},{"start":{},"end":{}}],"line":160},"6":{"loc":{"start":{"line":176,"column":8},"end":{"line":181,"column":9}},"type":"if","locations":[{"start":{"line":176,"column":8},"end":{"line":181,"column":9}},{"start":{},"end":{}}],"line":176},"7":{"loc":{"start":{"line":197,"column":8},"end":{"line":202,"column":9}},"type":"if","locations":[{"start":{"line":197,"column":8},"end":{"line":202,"column":9}},{"start":{},"end":{}}],"line":197},"8":{"loc":{"start":{"line":218,"column":8},"end":{"line":223,"column":9}},"type":"if","locations":[{"start":{"line":218,"column":8},"end":{"line":223,"column":9}},{"start":{},"end":{}}],"line":218}},"s":{"0":1,"1":1,"2":1,"3":0,"4":0,"5":0,"6":0,"7":0,"8":1,"9":0,"10":0,"11":0,"12":0,"13":0,"14":1,"15":0,"16":0,"17":0,"18":0,"19":0,"20":0,"21":0,"22":0,"23":0,"24":1,"25":0,"26":0,"27":0,"28":0,"29":0,"30":0,"31":1,"32":0,"33":0,"34":0,"35":0,"36":0,"37":0,"38":1,"39":0,"40":0,"41":0,"42":0,"43":0,"44":0,"45":1,"46":0,"47":0,"48":0,"49":0,"50":0,"51":0,"52":1,"53":0,"54":0,"55":0,"56":0,"57":0,"58":0,"59":0,"60":0,"61":1,"62":0,"63":0,"64":0,"65":0,"66":0,"67":0,"68":1,"69":0,"70":0,"71":0,"72":0,"73":0,"74":0},"f":{"0":0,"1":0,"2":0,"3":0,"4":0,"5":0,"6":0,"7":0,"8":0,"9":0,"10":0,"11":0},"b":{"0":[0,0],"1":[0,0],"2":[0,0],"3":[0,0],"4":[0,0],"5":[0,0],"6":[0,0],"7":[0,0],"8":[0,0]},"_coverageSchema":"1a1c01bbd47fc00a2c39e90264f33305004495a9","hash":"2c01acf217363a27ceedb95d62e4e065a9076b2a"}
,"C:\\Users\\sakib\\OneDrive\\Desktop\\Vitolic-API\\Controllers\\cityController.js": {"path":"C:\\Users\\sakib\\OneDrive\\Desktop\\Vitolic-API\\Controllers\\cityController.js","statementMap":{"0":{"start":{"line":1,"column":13},"end":{"line":1,"column":43}},"1":{"start":{"line":3,"column":0},"end":{"line":13,"column":1}},"2":{"start":{"line":4,"column":4},"end":{"line":12,"column":5}},"3":{"start":{"line":5,"column":19},"end":{"line":5,"column":46}},"4":{"start":{"line":7,"column":8},"end":{"line":9,"column":9}},"5":{"start":{"line":8,"column":12},"end":{"line":8,"column":57}},"6":{"start":{"line":11,"column":8},"end":{"line":11,"column":94}},"7":{"start":{"line":15,"column":0},"end":{"line":27,"column":1}},"8":{"start":{"line":16,"column":4},"end":{"line":26,"column":5}},"9":{"start":{"line":18,"column":19},"end":{"line":18,"column":38}},"10":{"start":{"line":19,"column":8},"end":{"line":22,"column":9}},"11":{"start":{"line":20,"column":12},"end":{"line":20,"column":77}},"12":{"start":{"line":25,"column":8},"end":{"line":25,"column":94}},"13":{"start":{"line":30,"column":0},"end":{"line":41,"column":1}},"14":{"start":{"line":31,"column":4},"end":{"line":40,"column":5}},"15":{"start":{"line":32,"column":19},"end":{"line":32,"column":32}},"16":{"start":{"line":33,"column":19},"end":{"line":33,"column":42}},"17":{"start":{"line":34,"column":8},"end":{"line":37,"column":9}},"18":{"start":{"line":35,"column":12},"end":{"line":35,"column":57}},"19":{"start":{"line":39,"column":8},"end":{"line":39,"column":94}},"20":{"start":{"line":43,"column":0},"end":{"line":56,"column":1}},"21":{"start":{"line":44,"column":4},"end":{"line":55,"column":5}},"22":{"start":{"line":45,"column":19},"end":{"line":45,"column":32}},"23":{"start":{"line":46,"column":19},"end":{"line":46,"column":61}},"24":{"start":{"line":48,"column":8},"end":{"line":51,"column":9}},"25":{"start":{"line":49,"column":12},"end":{"line":49,"column":76}},"26":{"start":{"line":54,"column":8},"end":{"line":54,"column":94}},"27":{"start":{"line":58,"column":0},"end":{"line":71,"column":1}},"28":{"start":{"line":59,"column":4},"end":{"line":70,"column":5}},"29":{"start":{"line":60,"column":19},"end":{"line":60,"column":32}},"30":{"start":{"line":61,"column":19},"end":{"line":61,"column":51}},"31":{"start":{"line":63,"column":8},"end":{"line":66,"column":9}},"32":{"start":{"line":64,"column":12},"end":{"line":64,"column":76}},"33":{"start":{"line":69,"column":8},"end":{"line":69,"column":94}}},"fnMap":{"0":{"name":"(anonymous_0)","decl":{"start":{"line":3,"column":21},"end":{"line":3,"column":22}},"loc":{"start":{"line":3,"column":47},"end":{"line":13,"column":1}},"line":3},"1":{"name":"(anonymous_1)","decl":{"start":{"line":15,"column":18},"end":{"line":15,"column":19}},"loc":{"start":{"line":15,"column":44},"end":{"line":27,"column":1}},"line":15},"2":{"name":"(anonymous_2)","decl":{"start":{"line":30,"column":22},"end":{"line":30,"column":23}},"loc":{"start":{"line":30,"column":48},"end":{"line":41,"column":1}},"line":30},"3":{"name":"(anonymous_3)","decl":{"start":{"line":43,"column":21},"end":{"line":43,"column":22}},"loc":{"start":{"line":43,"column":47},"end":{"line":56,"column":1}},"line":43},"4":{"name":"(anonymous_4)","decl":{"start":{"line":58,"column":21},"end":{"line":58,"column":22}},"loc":{"start":{"line":58,"column":47},"end":{"line":71,"column":1}},"line":58}},"branchMap":{"0":{"loc":{"start":{"line":7,"column":8},"end":{"line":9,"column":9}},"type":"if","locations":[{"start":{"line":7,"column":8},"end":{"line":9,"column":9}},{"start":{},"end":{}}],"line":7},"1":{"loc":{"start":{"line":19,"column":8},"end":{"line":22,"column":9}},"type":"if","locations":[{"start":{"line":19,"column":8},"end":{"line":22,"column":9}},{"start":{},"end":{}}],"line":19},"2":{"loc":{"start":{"line":34,"column":8},"end":{"line":37,"column":9}},"type":"if","locations":[{"start":{"line":34,"column":8},"end":{"line":37,"column":9}},{"start":{},"end":{}}],"line":34},"3":{"loc":{"start":{"line":48,"column":8},"end":{"line":51,"column":9}},"type":"if","locations":[{"start":{"line":48,"column":8},"end":{"line":51,"column":9}},{"start":{},"end":{}}],"line":48},"4":{"loc":{"start":{"line":63,"column":8},"end":{"line":66,"column":9}},"type":"if","locations":[{"start":{"line":63,"column":8},"end":{"line":66,"column":9}},{"start":{},"end":{}}],"line":63}},"s":{"0":1,"1":1,"2":0,"3":0,"4":0,"5":0,"6":0,"7":1,"8":0,"9":0,"10":0,"11":0,"12":0,"13":1,"14":0,"15":0,"16":0,"17":0,"18":0,"19":0,"20":1,"21":0,"22":0,"23":0,"24":0,"25":0,"26":0,"27":1,"28":0,"29":0,"30":0,"31":0,"32":0,"33":0},"f":{"0":0,"1":0,"2":0,"3":0,"4":0},"b":{"0":[0,0],"1":[0,0],"2":[0,0],"3":[0,0],"4":[0,0]},"_coverageSchema":"1a1c01bbd47fc00a2c39e90264f33305004495a9","hash":"b2561092c6ebfa95f9eeb71839054fcb7e57b72b"}
,"C:\\Users\\sakib\\OneDrive\\Desktop\\Vitolic-API\\Controllers\\dashboardController.js": {"path":"C:\\Users\\sakib\\OneDrive\\Desktop\\Vitolic-API\\Controllers\\dashboardController.js","statementMap":{"0":{"start":{"line":1,"column":18},"end":{"line":1,"column":49}},"1":{"start":{"line":2,"column":13},"end":{"line":2,"column":43}},"2":{"start":{"line":3,"column":12},"end":{"line":3,"column":49}},"3":{"start":{"line":4,"column":16},"end":{"line":4,"column":49}},"4":{"start":{"line":5,"column":26},"end":{"line":5,"column":66}},"5":{"start":{"line":6,"column":11},"end":{"line":6,"column":31}},"6":{"start":{"line":9,"column":0},"end":{"line":31,"column":1}},"7":{"start":{"line":10,"column":4},"end":{"line":30,"column":5}},"8":{"start":{"line":11,"column":19},"end":{"line":11,"column":63}},"9":{"start":{"line":13,"column":8},"end":{"line":24,"column":9}},"10":{"start":{"line":14,"column":12},"end":{"line":17,"column":14}},"11":{"start":{"line":19,"column":12},"end":{"line":22,"column":14}},"12":{"start":{"line":27,"column":8},"end":{"line":29,"column":10}},"13":{"start":{"line":32,"column":0},"end":{"line":53,"column":1}},"14":{"start":{"line":33,"column":4},"end":{"line":52,"column":5}},"15":{"start":{"line":34,"column":10},"end":{"line":34,"column":78}},"16":{"start":{"line":37,"column":8},"end":{"line":47,"column":9}},"17":{"start":{"line":38,"column":12},"end":{"line":41,"column":14}},"18":{"start":{"line":44,"column":12},"end":{"line":46,"column":14}},"19":{"start":{"line":49,"column":8},"end":{"line":51,"column":10}},"20":{"start":{"line":54,"column":0},"end":{"line":75,"column":1}},"21":{"start":{"line":55,"column":4},"end":{"line":74,"column":5}},"22":{"start":{"line":56,"column":10},"end":{"line":56,"column":82}},"23":{"start":{"line":59,"column":8},"end":{"line":69,"column":9}},"24":{"start":{"line":60,"column":12},"end":{"line":63,"column":14}},"25":{"start":{"line":66,"column":12},"end":{"line":68,"column":14}},"26":{"start":{"line":71,"column":8},"end":{"line":73,"column":10}},"27":{"start":{"line":76,"column":0},"end":{"line":98,"column":1}},"28":{"start":{"line":77,"column":4},"end":{"line":97,"column":5}},"29":{"start":{"line":78,"column":10},"end":{"line":78,"column":79}},"30":{"start":{"line":81,"column":8},"end":{"line":92,"column":9}},"31":{"start":{"line":82,"column":12},"end":{"line":85,"column":14}},"32":{"start":{"line":89,"column":12},"end":{"line":91,"column":14}},"33":{"start":{"line":94,"column":8},"end":{"line":96,"column":10}},"34":{"start":{"line":101,"column":0},"end":{"line":122,"column":1}},"35":{"start":{"line":102,"column":4},"end":{"line":121,"column":5}},"36":{"start":{"line":103,"column":10},"end":{"line":103,"column":81}},"37":{"start":{"line":106,"column":8},"end":{"line":116,"column":9}},"38":{"start":{"line":107,"column":12},"end":{"line":110,"column":14}},"39":{"start":{"line":113,"column":12},"end":{"line":115,"column":14}},"40":{"start":{"line":118,"column":8},"end":{"line":120,"column":10}},"41":{"start":{"line":123,"column":0},"end":{"line":164,"column":1}},"42":{"start":{"line":151,"column":4},"end":{"line":163,"column":5}},"43":{"start":{"line":152,"column":22},"end":{"line":152,"column":62}},"44":{"start":{"line":154,"column":8},"end":{"line":159,"column":9}},"45":{"start":{"line":155,"column":12},"end":{"line":158,"column":14}},"46":{"start":{"line":161,"column":8},"end":{"line":161,"column":63}},"47":{"start":{"line":166,"column":0},"end":{"line":195,"column":1}},"48":{"start":{"line":180,"column":4},"end":{"line":193,"column":5}},"49":{"start":{"line":182,"column":20},"end":{"line":182,"column":38}},"50":{"start":{"line":184,"column":8},"end":{"line":189,"column":9}},"51":{"start":{"line":185,"column":12},"end":{"line":188,"column":14}},"52":{"start":{"line":191,"column":8},"end":{"line":191,"column":86}},"53":{"start":{"line":197,"column":0},"end":{"line":221,"column":1}},"54":{"start":{"line":198,"column":4},"end":{"line":220,"column":5}},"55":{"start":{"line":200,"column":21},"end":{"line":200,"column":90}},"56":{"start":{"line":201,"column":30},"end":{"line":201,"column":34}},"57":{"start":{"line":202,"column":8},"end":{"line":202,"column":32}},"58":{"start":{"line":204,"column":8},"end":{"line":214,"column":9}},"59":{"start":{"line":206,"column":12},"end":{"line":213,"column":13}},"60":{"start":{"line":208,"column":16},"end":{"line":211,"column":18}},"61":{"start":{"line":212,"column":16},"end":{"line":212,"column":23}},"62":{"start":{"line":216,"column":8},"end":{"line":219,"column":10}},"63":{"start":{"line":223,"column":0},"end":{"line":245,"column":1}},"64":{"start":{"line":224,"column":4},"end":{"line":244,"column":5}},"65":{"start":{"line":226,"column":21},"end":{"line":226,"column":43}},"66":{"start":{"line":228,"column":8},"end":{"line":237,"column":9}},"67":{"start":{"line":229,"column":12},"end":{"line":236,"column":20}},"68":{"start":{"line":233,"column":32},"end":{"line":236,"column":18}},"69":{"start":{"line":240,"column":8},"end":{"line":243,"column":10}},"70":{"start":{"line":247,"column":0},"end":{"line":275,"column":1}},"71":{"start":{"line":248,"column":4},"end":{"line":274,"column":5}},"72":{"start":{"line":250,"column":21},"end":{"line":250,"column":43}},"73":{"start":{"line":252,"column":8},"end":{"line":267,"column":9}},"74":{"start":{"line":253,"column":12},"end":{"line":266,"column":20}},"75":{"start":{"line":263,"column":32},"end":{"line":266,"column":18}},"76":{"start":{"line":270,"column":8},"end":{"line":273,"column":10}},"77":{"start":{"line":277,"column":0},"end":{"line":304,"column":1}},"78":{"start":{"line":278,"column":4},"end":{"line":303,"column":5}},"79":{"start":{"line":280,"column":21},"end":{"line":280,"column":43}},"80":{"start":{"line":282,"column":8},"end":{"line":296,"column":9}},"81":{"start":{"line":283,"column":12},"end":{"line":295,"column":20}},"82":{"start":{"line":292,"column":16},"end":{"line":295,"column":18}},"83":{"start":{"line":299,"column":8},"end":{"line":302,"column":10}},"84":{"start":{"line":306,"column":0},"end":{"line":329,"column":1}},"85":{"start":{"line":307,"column":4},"end":{"line":328,"column":5}},"86":{"start":{"line":309,"column":21},"end":{"line":309,"column":41}},"87":{"start":{"line":311,"column":8},"end":{"line":320,"column":9}},"88":{"start":{"line":312,"column":12},"end":{"line":319,"column":20}},"89":{"start":{"line":316,"column":16},"end":{"line":319,"column":18}},"90":{"start":{"line":324,"column":8},"end":{"line":327,"column":10}},"91":{"start":{"line":332,"column":0},"end":{"line":354,"column":1}},"92":{"start":{"line":333,"column":4},"end":{"line":353,"column":5}},"93":{"start":{"line":335,"column":21},"end":{"line":335,"column":43}},"94":{"start":{"line":337,"column":8},"end":{"line":346,"column":9}},"95":{"start":{"line":338,"column":12},"end":{"line":345,"column":20}},"96":{"start":{"line":342,"column":16},"end":{"line":345,"column":18}},"97":{"start":{"line":349,"column":8},"end":{"line":352,"column":10}}},"fnMap":{"0":{"name":"(anonymous_0)","decl":{"start":{"line":9,"column":36},"end":{"line":9,"column":37}},"loc":{"start":{"line":9,"column":61},"end":{"line":31,"column":1}},"line":9},"1":{"name":"(anonymous_1)","decl":{"start":{"line":32,"column":43},"end":{"line":32,"column":44}},"loc":{"start":{"line":32,"column":66},"end":{"line":53,"column":1}},"line":32},"2":{"name":"(anonymous_2)","decl":{"start":{"line":54,"column":47},"end":{"line":54,"column":48}},"loc":{"start":{"line":54,"column":70},"end":{"line":75,"column":1}},"line":54},"3":{"name":"(anonymous_3)","decl":{"start":{"line":76,"column":44},"end":{"line":76,"column":45}},"loc":{"start":{"line":76,"column":67},"end":{"line":98,"column":1}},"line":76},"4":{"name":"(anonymous_4)","decl":{"start":{"line":101,"column":45},"end":{"line":101,"column":46}},"loc":{"start":{"line":101,"column":68},"end":{"line":122,"column":1}},"line":101},"5":{"name":"(anonymous_5)","decl":{"start":{"line":123,"column":23},"end":{"line":123,"column":24}},"loc":{"start":{"line":123,"column":49},"end":{"line":164,"column":1}},"line":123},"6":{"name":"(anonymous_6)","decl":{"start":{"line":166,"column":22},"end":{"line":166,"column":23}},"loc":{"start":{"line":166,"column":48},"end":{"line":195,"column":1}},"line":166},"7":{"name":"(anonymous_7)","decl":{"start":{"line":197,"column":25},"end":{"line":197,"column":26}},"loc":{"start":{"line":197,"column":51},"end":{"line":221,"column":1}},"line":197},"8":{"name":"(anonymous_8)","decl":{"start":{"line":223,"column":21},"end":{"line":223,"column":22}},"loc":{"start":{"line":223,"column":47},"end":{"line":245,"column":1}},"line":223},"9":{"name":"(anonymous_9)","decl":{"start":{"line":233,"column":22},"end":{"line":233,"column":23}},"loc":{"start":{"line":233,"column":32},"end":{"line":236,"column":18}},"line":233},"10":{"name":"(anonymous_10)","decl":{"start":{"line":247,"column":28},"end":{"line":247,"column":29}},"loc":{"start":{"line":247,"column":54},"end":{"line":275,"column":1}},"line":247},"11":{"name":"(anonymous_11)","decl":{"start":{"line":263,"column":22},"end":{"line":263,"column":23}},"loc":{"start":{"line":263,"column":32},"end":{"line":266,"column":18}},"line":263},"12":{"name":"(anonymous_12)","decl":{"start":{"line":277,"column":21},"end":{"line":277,"column":22}},"loc":{"start":{"line":277,"column":47},"end":{"line":304,"column":1}},"line":277},"13":{"name":"(anonymous_13)","decl":{"start":{"line":291,"column":20},"end":{"line":291,"column":21}},"loc":{"start":{"line":292,"column":16},"end":{"line":295,"column":18}},"line":292},"14":{"name":"(anonymous_14)","decl":{"start":{"line":306,"column":23},"end":{"line":306,"column":24}},"loc":{"start":{"line":306,"column":49},"end":{"line":329,"column":1}},"line":306},"15":{"name":"(anonymous_15)","decl":{"start":{"line":315,"column":20},"end":{"line":315,"column":21}},"loc":{"start":{"line":316,"column":16},"end":{"line":319,"column":18}},"line":316},"16":{"name":"(anonymous_16)","decl":{"start":{"line":332,"column":23},"end":{"line":332,"column":24}},"loc":{"start":{"line":332,"column":49},"end":{"line":354,"column":1}},"line":332},"17":{"name":"(anonymous_17)","decl":{"start":{"line":341,"column":20},"end":{"line":341,"column":21}},"loc":{"start":{"line":342,"column":16},"end":{"line":345,"column":18}},"line":342}},"branchMap":{"0":{"loc":{"start":{"line":13,"column":8},"end":{"line":24,"column":9}},"type":"if"
[...]
,"C:\\Users\\sakib\\OneDrive\\Desktop\\Vitolic-API\\Routes\\userAuthRoute.js": {"path":"C:\\Users\\sakib\\OneDrive\\Desktop\\Vitolic-API\\Routes\\userAuthRoute.js","statementMap":{"0":{"start":{"line":1,"column":16},"end":{"line":1,"column":34}},"1":{"start":{"line":2,"column":27},"end":{"line":2,"column":71}},"2":{"start":{"line":3,"column":15},"end":{"line":3,"column":31}},"3":{"start":{"line":34,"column":0},"end":{"line":34,"column":58}},"4":{"start":{"line":63,"column":0},"end":{"line":63,"column":62}},"5":{"start":{"line":81,"column":0},"end":{"line":81,"column":53}},"6":{"start":{"line":99,"column":0},"end":{"line":99,"column":53}},"7":{"start":{"line":118,"column":0},"end":{"line":118,"column":56}},"8":{"start":{"line":137,"column":0},"end":{"line":137,"column":59}},"9":{"start":{"line":140,"column":0},"end":{"line":140,"column":24}}},"fnMap":{},"branchMap":{},"s":{"0":1,"1":1,"2":1,"3":1,"4":1,"5":1,"6":1,"7":1,"8":1,"9":1},"f":{},"b":{},"_coverageSchema":"1a1c01bbd47fc00a2c39e90264f33305004495a9","hash":"240490e1f8f2a5cdbd9854fe76555dfdfb4c9799"}
,"C:\\Users\\sakib\\OneDrive\\Desktop\\Vitolic-API\\Routes\\userOrdersRoute.js": {"path":"C:\\Users\\sakib\\OneDrive\\Desktop\\Vitolic-API\\Routes\\userOrdersRoute.js","statementMap":{"0":{"start":{"line":1,"column":16},"end":{"line":1,"column":34}},"1":{"start":{"line":2,"column":29},"end":{"line":2,"column":75}},"2":{"start":{"line":3,"column":15},"end":{"line":3,"column":31}},"3":{"start":{"line":22,"column":1},"end":{"line":22,"column":70}},"4":{"start":{"line":25,"column":0},"end":{"line":25,"column":24}}},"fnMap":{},"branchMap":{},"s":{"0":1,"1":1,"2":1,"3":1,"4":1},"f":{},"b":{},"_coverageSchema":"1a1c01bbd47fc00a2c39e90264f33305004495a9","hash":"6dadc4cd71e859f1f755f5a12ef55211cc7bac16"}
,"C:\\Users\\sakib\\OneDrive\\Desktop\\Vitolic-API\\Routes\\userRoute.js": {"path":"C:\\Users\\sakib\\OneDrive\\Desktop\\Vitolic-API\\Routes\\userRoute.js","statementMap":{"0":{"start":{"line":1,"column":16},"end":{"line":1,"column":34}},"1":{"start":{"line":2,"column":23},"end":{"line":2,"column":63}},"2":{"start":{"line":3,"column":15},"end":{"line":3,"column":31}},"3":{"start":{"line":29,"column":0},"end":{"line":29,"column":47}},"4":{"start":{"line":58,"column":0},"end":{"line":58,"column":51}},"5":{"start":{"line":78,"column":0},"end":{"line":78,"column":57}},"6":{"start":{"line":96,"column":0},"end":{"line":96,"column":67}},"7":{"start":{"line":97,"column":0},"end":{"line":97,"column":99}},"8":{"start":{"line":126,"column":0},"end":{"line":126,"column":53}},"9":{"start":{"line":175,"column":0},"end":{"line":175,"column":57}},"10":{"start":{"line":247,"column":0},"end":{"line":247,"column":60}},"11":{"start":{"line":265,"column":0},"end":{"line":265,"column":70}},"12":{"start":{"line":287,"column":0},"end":{"line":287,"column":64}},"13":{"start":{"line":289,"column":0},"end":{"line":289,"column":64}},"14":{"start":{"line":292,"column":0},"end":{"line":292,"column":24}}},"fnMap":{},"branchMap":{},"s":{"0":1,"1":1,"2":1,"3":1,"4":1,"5":1,"6":1,"7":1,"8":1,"9":1,"10":1,"11":1,"12":1,"13":1,"14":1},"f":{},"b":{},"_coverageSchema":"1a1c01bbd47fc00a2c39e90264f33305004495a9","hash":"f512434697a3b66bfc5922b991c330a5bbffc5d4"}
,"C:\\Users\\sakib\\OneDrive\\Desktop\\Vitolic-API\\Test\\db.js": {"path":"C:\\Users\\sakib\\OneDrive\\Desktop\\Vitolic-API\\Test\\db.js","statementMap":{"0":{"start":{"line":1,"column":30},"end":{"line":1,"column":62}},"1":{"start":{"line":2,"column":17},"end":{"line":2,"column":36}},"2":{"start":{"line":6,"column":0},"end":{"line":16,"column":1}},"3":{"start":{"line":7,"column":4},"end":{"line":15,"column":5}},"4":{"start":{"line":8,"column":8},"end":{"line":8,"column":49}},"5":{"start":{"line":9,"column":20},"end":{"line":9,"column":35}},"6":{"start":{"line":10,"column":28},"end":{"line":13,"column":9}},"7":{"start":{"line":14,"column":8},"end":{"line":14,"column":48}},"8":{"start":{"line":18,"column":0},"end":{"line":22,"column":1}},"9":{"start":{"line":19,"column":4},"end":{"line":19,"column":44}},"10":{"start":{"line":20,"column":4},"end":{"line":20,"column":37}},"11":{"start":{"line":21,"column":4},"end":{"line":21,"column":35}},"12":{"start":{"line":21,"column":16},"end":{"line":21,"column":35}},"13":{"start":{"line":24,"column":0},"end":{"line":31,"column":1}},"14":{"start":{"line":25,"column":24},"end":{"line":25,"column":61}},"15":{"start":{"line":26,"column":4},"end":{"line":30,"column":5}},"16":{"start":{"line":27,"column":8},"end":{"line":27,"column":25}},"17":{"start":{"line":28,"column":27},"end":{"line":28,"column":44}},"18":{"start":{"line":29,"column":8},"end":{"line":29,"column":37}}},"fnMap":{"0":{"name":"(anonymous_0)","decl":{"start":{"line":6,"column":18},"end":{"line":6,"column":19}},"loc":{"start":{"line":6,"column":30},"end":{"line":16,"column":1}},"line":6},"1":{"name":"(anonymous_1)","decl":{"start":{"line":18,"column":24},"end":{"line":18,"column":25}},"loc":{"start":{"line":18,"column":36},"end":{"line":22,"column":1}},"line":18},"2":{"name":"(anonymous_2)","decl":{"start":{"line":24,"column":24},"end":{"line":24,"column":25}},"loc":{"start":{"line":24,"column":36},"end":{"line":31,"column":1}},"line":24}},"branchMap":{"0":{"loc":{"start":{"line":7,"column":4},"end":{"line":15,"column":5}},"type":"if","locations":[{"start":{"line":7,"column":4},"end":{"line":15,"column":5}},{"start":{},"end":{}}],"line":7},"1":{"loc":{"start":{"line":21,"column":4},"end":{"line":21,"column":35}},"type":"if","locations":[{"start":{"line":21,"column":4},"end":{"line":21,"column":35}},{"start":{},"end":{}}],"line":21}},"s":{"0":2,"1":2,"2":2,"3":1,"4":1,"5":1,"6":1,"7":1,"8":2,"9":1,"10":0,"11":0,"12":0,"13":2,"14":0,"15":0,"16":0,"17":0,"18":0},"f":{"0":1,"1":1,"2":0},"b":{"0":[1,0],"1":[0,0]},"_coverageSchema":"1a1c01bbd47fc00a2c39e90264f33305004495a9","hash":"159e2f82fab4b751da9b5facfacb767c59aab879"}
,"C:\\Users\\sakib\\OneDrive\\Desktop\\Vitolic-API\\Test\\interceptor.js": {"path":"C:\\Users\\sakib\\OneDrive\\Desktop\\Vitolic-API\\Test\\interceptor.js","statementMap":{"0":{"start":{"line":1,"column":0},"end":{"line":15,"column":1}},"1":{"start":{"line":3,"column":20},"end":{"line":3,"column":22}},"2":{"start":{"line":4,"column":8},"end":{"line":4,"column":49}},"3":{"start":{"line":5,"column":8},"end":{"line":5,"column":51}},"4":{"start":{"line":6,"column":8},"end":{"line":6,"column":18}},"5":{"start":{"line":9,"column":20},"end":{"line":9,"column":22}},"6":{"start":{"line":10,"column":8},"end":{"line":10,"column":49}},"7":{"start":{"line":11,"column":8},"end":{"line":11,"column":51}},"8":{"start":{"line":12,"column":8},"end":{"line":12,"column":49}},"9":{"start":{"line":13,"column":8},"end":{"line":13,"column":18}}},"fnMap":{"0":{"name":"(anonymous_0)","decl":{"start":{"line":2,"column":17},"end":{"line":2,"column":18}},"loc":{"start":{"line":2,"column":23},"end":{"line":7,"column":5}},"line":2},"1":{"name":"(anonymous_1)","decl":{"start":{"line":8,"column":18},"end":{"line":8,"column":19}},"loc":{"start":{"line":8,"column":24},"end":{"line":14,"column":5}},"line":8}},"branchMap":{},"s":{"0":1,"1":4,"2":4,"3":4,"4":4,"5":4,"6":4,"7":4,"8":4,"9":4},"f":{"0":4,"1":4},"b":{},"_coverageSchema":"1a1c01bbd47fc00a2c39e90264f33305004495a9","hash":"57e1a0a3f9e268f49a4c5befcdae3b10003218d4"}
,"C:\\Users\\sakib\\OneDrive\\Desktop\\Vitolic-API\\Utils\\ApiFeature.js": {"path":"C:\\Users\\sakib\\OneDrive\\Desktop\\Vitolic-API\\Utils\\ApiFeature.js","statementMap":{"0":{"start":{"line":3,"column":8},"end":{"line":3,"column":27}},"1":{"start":{"line":4,"column":8},"end":{"line":4,"column":33}},"2":{"start":{"line":8,"column":25},"end":{"line":10,"column":9}},"3":{"start":{"line":11,"column":24},"end":{"line":11,"column":59}},"4":{"start":{"line":12,"column":8},"end":{"line":12,"column":53}},"5":{"start":{"line":12,"column":32},"end":{"line":12,"column":51}},"6":{"start":{"line":17,"column":23},"end":{"line":17,"column":47}},"7":{"start":{"line":18,"column":8},"end":{"line":18,"column":84}},"8":{"start":{"line":18,"column":71},"end":{"line":18,"column":82}},"9":{"start":{"line":20,"column":8},"end":{"line":20,"column":42}},"10":{"start":{"line":23,"column":8},"end":{"line":23,"column":59}},"11":{"start":{"line":24,"column":8},"end":{"line":24,"column":20}},"12":{"start":{"line":29,"column":8},"end":{"line":35,"column":9}},"13":{"start":{"line":30,"column":27},"end":{"line":30,"column":66}},"14":{"start":{"line":31,"column":12},"end":{"line":31,"column":32}},"15":{"start":{"line":32,"column":12},"end":{"line":32,"column":49}},"16":{"start":{"line":34,"column":12},"end":{"line":34,"column":42}},"17":{"start":{"line":37,"column":8},"end":{"line":37,"column":20}},"18":{"start":{"line":42,"column":8},"end":{"line":47,"column":9}},"19":{"start":{"line":43,"column":27},"end":{"line":43,"column":68}},"20":{"start":{"line":44,"column":12},"end":{"line":44,"column":51}},"21":{"start":{"line":46,"column":12},"end":{"line":46,"column":38}},"22":{"start":{"line":49,"column":8},"end":{"line":49,"column":20}},"23":{"start":{"line":53,"column":21},"end":{"line":53,"column":48}},"24":{"start":{"line":54,"column":22},"end":{"line":54,"column":52}},"25":{"start":{"line":56,"column":21},"end":{"line":56,"column":39}},"26":{"start":{"line":59,"column":8},"end":{"line":59,"column":56}},"27":{"start":{"line":61,"column":8},"end":{"line":61,"column":44}},"28":{"start":{"line":62,"column":8},"end":{"line":62,"column":20}},"29":{"start":{"line":66,"column":0},"end":{"line":66,"column":29}}},"fnMap":{"0":{"name":"(anonymous_0)","decl":{"start":{"line":2,"column":4},"end":{"line":2,"column":5}},"loc":{"start":{"line":2,"column":33},"end":{"line":5,"column":5}},"line":2},"1":{"name":"(anonymous_1)","decl":{"start":{"line":7,"column":4},"end":{"line":7,"column":5}},"loc":{"start":{"line":7,"column":13},"end":{"line":25,"column":5}},"line":7},"2":{"name":"(anonymous_2)","decl":{"start":{"line":12,"column":24},"end":{"line":12,"column":25}},"loc":{"start":{"line":12,"column":32},"end":{"line":12,"column":51}},"line":12},"3":{"name":"(anonymous_3)","decl":{"start":{"line":18,"column":60},"end":{"line":18,"column":61}},"loc":{"start":{"line":18,"column":71},"end":{"line":18,"column":82}},"line":18},"4":{"name":"(anonymous_4)","decl":{"start":{"line":28,"column":4},"end":{"line":28,"column":5}},"loc":{"start":{"line":28,"column":11},"end":{"line":38,"column":5}},"line":28},"5":{"name":"(anonymous_5)","decl":{"start":{"line":41,"column":4},"end":{"line":41,"column":5}},"loc":{"start":{"line":41,"column":12},"end":{"line":50,"column":5}},"line":41},"6":{"name":"(anonymous_6)","decl":{"start":{"line":52,"column":4},"end":{"line":52,"column":5}},"loc":{"start":{"line":52,"column":15},"end":{"line":63,"column":5}},"line":52}},"branchMap":{"0":{"loc":{"start":{"line":29,"column":8},"end":{"line":35,"column":9}},"type":"if","locations":[{"start":{"line":29,"column":8},"end":{"line":35,"column":9}},{"start":{"line":33,"column":15},"end":{"line":35,"column":9}}],"line":29},"1":{"loc":{"start":{"line":42,"column":8},"end":{"line":47,"column":9}},"type":"if","locations":[{"start":{"line":42,"column":8},"end":{"line":47,"column":9}},{"start":{"line":45,"column":15},"end":{"line":47,"column":9}}],"line":42},"2":{"loc":{"start":{"line":53,"column":21},"end":{"line":53,"column":48}},"type":"binary-expr","locations":[{"start":{"line":53,"column":21},"end":{"line":53,"column":43}},{"start":{"line":53,"column":47},"end":{"line":53,"column":48}}],"line":53},"3":{"loc":{"start":{"line":54,"column":22},"end":{"line":54,"column":52}},"type":"binary-expr","locations":[{"start":{"line":54,"column":22},"end":{"line":54,"column":45}},{"start":{"line":54,"column":49},"end":{"line":54,"column":52}}],"line":54}},"s":{"0":0,"1":0,"2":0,"3":0,"4":0,"5":0,"6":0,"7":0,"8":0,"9":0,"10":0,"11":0,"12":0,"13":0,"14":0,"15":0,"16":0,"17":0,"18":0,"19":0,"20":0,"21":0,"22":0,"23":0,"24":0,"25":0,"26":0,"27":0,"28":0,"29":1},"f":{"0":0,"1":0,"2":0,"3":0,"4":0,"5":0,"6":0},"b":{"0":[0,0],"1":[0,0],"2":[0,0],"3":[0,0]},"_coverageSchema":"1a1c01bbd47fc00a2c39e90264f33305004495a9","hash":"a55f92ede90192826a7554f93edd6112dd1d6c3c"}
,"C:\\Users\\sakib\\OneDrive\\Desktop\\Vitolic-API\\Utils\\app.Error.js": {"path":"C:\\Users\\sakib\\OneDrive\\Desktop\\Vitolic-API\\Utils\\app.Error.js","statementMap":{"0":{"start":{"line":4,"column":8},"end":{"line":4,"column":23}},"1":{"start":{"line":6,"column":8},"end":{"line":6,"column":37}},"2":{"start":{"line":7,"column":8},"end":{"line":7,"column":75}},"3":{"start":{"line":8,"column":8},"end":{"line":8,"column":34}},"4":{"start":{"line":10,"column":8},"end":{"line":10,"column":56}},"5":{"start":{"line":15,"column":0},"end":{"line":15,"column":26}}},"fnMap":{"0":{"name":"(anonymous_0)","decl":{"start":{"line":3,"column":4},"end":{"line":3,"column":5}},"loc":{"start":{"line":3,"column":36},"end":{"line":11,"column":5}},"line":3}},"branchMap":{"0":{"loc":{"start":{"line":7,"column":22},"end":{"line":7,"column":74}},"type":"cond-expr","locations":[{"start":{"line":7,"column":56},"end":{"line":7,"column":64}},{"start":{"line":7,"column":67},"end":{"line":7,"column":74}}],"line":7}},"s":{"0":0,"1":0,"2":0,"3":0,"4":0,"5":2},"f":{"0":0},"b":{"0":[0,0]},"_coverageSchema":"1a1c01bbd47fc00a2c39e90264f33305004495a9","hash":"4e06baccf46819c3321eb6f85356552d7deb184e"}
,"C:\\Users\\sakib\\OneDrive\\Desktop\\Vitolic-API\\Utils\\globalErrorHandler.js": {"path":"C:\\Users\\sakib\\OneDrive\\Desktop\\Vitolic-API\\Utils\\globalErrorHandler.js","statementMap":{"0":{"start":{"line":1,"column":17},"end":{"line":1,"column":57}},"1":{"start":{"line":2,"column":17},"end":{"line":2,"column":36}},"2":{"start":{"line":5,"column":21},"end":{"line":12,"column":1}},"3":{"start":{"line":6,"column":4},"end":{"line":11,"column":6}},"4":{"start":{"line":14,"column":22},"end":{"line":29,"column":1}},"5":{"start":{"line":16,"column":4},"end":{"line":28,"column":5}},"6":{"start":{"line":17,"column":8},"end":{"line":20,"column":10}},"7":{"start":{"line":22,"column":8},"end":{"line":22,"column":25}},"8":{"start":{"line":24,"column":8},"end":{"line":27,"column":10}},"9":{"start":{"line":32,"column":24},"end":{"line":35,"column":1}},"10":{"start":{"line":33,"column":20},"end":{"line":33,"column":64}},"11":{"start":{"line":34,"column":4},"end":{"line":34,"column":38}},"12":{"start":{"line":37,"column":30},"end":{"line":42,"column":1}},"13":{"start":{"line":40,"column":20},"end":{"line":40,"column":74}},"14":{"start":{"line":41,"column":4},"end":{"line":41,"column":38}},"15":{"start":{"line":44,"column":0},"end":{"line":72,"column":2}},"16":{"start":{"line":45,"column":4},"end":{"line":45,"column":27}},"17":{"start":{"line":48,"column":4},"end":{"line":48,"column":43}},"18":{"start":{"line":49,"column":4},"end":{"line":49,"column":39}},"19":{"start":{"line":54,"column":4},"end":{"line":69,"column":5}},"20":{"start":{"line":55,"column":20},"end":{"line":57,"column":9}},"21":{"start":{"line":59,"column":8},"end":{"line":60,"column":43}},"22":{"start":{"line":60,"column":12},"end":{"line":60,"column":43}},"23":{"start":{"line":64,"column":8},"end":{"line":64,"column":83}},"24":{"start":{"line":64,"column":46},"end":{"line":64,"column":83}},"25":{"start":{"line":66,"column":8},"end":{"line":66,"column":33}},"26":{"start":{"line":67,"column":11},"end":{"line":69,"column":5}},"27":{"start":{"line":68,"column":8},"end":{"line":68,"column":32}},"28":{"start":{"line":71,"column":4},"end":{"line":71,"column":11}}},"fnMap":{"0":{"name":"(anonymous_0)","decl":{"start":{"line":5,"column":21},"end":{"line":5,"column":22}},"loc":{"start":{"line":5,"column":35},"end":{"line":12,"column":1}},"line":5},"1":{"name":"(anonymous_1)","decl":{"start":{"line":14,"column":22},"end":{"line":14,"column":23}},"loc":{"start":{"line":14,"column":35},"end":{"line":29,"column":1}},"line":14},"2":{"name":"(anonymous_2)","decl":{"start":{"line":32,"column":24},"end":{"line":32,"column":25}},"loc":{"start":{"line":32,"column":37},"end":{"line":35,"column":1}},"line":32},"3":{"name":"(anonymous_3)","decl":{"start":{"line":37,"column":30},"end":{"line":37,"column":31}},"loc":{"start":{"line":37,"column":39},"end":{"line":42,"column":1}},"line":37},"4":{"name":"(anonymous_4)","decl":{"start":{"line":44,"column":17},"end":{"line":44,"column":18}},"loc":{"start":{"line":44,"column":42},"end":{"line":72,"column":1}},"line":44}},"branchMap":{"0":{"loc":{"start":{"line":16,"column":4},"end":{"line":28,"column":5}},"type":"if","locations":[{"start":{"line":16,"column":4},"end":{"line":28,"column":5}},{"start":{"line":21,"column":9},"end":{"line":28,"column":5}}],"line":16},"1":{"loc":{"start":{"line":48,"column":21},"end":{"line":48,"column":42}},"type":"binary-expr","locations":[{"start":{"line":48,"column":21},"end":{"line":48,"column":35}},{"start":{"line":48,"column":39},"end":{"line":48,"column":42}}],"line":48},"2":{"loc":{"start":{"line":49,"column":17},"end":{"line":49,"column":38}},"type":"binary-expr","locations":[{"start":{"line":49,"column":17},"end":{"line":49,"column":27}},{"start":{"line":49,"column":31},"end":{"line":49,"column":38}}],"line":49},"3":{"loc":{"start":{"line":54,"column":4},"end":{"line":69,"column":5}},"type":"if","locations":[{"start":{"line":54,"column":4},"end":{"line":69,"column":5}},{"start":{"line":67,"column":11},"end":{"line":69,"column":5}}],"line":54},"4":{"loc":{"start":{"line":59,"column":8},"end":{"line":60,"column":43}},"type":"if","locations":[{"start":{"line":59,"column":8},"end":{"line":60,"column":43}},{"start":{},"end":{}}],"line":59},"5":{"loc":{"start":{"line":64,"column":8},"end":{"line":64,"column":83}},"type":"if","locations":[{"start":{"line":64,"column":8},"end":{"line":64,"column":83}},{"start":{},"end":{}}],"line":64},"6":{"loc":{"start":{"line":67,"column":11},"end":{"line":69,"column":5}},"type":"if","locations":[{"start":{"line":67,"column":11},"end":{"line":69,"column":5}},{"start":{},"end":{}}],"line":67}},"s":{"0":1,"1":1,"2":1,"3":0,"4":1,"5":0,"6":0,"7":0,"8":0,"9":1,"10":0,"11":0,"12":1,"13":0,"14":0,"15":1,"16":0,"17":0,"18":0,"19":0,"20":0,"21":0,"22":0,"23":0,"24":0,"25":0,"26":0,"27":0,"28":0},"f":{"0":0,"1":0,"2":0,"3":0,"4":0},"b":{"0":[0,0],"1":[0,0],"2":[0,0],"3":[0,0],"4":[0,0],"5":[0,0],"6":[0,0]},"_coverageSchema":"1a1c01bbd47fc00a2c39e90264f33305004495a9","hash":"b2c5259b819c025e9d537e2f44d7eebc530ca34f"}
,"C:\\Users\\sakib\\OneDrive\\Desktop\\Vitolic-API\\middleware\\isAdmin.js": {"path":"C:\\Users\\sakib\\OneDrive\\Desktop\\Vitolic-API\\middleware\\isAdmin.js","statementMap":{"0":{"start":{"line":1,"column":14},"end":{"line":1,"column":47}},"1":{"start":{"line":3,"column":16},"end":{"line":14,"column":1}},"2":{"start":{"line":4,"column":4},"end":{"line":12,"column":5}},"3":{"start":{"line":5,"column":27},"end":{"line":5,"column":68}},"4":{"start":{"line":6,"column":8},"end":{"line":8,"column":9}},"5":{"start":{"line":7,"column":12},"end":{"line":7,"column":85}},"6":{"start":{"line":9,"column":8},"end":{"line":9,"column":15}},"7":{"start":{"line":11,"column":8},"end":{"line":11,"column":69}},"8":{"start":{"line":17,"column":0},"end":{"line":17,"column":26}}},"fnMap":{"0":{"name":"(anonymous_0)","decl":{"start":{"line":3,"column":16},"end":{"line":3,"column":17}},"loc":{"start":{"line":3,"column":39},"end":{"line":14,"column":1}},"line":3}},"branchMap":{"0":{"loc":{"start":{"line":6,"column":8},"end":{"line":8,"column":9}},"type":"if","locations":[{"start":{"line":6,"column":8},"end":{"line":8,"column":9}},{"start":{},"end":{}}],"line":6}},"s":{"0":1,"1":1,"2":0,"3":0,"4":0,"5":0,"6":0,"7":0,"8":1},"f":{"0":0},"b":{"0":[0,0]},"_coverageSchema":"1a1c01bbd47fc00a2c39e90264f33305004495a9","hash":"e9fdecaf4c665b3ac09a818962c3ea0379c12466"}
}
