TN:
SF:app.js
FN:93,(anonymous_0)
FN:134,(anonymous_1)
FN:138,(anonymous_2)
FN:143,(anonymous_3)
FN:165,(anonymous_4)
FN:171,(anonymous_5)
FN:176,(anonymous_6)
FN:182,(anonymous_7)
FN:196,(anonymous_8)
FN:204,(anonymous_9)
FN:214,(anonymous_10)
FN:216,(anonymous_11)
FN:249,(anonymous_12)
FN:262,(anonymous_13)
FN:271,(anonymous_14)
FN:275,(anonymous_15)
FN:278,(anonymous_16)
FN:283,(anonymous_17)
FNF:18
FNH:0
FNDA:0,(anonymous_0)
FNDA:0,(anonymous_1)
FNDA:0,(anonymous_2)
FNDA:0,(anonymous_3)
FNDA:0,(anonymous_4)
FNDA:0,(anonymous_5)
FNDA:0,(anonymous_6)
FNDA:0,(anonymous_7)
FNDA:0,(anonymous_8)
FNDA:0,(anonymous_9)
FNDA:0,(anonymous_10)
FNDA:0,(anonymous_11)
FNDA:0,(anonymous_12)
FNDA:0,(anonymous_13)
FNDA:0,(anonymous_14)
FNDA:0,(anonymous_15)
FNDA:0,(anonymous_16)
FNDA:0,(anonymous_17)
DA:1,1
DA:2,1
DA:3,1
DA:4,1
DA:5,1
DA:6,1
DA:7,1
DA:8,1
DA:9,1
DA:10,1
DA:11,1
DA:12,1
DA:13,1
DA:14,1
DA:17,1
DA:18,1
DA:19,1
DA:20,1
DA:23,1
DA:24,1
DA:26,1
DA:27,1
DA:28,1
DA:29,1
DA:30,1
DA:31,1
DA:32,1
DA:33,1
DA:34,1
DA:35,1
DA:36,1
DA:37,1
DA:38,1
DA:39,1
DA:40,1
DA:41,1
DA:42,1
DA:43,1
DA:44,1
DA:45,1
DA:46,1
DA:47,1
DA:51,1
DA:52,1
DA:53,1
DA:54,1
DA:56,1
DA:60,1
DA:66,1
DA:67,1
DA:68,1
DA:69,1
DA:71,1
DA:72,1
DA:93,1
DA:94,0
DA:95,0
DA:96,0
DA:97,0
DA:98,0
DA:106,1
DA:123,1
DA:124,1
DA:128,1
DA:129,1
DA:130,0
DA:133,1
DA:135,0
DA:139,0
DA:143,1
DA:144,0
DA:149,0
DA:151,0
DA:155,1
DA:159,1
DA:161,1
DA:165,1
DA:166,0
DA:167,0
DA:168,0
DA:170,0
DA:173,0
DA:177,0
DA:178,0
DA:182,1
DA:183,0
DA:184,0
DA:186,0
DA:195,0
DA:197,0
DA:198,0
DA:205,0
DA:206,0
DA:214,1
DA:216,0
DA:217,0
DA:218,0
DA:222,1
DA:223,1
DA:224,1
DA:225,1
DA:226,1
DA:227,1
DA:228,1
DA:229,1
DA:230,1
DA:231,1
DA:232,1
DA:233,1
DA:234,1
DA:235,1
DA:236,1
DA:237,1
DA:238,1
DA:239,1
DA:240,1
DA:241,1
DA:242,1
DA:243,1
DA:244,1
DA:246,1
DA:249,1
DA:250,0
DA:251,0
DA:252,0
DA:253,0
DA:255,0
DA:262,1
DA:263,0
DA:266,1
DA:272,0
DA:273,0
DA:275,0
DA:276,0
DA:278,0
DA:279,0
DA:284,0
LF:137
LH:95
BRDA:129,0,0,0
BRDA:129,0,1,1
BRDA:144,1,0,0
BRDA:144,1,1,0
BRDA:145,2,0,0
BRDA:145,2,1,0
BRDA:145,2,2,0
BRDA:251,3,0,0
BRDA:251,3,1,0
BRF:9
BRH:1
end_of_record
TN:
SF:socket.js
FN:5,(anonymous_0)
FN:15,(anonymous_1)
FNF:2
FNH:0
FNDA:0,(anonymous_0)
FNDA:0,(anonymous_1)
DA:4,2
DA:6,0
DA:10,0
DA:16,0
DA:17,0
DA:20,0
LF:6
LH:1
BRDA:16,0,0,0
BRDA:16,0,1,0
BRF:2
BRH:0
end_of_record
TN:
SF:Controllers\DeliveryBoyController.js
FN:16,(anonymous_0)
FN:24,(anonymous_1)
FN:34,(anonymous_2)
FN:54,(anonymous_3)
FN:61,(anonymous_4)
FN:72,(anonymous_5)
FN:81,(anonymous_6)
FN:93,(anonymous_7)
FN:98,(anonymous_8)
FN:105,(anonymous_9)
FN:123,(anonymous_10)
FN:141,(anonymous_11)
FN:157,(anonymous_12)
FN:175,(anonymous_13)
FN:183,(anonymous_14)
FN:203,(anonymous_15)
FN:236,(anonymous_16)
FN:237,(anonymous_17)
FN:317,(anonymous_18)
FNF:19
FNH:0
FNDA:0,(anonymous_0)
FNDA:0,(anonymous_1)
FNDA:0,(anonymous_2)
FNDA:0,(anonymous_3)
FNDA:0,(anonymous_4)
FNDA:0,(anonymous_5)
FNDA:0,(anonymous_6)
FNDA:0,(anonymous_7)
FNDA:0,(anonymous_8)
FNDA:0,(anonymous_9)
FNDA:0,(anonymous_10)
FNDA:0,(anonymous_11)
FNDA:0,(anonymous_12)
FNDA:0,(anonymous_13)
FNDA:0,(anonymous_14)
FNDA:0,(anonymous_15)
FNDA:0,(anonymous_16)
FNDA:0,(anonymous_17)
FNDA:0,(anonymous_18)
DA:1,1
DA:2,1
DA:3,1
DA:4,1
DA:5,1
DA:7,1
DA:9,1
DA:10,1
DA:11,1
DA:12,1
DA:16,1
DA:17,0
DA:18,0
DA:23,0
DA:25,0
DA:26,0
DA:28,0
DA:29,0
DA:31,0
DA:33,0
DA:35,0
DA:36,0
DA:37,0
DA:40,0
DA:47,0
DA:55,0
DA:61,1
DA:63,0
DA:64,0
DA:65,0
DA:66,0
DA:67,0
DA:68,0
DA:69,0
DA:71,0
DA:73,0
DA:74,0
DA:80,0
DA:82,0
DA:92,0
DA:94,0
DA:99,0
DA:105,1
DA:106,0
DA:107,0
DA:109,0
DA:111,0
DA:112,0
DA:118,0
DA:123,1
DA:124,0
DA:126,0
DA:127,0
DA:129,0
DA:130,0
DA:136,0
DA:141,1
DA:142,0
DA:143,0
DA:145,0
DA:146,0
DA:147,0
DA:148,0
DA:151,0
DA:157,1
DA:158,0
DA:159,0
DA:161,0
DA:163,0
DA:164,0
DA:170,0
DA:175,1
DA:176,0
DA:177,0
DA:178,0
DA:179,0
DA:181,0
DA:184,0
DA:185,0
DA:188,0
DA:198,0
DA:203,1
DA:204,0
DA:206,0
DA:209,0
DA:210,0
DA:212,0
DA:213,0
DA:214,0
DA:215,0
DA:218,0
DA:221,0
DA:222,0
DA:223,0
DA:224,0
DA:225,0
DA:226,0
DA:236,0
DA:237,0
DA:239,0
DA:243,0
DA:246,0
DA:304,0
DA:305,0
DA:312,0
DA:317,1
DA:318,0
DA:319,0
DA:320,0
DA:322,0
DA:326,0
DA:327,0
DA:328,0
DA:334,0
DA:341,0
LF:115
LH:19
BRDA:25,0,0,0
BRDA:25,0,1,0
BRDA:35,1,0,0
BRDA:35,1,1,0
BRDA:73,2,0,0
BRDA:73,2,1,0
BRDA:111,3,0,0
BRDA:111,3,1,0
BRDA:129,4,0,0
BRDA:129,4,1,0
BRDA:147,5,0,0
BRDA:147,5,1,0
BRDA:163,6,0,0
BRDA:163,6,1,0
BRDA:184,7,0,0
BRDA:184,7,1,0
BRDA:212,8,0,0
BRDA:212,8,1,0
BRDA:223,9,0,0
BRDA:223,9,1,0
BRDA:239,10,0,0
BRDA:239,10,1,0
BRDA:304,11,0,0
BRDA:304,11,1,0
BRDA:326,12,0,0
BRDA:326,12,1,0
BRF:26
BRH:0
end_of_record
TN:
SF:Controllers\addressController.js
FN:7,(anonymous_0)
FN:41,(anonymous_1)
FN:64,(anonymous_2)
FN:87,(anonymous_3)
FN:107,(anonymous_4)
FNF:5
FNH:0
FNDA:0,(anonymous_0)
FNDA:0,(anonymous_1)
FNDA:0,(anonymous_2)
FNDA:0,(anonymous_3)
FNDA:0,(anonymous_4)
DA:1,1
DA:2,1
DA:4,1
DA:7,1
DA:8,0
DA:9,0
DA:10,0
DA:11,0
DA:12,0
DA:13,0
DA:14,0
DA:15,0
DA:16,0
DA:17,0
DA:20,0
DA:22,0
DA:23,0
DA:26,0
DA:32,0
DA:41,1
DA:42,0
DA:43,0
DA:45,0
DA:47,0
DA:48,0
DA:54,0
DA:57,0
DA:64,1
DA:65,0
DA:66,0
DA:68,0
DA:70,0
DA:71,0
DA:77,0
DA:80,0
DA:87,1
DA:88,0
DA:89,0
DA:90,0
DA:92,0
DA:93,0
DA:95,0
DA:96,0
DA:99,0
DA:107,1
DA:108,0
DA:109,0
DA:111,0
DA:113,0
DA:114,0
DA:118,0
LF:51
LH:8
BRDA:22,0,0,0
BRDA:22,0,1,0
BRDA:47,1,0,0
BRDA:47,1,1,0
BRDA:70,2,0,0
BRDA:70,2,1,0
BRDA:92,3,0,0
BRDA:92,3,1,0
BRDA:113,4,0,0
BRDA:113,4,1,0
BRF:10
BRH:0
end_of_record
TN:
SF:Controllers\adminController.js
FN:15,(anonymous_0)
FN:23,(anonymous_1)
FN:33,(anonymous_2)
FN:51,(anonymous_3)
FN:57,(anonymous_4)
FN:62,(anonymous_5)
FN:71,(anonymous_6)
FN:78,(anonymous_7)
FN:83,(anonymous_8)
FN:91,(anonymous_9)
FN:105,(anonymous_10)
FN:129,(anonymous_11)
FN:153,(anonymous_12)
FN:171,(anonymous_13)
FN:186,(anonymous_14)
FN:216,(anonymous_15)
FNF:16
FNH:0
FNDA:0,(anonymous_0)
FNDA:0,(anonymous_1)
FNDA:0,(anonymous_2)
FNDA:0,(anonymous_3)
FNDA:0,(anonymous_4)
FNDA:0,(anonymous_5)
FNDA:0,(anonymous_6)
FNDA:0,(anonymous_7)
FNDA:0,(anonymous_8)
FNDA:0,(anonymous_9)
FNDA:0,(anonymous_10)
FNDA:0,(anonymous_11)
FNDA:0,(anonymous_12)
FNDA:0,(anonymous_13)
FNDA:0,(anonymous_14)
FNDA:0,(anonymous_15)
DA:1,1
DA:2,1
DA:3,1
DA:4,1
DA:5,1
DA:6,1
DA:7,1
DA:8,1
DA:9,1
DA:10,1
DA:15,1
DA:16,0
DA:17,0
DA:22,0
DA:24,0
DA:25,0
DA:26,0
DA:27,0
DA:30,0
DA:32,0
DA:34,0
DA:35,0
DA:36,0
DA:37,0
DA:40,0
DA:45,0
DA:52,0
DA:57,1
DA:58,0
DA:59,0
DA:61,0
DA:63,0
DA:64,0
DA:70,0
DA:72,0
DA:77,0
DA:79,0
DA:84,0
DA:91,1
DA:92,0
DA:97,0
DA:98,0
DA:99,0
DA:101,0
DA:105,1
DA:106,0
DA:120,0
DA:121,0
DA:122,0
DA:124,0
DA:129,1
DA:130,0
DA:144,0
DA:145,0
DA:146,0
DA:148,0
DA:153,1
DA:154,0
DA:163,0
DA:164,0
DA:165,0
DA:167,0
DA:171,1
DA:172,0
DA:177,0
DA:178,0
DA:180,0
DA:182,0
DA:186,1
DA:187,0
DA:206,0
DA:207,0
DA:209,0
DA:211,0
DA:216,1
DA:217,0
DA:236,0
DA:237,0
DA:239,0
DA:241,0
LF:80
LH:19
BRDA:24,0,0,0
BRDA:24,0,1,0
BRDA:34,1,0,0
BRDA:34,1,1,0
BRDA:63,2,0,0
BRDA:63,2,1,0
BRF:6
BRH:0
end_of_record
TN:
SF:Controllers\bannerController.js
FN:4,(anonymous_0)
FN:18,(anonymous_1)
FN:22,(anonymous_2)
FN:29,(anonymous_3)
FN:54,(anonymous_4)
FN:68,(anonymous_5)
FN:95,(anonymous_6)
FNF:7
FNH:0
FNDA:0,(anonymous_0)
FNDA:0,(anonymous_1)
FNDA:0,(anonymous_2)
FNDA:0,(anonymous_3)
FNDA:0,(anonymous_4)
FNDA:0,(anonymous_5)
FNDA:0,(anonymous_6)
DA:1,1
DA:2,1
DA:4,1
DA:6,0
DA:7,0
DA:10,0
DA:11,0
DA:12,0
DA:14,0
DA:18,0
DA:21,0
DA:23,0
DA:29,1
DA:41,0
DA:42,0
DA:44,0
DA:45,0
DA:46,0
DA:50,0
DA:54,1
DA:55,0
DA:56,0
DA:57,0
DA:58,0
DA:62,0
DA:68,1
DA:69,0
DA:70,0
DA:71,0
DA:74,0
DA:75,0
DA:76,0
DA:78,0
DA:81,0
DA:82,0
DA:84,0
DA:90,0
DA:95,1
DA:96,0
DA:97,0
DA:98,0
DA:99,0
DA:101,0
DA:104,0
LF:44
LH:7
BRDA:6,0,0,0
BRDA:6,0,1,0
BRDA:44,1,0,0
BRDA:44,1,1,0
BRDA:57,2,0,0
BRDA:57,2,1,0
BRDA:70,3,0,0
BRDA:70,3,1,0
BRDA:81,4,0,0
BRDA:81,4,1,0
BRDA:98,5,0,0
BRDA:98,5,1,0
BRF:12
BRH:0
end_of_record
TN:
SF:Controllers\billingController.js
FN:5,(anonymous_0)
FN:39,(anonymous_1)
FN:72,(anonymous_2)
FN:86,(anonymous_3)
FN:95,(anonymous_4)
FN:103,(anonymous_5)
FN:126,(anonymous_6)
FN:140,(anonymous_7)
FN:154,(anonymous_8)
FN:168,(anonymous_9)
FN:187,(anonymous_10)
FN:208,(anonymous_11)
FNF:12
FNH:0
FNDA:0,(anonymous_0)
FNDA:0,(anonymous_1)
FNDA:0,(anonymous_2)
FNDA:0,(anonymous_3)
FNDA:0,(anonymous_4)
FNDA:0,(anonymous_5)
FNDA:0,(anonymous_6)
FNDA:0,(anonymous_7)
FNDA:0,(anonymous_8)
FNDA:0,(anonymous_9)
FNDA:0,(anonymous_10)
FNDA:0,(anonymous_11)
DA:1,1
DA:2,1
DA:5,1
DA:6,0
DA:7,0
DA:25,0
DA:26,0
DA:32,0
DA:39,1
DA:40,0
DA:41,0
DA:59,0
DA:60,0
DA:66,0
DA:72,1
DA:75,0
DA:76,0
DA:77,0
DA:80,0
DA:86,0
DA:87,0
DA:89,0
DA:93,0
DA:96,0
DA:103,1
DA:104,0
DA:105,0
DA:107,0
DA:109,0
DA:110,0
DA:114,0
DA:126,1
DA:127,0
DA:128,0
DA:130,0
DA:132,0
DA:133,0
DA:136,0
DA:140,1
DA:141,0
DA:142,0
DA:144,0
DA:146,0
DA:147,0
DA:150,0
DA:154,1
DA:155,0
DA:156,0
DA:158,0
DA:160,0
DA:161,0
DA:164,0
DA:168,1
DA:169,0
DA:171,0
DA:172,0
DA:174,0
DA:176,0
DA:178,0
DA:179,0
DA:183,0
DA:187,1
DA:188,0
DA:191,0
DA:197,0
DA:199,0
DA:200,0
DA:204,0
DA:208,1
DA:209,0
DA:212,0
DA:218,0
DA:220,0
DA:221,0
DA:225,0
LF:75
LH:12
BRDA:25,0,0,0
BRDA:25,0,1,0
BRDA:59,1,0,0
BRDA:59,1,1,0
BRDA:107,2,0,0
BRDA:107,2,1,0
BRDA:132,3,0,0
BRDA:132,3,1,0
BRDA:146,4,0,0
BRDA:146,4,1,0
BRDA:160,5,0,0
BRDA:160,5,1,0
BRDA:176,6,0,0
BRDA:176,6,1,0
BRDA:197,7,0,0
BRDA:197,7,1,0
BRDA:218,8,0,0
BRDA:218,8,1,0
BRF:18
BRH:0
end_of_record
TN:
SF:Controllers\cityController.js
FN:3,(anonymous_0)
FN:15,(anonymous_1)
FN:30,(anonymous_2)
FN:43,(anonymous_3)
FN:58,(anonymous_4)
FNF:5
FNH:0
FNDA:0,(anonymous_0)
FNDA:0,(anonymous_1)
FNDA:0,(anonymous_2)
FNDA:0,(anonymous_3)
FNDA:0,(anonymous_4)
DA:1,1
DA:3,1
DA:4,0
DA:5,0
DA:7,0
DA:8,0
DA:11,0
DA:15,1
DA:16,0
DA:18,0
DA:19,0
DA:20,0
DA:25,0
DA:30,1
DA:31,0
DA:32,0
DA:33,0
DA:34,0
DA:35,0
DA:39,0
DA:43,1
DA:44,0
DA:45,0
DA:46,0
DA:48,0
DA:49,0
DA:54,0
DA:58,1
DA:59,0
DA:60,0
DA:61,0
DA:63,0
DA:64,0
DA:69,0
LF:34
LH:6
BRDA:7,0,0,0
BRDA:7,0,1,0
BRDA:19,1,0,0
BRDA:19,1,1,0
BRDA:34,2,0,0
BRDA:34,2,1,0
BRDA:48,3,0,0
BRDA:48,3,1,0
BRDA:63,4,0,0
BRDA:63,4,1,0
BRF:10
BRH:0
end_of_record
TN:
SF:Controllers\dashboardController.js
FN:9,(anonymous_0)
FN:32,(anonymous_1)
FN:54,(anonymous_2)
FN:76,(anonymous_3)
FN:101,(anonymous_4)
FN:123,(anonymous_5)
FN:166,(anonymous_6)
FN:197,(anonymous_7)
FN:223,(anonymous_8)
FN:233,(anonymous_9)
FN:247,(anonymous_10)
FN:263,(anonymous_11)
FN:277,(anonymous_12)
FN:291,(anonymous_13)
FN:306,(anonymous_14)
FN:315,(anonymous_15)
FN:332,(anonymous_16)
FN:341,(anonymous_17)
FNF:18
FNH:0
FNDA:0,(anonymous_0)
FNDA:0,(anonymous_1)
FNDA:0,(anonymous_2)
FNDA:0,(anonymous_3)
FNDA:0,(anonymous_4)
FNDA:0,(anonymous_5)
FNDA:0,(anonymous_6)
FNDA:0,(anonymous_7)
FNDA:0,(anonymous_8)
FNDA:0,(anonymous_9)
FNDA:0,(anonymous_10)
FNDA:0,(anonymous_11)
FNDA:0,(anonymous_12)
FNDA:0,(anonymous_13)
FNDA:0,(anonymous_14)
FNDA:0,(anonymous_15)
FNDA:0,(anonymous_16)
FNDA:0,(anonymous_17)
DA:1,1
DA:2,1
DA:3,1
DA:4,1
DA:5,1
DA:6,1
DA:9,1
DA:10,0
DA:11,0
DA:13,0
DA:14,0
DA:19,0
DA:27,0
DA:32,1
DA:33,0
DA:34,0
DA:37,0
DA:38,0
DA:44,0
DA:49,0
DA:54,1
DA:55,0
DA:56,0
DA:59,0
DA:60,0
DA:66,0
DA:71,0
DA:76,1
DA:77,0
DA:78,0
DA:81,0
DA:82,0
DA:89,0
DA:94,0
DA:101,1
DA:102,0
DA:103,0
DA:106,0
DA:107,0
DA:113,0
DA:118,0
DA:123,1
DA:151,0
DA:152,0
DA:154,0
DA:155,0
DA:161,0
DA:166,1
DA:180,0
DA:182,0
DA:184,0
DA:185,0
DA:191,0
DA:197,1
DA:198,0
DA:200,0
DA:201,0
DA:202,0
DA:204,0
DA:206,0
DA:208,0
DA:212,0
DA:216,0
DA:223,1
DA:224,0
DA:226,0
DA:228,0
DA:229,0
DA:233,0
DA:240,0
DA:247,1
DA:248,0
DA:250,0
DA:252,0
DA:253,0
DA:263,0
DA:270,0
DA:277,1
DA:278,0
DA:280,0
DA:282,0
DA:283,0
DA:292,0
DA:299,0
DA:306,1
DA:307,0
DA:309,0
DA:311,0
DA:312,0
DA:316,0
DA:324,0
DA:332,1
DA:333,0
DA:335,0
DA:337,0
DA:338,0
DA:342,0
DA:349,0
LF:98
LH:19
BRDA:13,0,0,0
BRDA:13,0,1,0
BRDA:37,1,0,0
BRDA:37,1,1,0
BRDA:59,2,0,0
BRDA:59,2,1,0
BRDA:81,3,0,0
BRDA:81,3,1,0
BRDA:106,4,0,0
BRDA:106,4,1,0
BRDA:154,5,0,0
BRDA:154,5,1,0
BRDA:184,6,0,0
BRDA:184,6,1,0
BRDA:206,7,0,0
BRDA:206,7,1,0
BRDA:228,8,0,0
BRDA:228,8,1,0
BRDA:252,9,0,0
BRDA:252,9,1,0
BRDA:282,10,0,0
BRDA:282,10,1,0
BRDA:311,11,0,0
BRDA:311,11,1,0
BRDA:337,12,0,0
BRDA:337,12,1,0
BRF:26
BRH:0
end_of_record
TN:
SF:Controllers\errorController.js
FN:5,(anonymous_0)
FN:9,(anonymous_1)
FN:14,(anonymous_2)
FN:16,(anonymous_3)
FNF:4
FNH:0
FNDA:0,(anonymous_0)
FNDA:0,(anonymous_1)
FNDA:0,(anonymous_2)
FNDA:0,(anonymous_3)
DA:1,2
DA:2,2
DA:5,2
DA:6,0
DA:9,2
DA:10,0
DA:11,0
DA:14,0
DA:15,0
DA:17,0
LF:10
LH:4
BRF:0
BRH:0
end_of_record
TN:
SF:Controllers\helpController.js
FN:3,(anonymous_0)
FN:15,(anonymous_1)
FN:28,(anonymous_2)
FN:40,(anonymous_3)
FN:54,(anonymous_4)
FNF:5
FNH:0
FNDA:0,(anonymous_0)
FNDA:0,(anonymous_1)
FNDA:0,(anonymous_2)
FNDA:0,(anonymous_3)
FNDA:0,(anonymous_4)
DA:1,1
DA:3,1
DA:4,0
DA:5,0
DA:6,0
DA:7,0
DA:11,0
DA:15,1
DA:16,0
DA:17,0
DA:18,0
DA:19,0
DA:23,0
DA:28,1
DA:29,0
DA:30,0
DA:31,0
DA:32,0
DA:36,0
DA:40,1
DA:41,0
DA:42,0
DA:44,0
DA:45,0
DA:50,0
DA:54,1
DA:55,0
DA:56,0
DA:58,0
DA:59,0
DA:64,0
LF:31
LH:6
BRDA:6,0,0,0
BRDA:6,0,1,0
BRDA:18,1,0,0
BRDA:18,1,1,0
BRDA:31,2,0,0
BRDA:31,2,1,0
BRDA:44,3,0,0
BRDA:44,3,1,0
BRDA:58,4,0,0
BRDA:58,4,1,0
BRF:10
BRH:0
end_of_record
TN:
SF:Controllers\orderController.js
FN:15,(anonymous_0)
FN:57,(anonymous_1)
FN:73,(anonymous_2)
FN:107,(anonymous_3)
FN:148,(anonymous_4)
FN:174,(anonymous_5)
FN:198,(anonymous_6)
FN:221,(anonymous_7)
FN:243,(anonymous_8)
FN:264,(anonymous_9)
FN:292,(anonymous_10)
FN:314,(anonymous_11)
FN:414,(anonymous_12)
FN:590,(anonymous_13)
FN:644,(anonymous_14)
FN:664,(anonymous_15)
FN:682,(anonymous_16)
FN:689,(anonymous_17)
FN:702,(anonymous_18)
FN:727,(anonymous_19)
FN:748,(anonymous_20)
FN:780,(anonymous_21)
FNF:22
FNH:0
FNDA:0,(anonymous_0)
FNDA:0,(anonymous_1)
FNDA:0,(anonymous_2)
FNDA:0,(anonymous_3)
FNDA:0,(anonymous_4)
FNDA:0,(anonymous_5)
FNDA:0,(anonymous_6)
FNDA:0,(anonymous_7)
FNDA:0,(anonymous_8)
FNDA:0,(anonymous_9)
FNDA:0,(anonymous_10)
FNDA:0,(anonymous_11)
FNDA:0,(anonymous_12)
FNDA:0,(anonymous_13)
FNDA:0,(anonymous_14)
FNDA:0,(anonymous_15)
FNDA:0,(anonymous_16)
FNDA:0,(anonymous_17)
FNDA:0,(anonymous_18)
FNDA:0,(anonymous_19)
FNDA:0,(anonymous_20)
FNDA:0,(anonymous_21)
DA:1,1
DA:2,1
DA:3,1
DA:4,1
DA:5,1
DA:6,1
DA:7,1
DA:8,1
DA:9,1
DA:10,1
DA:11,1
DA:12,1
DA:15,1
DA:16,0
DA:17,0
DA:41,0
DA:42,0
DA:50,0
DA:57,1
DA:58,0
DA:59,0
DA:60,0
DA:62,0
DA:64,0
DA:66,0
DA:73,1
DA:74,0
DA:75,0
DA:76,0
DA:84,0
DA:85,0
DA:86,0
DA:93,0
DA:100,0
DA:107,1
DA:108,0
DA:109,0
DA:111,0
DA:112,0
DA:113,0
DA:129,0
DA:130,0
DA:131,0
DA:140,0
DA:148,1
DA:149,0
DA:150,0
DA:152,0
DA:156,0
DA:157,0
DA:158,0
DA:166,0
DA:174,1
DA:175,0
DA:177,0
DA:178,0
DA:179,0
DA:181,0
DA:191,0
DA:198,1
DA:199,0
DA:201,0
DA:203,0
DA:204,0
DA:206,0
DA:215,0
DA:221,1
DA:222,0
DA:224,0
DA:226,0
DA:228,0
DA:236,0
DA:243,1
DA:244,0
DA:246,0
DA:247,0
DA:249,0
DA:257,0
DA:264,1
DA:266,0
DA:267,0
DA:268,0
DA:270,0
DA:271,0
DA:275,0
DA:277,0
DA:284,0
DA:288,0
DA:292,1
DA:293,0
DA:295,0
DA:296,0
DA:298,0
DA:306,0
DA:314,1
DA:315,0
DA:319,0
DA:322,0
DA:327,0
DA:330,0
DA:331,0
DA:332,0
DA:333,0
DA:336,0
DA:337,0
DA:338,0
DA:341,0
DA:356,0
DA:360,0
DA:365,0
DA:367,0
DA:368,0
DA:369,0
DA:371,0
DA:373,0
DA:377,0
DA:394,0
DA:396,0
DA:404,0
DA:405,0
DA:406,0
DA:407,0
DA:408,0
DA:410,0
DA:411,0
DA:414,0
DA:416,0
DA:419,0
DA:422,0
DA:425,0
DA:441,0
DA:443,0
DA:448,0
DA:451,0
DA:465,0
DA:466,0
DA:468,0
DA:473,0
DA:478,0
DA:480,0
DA:489,0
DA:490,0
DA:495,0
DA:496,0
DA:497,0
DA:515,0
DA:518,0
DA:519,0
DA:521,0
DA:540,0
DA:543,0
DA:544,0
DA:546,0
DA:565,0
DA:568,0
DA:570,0
DA:571,0
DA:572,0
DA:574,0
DA:584,0
DA:590,1
DA:591,0
DA:592,0
DA:593,0
DA:594,0
DA:595,0
DA:596,0
DA:597,0
DA:598,0
DA:599,0
DA:600,0
DA:601,0
DA:602,0
DA:603,0
DA:604,0
DA:605,0
DA:606,0
DA:607,0
DA:608,0
DA:609,0
DA:612,0
DA:624,0
DA:629,0
DA:636,0
DA:644,1
DA:645,0
DA:646,0
DA:648,0
DA:650,0
DA:651,0
DA:653,0
DA:656,0
DA:664,1
DA:665,0
DA:666,0
DA:667,0
DA:668,0
DA:669,0
DA:670,0
DA:672,0
DA:675,0
DA:682,1
DA:683,0
DA:684,0
DA:685,0
DA:686,0
DA:689,0
DA:690,0
DA:691,0
DA:694,0
DA:696,0
DA:697,0
DA:698,0
DA:699,0
DA:700,0
DA:702,0
DA:703,0
DA:704,0
DA:705,0
DA:708,0
DA:711,0
DA:712,0
DA:722,0
DA:727,1
DA:728,0
DA:729,0
DA:731,0
DA:733,0
DA:735,0
DA:738,0
DA:742,0
DA:748,1
DA:749,0
DA:751,0
DA:753,0
DA:754,0
DA:781,0
DA:788,0
LF:238
LH:30
BRDA:41,0,0,0
BRDA:41,0,1,0
BRDA:84,1,0,0
BRDA:84,1,1,0
BRDA:129,2,0,0
BRDA:129,2,1,0
BRDA:156,3,0,0
BRDA:156,3,1,0
BRDA:178,4,0,0
BRDA:178,4,1,0
BRDA:203,5,0,0
BRDA:203,5,1,0
BRDA:338,6,0,0
BRDA:338,6,1,0
BRDA:367,7,0,0
BRDA:367,7,1,0
BRDA:404,8,0,0
BRDA:404,8,1,0
BRDA:448,9,0,0
BRDA:448,9,1,0
BRDA:478,10,0,0
BRDA:478,10,1,0
BRDA:495,11,0,0
BRDA:495,11,1,0
BRDA:518,12,0,0
BRDA:518,12,1,0
BRDA:543,13,0,0
BRDA:543,13,1,0
BRDA:572,14,0,0
BRDA:572,14,1,0
BRDA:608,15,0,0
BRDA:608,15,1,0
BRDA:608,16,0,0
BRDA:608,16,1,0
BRDA:650,17,0,0
BRDA:650,17,1,0
BRDA:669,18,0,0
BRDA:669,18,1,0
BRDA:690,19,0,0
BRDA:690,19,1,0
BRDA:694,20,0,0
BRDA:694,20,1,0
BRDA:698,21,0,0
BRDA:698,21,1,0
BRDA:703,22,0,0
BRDA:703,22,1,0
BRDA:711,23,0,0
BRDA:711,23,1,0
BRDA:733,24,0,0
BRDA:733,24,1,0
BRDA:753,25,0,0
BRDA:753,25,1,0
BRF:52
BRH:0
end_of_record
TN:
SF:Controllers\paymentController.js
FN:15,(anonymous_0)
FN:24,(anonymous_1)
FN:38,(anonymous_2)
FN:44,(anonymous_3)
FN:55,(anonymous_4)
FN:58,(anonymous_5)
FN:74,(anonymous_6)
FN:79,(anonymous_7)
FN:90,(anonymous_8)
FN:95,(anonymous_9)
FN:111,(anonymous_10)
FNF:11
FNH:0
FNDA:0,(anonymous_0)
FNDA:0,(anonymous_1)
FNDA:0,(anonymous_2)
FNDA:0,(anonymous_3)
FNDA:0,(anonymous_4)
FNDA:0,(anonymous_5)
FNDA:0,(anonymous_6)
FNDA:0,(anonymous_7)
FNDA:0,(anonymous_8)
FNDA:0,(anonymous_9)
FNDA:0,(anonymous_10)
DA:1,1
DA:2,1
DA:3,1
DA:4,1
DA:5,1
DA:7,1
DA:9,1
DA:15,1
DA:16,0
DA:17,0
DA:19,0
DA:24,0
DA:25,0
DA:27,0
DA:28,0
DA:31,0
DA:34,0
DA:38,1
DA:39,0
DA:40,0
DA:41,0
DA:43,0
DA:45,0
DA:46,0
DA:47,0
DA:48,0
DA:49,0
DA:50,0
DA:56,0
DA:57,0
DA:59,0
DA:67,0
DA:74,1
DA:75,0
DA:76,0
DA:77,0
DA:79,0
DA:80,0
DA:81,0
DA:82,0
DA:83,0
DA:84,0
DA:85,0
DA:91,0
DA:96,0
DA:103,0
DA:111,1
DA:112,0
DA:113,0
DA:115,0
DA:116,0
DA:117,0
DA:118,0
DA:126,0
LF:54
LH:11
BRDA:27,0,0,0
BRDA:27,0,1,0
BRDA:45,1,0,0
BRDA:45,1,1,0
BRDA:47,2,0,0
BRDA:47,2,1,0
BRDA:80,3,0,0
BRDA:80,3,1,0
BRDA:83,4,0,0
BRDA:83,4,1,0
BRDA:116,5,0,0
BRDA:116,5,1,0
BRF:12
BRH:0
end_of_record
TN:
SF:Controllers\petProductController.js
FN:3,(anonymous_0)
FN:35,(anonymous_1)
FN:76,(anonymous_2)
FN:85,(anonymous_3)
FN:93,(anonymous_4)
FN:114,(anonymous_5)
FN:130,(anonymous_6)
FN:149,(anonymous_7)
FN:177,(anonymous_8)
FNF:9
FNH:0
FNDA:0,(anonymous_0)
FNDA:0,(anonymous_1)
FNDA:0,(anonymous_2)
FNDA:0,(anonymous_3)
FNDA:0,(anonymous_4)
FNDA:0,(anonymous_5)
FNDA:0,(anonymous_6)
FNDA:0,(anonymous_7)
FNDA:0,(anonymous_8)
DA:1,1
DA:3,1
DA:4,0
DA:5,0
DA:7,0
DA:9,0
DA:11,0
DA:12,0
DA:17,0
DA:20,0
DA:25,0
DA:30,0
DA:35,1
DA:37,0
DA:39,0
DA:40,0
DA:47,0
DA:48,0
DA:49,0
DA:50,0
DA:51,0
DA:52,0
DA:53,0
DA:54,0
DA:55,0
DA:56,0
DA:57,0
DA:58,0
DA:61,0
DA:76,0
DA:77,0
DA:79,0
DA:83,0
DA:86,0
DA:93,1
DA:94,0
DA:95,0
DA:105,0
DA:106,0
DA:109,0
DA:114,1
DA:115,0
DA:116,0
DA:118,0
DA:120,0
DA:121,0
DA:122,0
DA:126,0
DA:130,1
DA:131,0
DA:132,0
DA:134,0
DA:137,0
DA:138,0
DA:139,0
DA:144,0
DA:149,1
DA:150,0
DA:151,0
DA:152,0
DA:153,0
DA:168,0
DA:169,0
DA:172,0
DA:177,1
DA:178,0
DA:179,0
DA:181,0
DA:183,0
DA:184,0
DA:185,0
DA:190,0
LF:72
LH:8
BRDA:11,0,0,0
BRDA:11,0,1,0
BRDA:39,1,0,0
BRDA:39,1,1,0
BRDA:105,2,0,0
BRDA:105,2,1,0
BRDA:120,3,0,0
BRDA:120,3,1,0
BRDA:137,4,0,0
BRDA:137,4,1,0
BRDA:168,5,0,0
BRDA:168,5,1,0
BRDA:183,6,0,0
BRDA:183,6,1,0
BRF:14
BRH:0
end_of_record
TN:
SF:Controllers\pincodeController.js
FN:3,(anonymous_0)
FN:31,(anonymous_1)
FN:39,(anonymous_2)
FN:51,(anonymous_3)
FN:65,(anonymous_4)
FN:81,(anonymous_5)
FNF:6
FNH:0
FNDA:0,(anonymous_0)
FNDA:0,(anonymous_1)
FNDA:0,(anonymous_2)
FNDA:0,(anonymous_3)
FNDA:0,(anonymous_4)
FNDA:0,(anonymous_5)
DA:1,1
DA:3,1
DA:4,0
DA:5,0
DA:6,0
DA:7,0
DA:8,0
DA:9,0
DA:10,0
DA:11,0
DA:12,0
DA:13,0
DA:14,0
DA:15,0
DA:17,0
DA:31,0
DA:32,0
DA:35,0
DA:39,1
DA:40,0
DA:41,0
DA:43,0
DA:44,0
DA:47,0
DA:51,1
DA:52,0
DA:54,0
DA:55,0
DA:57,0
DA:58,0
DA:61,0
DA:65,1
DA:66,0
DA:67,0
DA:70,0
DA:72,0
DA:73,0
DA:76,0
DA:81,1
DA:82,0
DA:83,0
DA:85,0
DA:86,0
DA:90,0
LF:44
LH:6
BRDA:43,0,0,0
BRDA:43,0,1,0
BRDA:57,1,0,0
BRDA:57,1,1,0
BRDA:72,2,0,0
BRDA:72,2,1,0
BRDA:85,3,0,0
BRDA:85,3,1,0
BRF:8
BRH:0
end_of_record
TN:
SF:Controllers\placedOrderController.js
FN:16,(anonymous_0)
FN:24,(anonymous_1)
FN:49,(anonymous_2)
FN:90,(anonymous_3)
FN:135,(anonymous_4)
FN:154,(anonymous_5)
FN:176,(anonymous_6)
FN:196,(anonymous_7)
FN:213,(anonymous_8)
FN:235,(anonymous_9)
FN:246,(anonymous_10)
FNF:11
FNH:0
FNDA:0,(anonymous_0)
FNDA:0,(anonymous_1)
FNDA:0,(anonymous_2)
FNDA:0,(anonymous_3)
FNDA:0,(anonymous_4)
FNDA:0,(anonymous_5)
FNDA:0,(anonymous_6)
FNDA:0,(anonymous_7)
FNDA:0,(anonymous_8)
FNDA:0,(anonymous_9)
FNDA:0,(anonymous_10)
DA:1,1
DA:2,1
DA:3,1
DA:4,1
DA:5,1
DA:6,1
DA:7,1
DA:9,1
DA:11,1
DA:16,1
DA:17,0
DA:18,0
DA:20,0
DA:24,0
DA:25,0
DA:26,0
DA:27,0
DA:34,0
DA:42,0
DA:49,1
DA:50,0
DA:52,0
DA:54,0
DA:56,0
DA:57,0
DA:59,0
DA:66,0
DA:67,0
DA:74,0
DA:83,0
DA:90,1
DA:91,0
DA:93,0
DA:104,0
DA:105,0
DA:106,0
DA:108,0
DA:109,0
DA:110,0
DA:112,0
DA:113,0
DA:115,0
DA:117,0
DA:119,0
DA:120,0
DA:121,0
DA:127,0
DA:135,1
DA:136,0
DA:137,0
DA:139,0
DA:140,0
DA:141,0
DA:142,0
DA:147,0
DA:154,1
DA:155,0
DA:156,0
DA:157,0
DA:159,0
DA:160,0
DA:164,0
DA:169,0
DA:176,1
DA:177,0
DA:178,0
DA:179,0
DA:181,0
DA:182,0
DA:183,0
DA:184,0
DA:188,0
DA:196,1
DA:197,0
DA:198,0
DA:200,0
DA:201,0
DA:202,0
DA:207,0
DA:213,1
DA:214,0
DA:215,0
DA:217,0
DA:218,0
DA:219,0
DA:224,0
DA:228,0
DA:235,1
DA:236,0
DA:237,0
DA:239,0
DA:247,0
DA:248,0
DA:253,0
DA:258,0
LF:95
LH:18
BRDA:26,0,0,0
BRDA:26,0,1,0
BRDA:66,1,0,0
BRDA:66,1,1,0
BRDA:104,2,0,0
BRDA:104,2,1,0
BRDA:104,3,0,0
BRDA:104,3,1,0
BRDA:108,4,0,0
BRDA:108,4,1,0
BRDA:108,5,0,0
BRDA:108,5,1,0
BRDA:112,6,0,0
BRDA:112,6,1,0
BRDA:119,7,0,0
BRDA:119,7,1,0
BRDA:140,8,0,0
BRDA:140,8,1,0
BRDA:159,9,0,0
BRDA:159,9,1,0
BRDA:182,10,0,0
BRDA:182,10,1,0
BRDA:200,11,0,0
BRDA:200,11,1,0
BRDA:218,12,0,0
BRDA:218,12,1,0
BRDA:247,13,0,0
BRDA:247,13,1,0
BRF:28
BRH:0
end_of_record
TN:
SF:Controllers\productController.js
FN:16,(anonymous_0)
FN:47,(anonymous_1)
FN:86,(anonymous_2)
FN:115,(anonymous_3)
FN:163,(anonymous_4)
FN:173,(anonymous_5)
FN:181,(anonymous_6)
FN:200,(anonymous_7)
FN:218,(anonymous_8)
FN:246,(anonymous_9)
FN:275,(anonymous_10)
FN:281,(anonymous_11)
FN:287,(anonymous_12)
FN:314,(anonymous_13)
FN:343,(anonymous_14)
FN:349,(anonymous_15)
FN:358,(anonymous_16)
FN:392,(anonymous_17)
FN:435,(anonymous_18)
FN:437,(anonymous_19)
FNF:20
FNH:0
FNDA:0,(anonymous_0)
FNDA:0,(anonymous_1)
FNDA:0,(anonymous_2)
FNDA:0,(anonymous_3)
FNDA:0,(anonymous_4)
FNDA:0,(anonymous_5)
FNDA:0,(anonymous_6)
FNDA:0,(anonymous_7)
FNDA:0,(anonymous_8)
FNDA:0,(anonymous_9)
FNDA:0,(anonymous_10)
FNDA:0,(anonymous_11)
FNDA:0,(anonymous_12)
FNDA:0,(anonymous_13)
FNDA:0,(anonymous_14)
FNDA:0,(anonymous_15)
FNDA:0,(anonymous_16)
FNDA:0,(anonymous_17)
FNDA:0,(anonymous_18)
FNDA:0,(anonymous_19)
DA:1,1
DA:2,1
DA:4,1
DA:5,1
DA:7,1
DA:8,1
DA:10,1
DA:16,1
DA:17,0
DA:18,0
DA:20,0
DA:22,0
DA:24,0
DA:25,0
DA:30,0
DA:33,0
DA:39,0
DA:43,0
DA:47,1
DA:49,0
DA:50,0
DA:51,0
DA:53,0
DA:54,0
DA:58,0
DA:71,0
DA:78,0
DA:82,0
DA:86,1
DA:87,0
DA:88,0
DA:90,0
DA:92,0
DA:93,0
DA:100,0
DA:105,0
DA:108,0
DA:115,1
DA:118,0
DA:120,0
DA:121,0
DA:126,0
DA:127,0
DA:128,0
DA:129,0
DA:130,0
DA:131,0
DA:132,0
DA:133,0
DA:134,0
DA:135,0
DA:136,0
DA:137,0
DA:138,0
DA:139,0
DA:142,0
DA:143,0
DA:145,0
DA:161,0
DA:163,0
DA:164,0
DA:166,0
DA:170,0
DA:174,0
DA:181,1
DA:182,0
DA:183,0
DA:185,0
DA:187,0
DA:188,0
DA:189,0
DA:193,0
DA:200,1
DA:201,0
DA:202,0
DA:204,0
DA:205,0
DA:206,0
DA:210,0
DA:218,1
DA:219,0
DA:221,0
DA:222,0
DA:223,0
DA:224,0
DA:225,0
DA:226,0
DA:228,0
DA:229,0
DA:230,0
DA:232,0
DA:233,0
DA:234,0
DA:236,0
DA:238,0
DA:239,0
DA:240,0
DA:245,0
DA:248,0
DA:249,0
DA:253,0
DA:254,0
DA:255,0
DA:258,0
DA:259,0
DA:260,0
DA:261,0
DA:262,0
DA:263,0
DA:264,0
DA:268,0
DA:269,0
DA:273,0
DA:276,0
DA:277,0
DA:278,0
DA:282,0
DA:283,0
DA:287,1
DA:288,0
DA:290,0
DA:291,0
DA:292,0
DA:293,0
DA:294,0
DA:295,0
DA:297,0
DA:298,0
DA:299,0
DA:301,0
DA:302,0
DA:303,0
DA:304,0
DA:313,0
DA:316,0
DA:317,0
DA:326,0
DA:327,0
DA:328,0
DA:329,0
DA:330,0
DA:331,0
DA:332,0
DA:333,0
DA:334,0
DA:341,0
DA:344,0
DA:345,0
DA:346,0
DA:350,0
DA:351,0
DA:358,1
DA:360,0
DA:361,0
DA:362,0
DA:364,0
DA:365,0
DA:370,0
DA:373,0
DA:378,0
DA:384,0
DA:392,1
DA:393,0
DA:394,0
DA:395,0
DA:399,0
DA:403,0
DA:404,0
DA:406,0
DA:407,0
DA:408,0
DA:409,0
DA:410,0
DA:411,0
DA:412,0
DA:418,0
DA:419,0
DA:420,0
DA:421,0
DA:422,0
DA:431,0
DA:435,1
DA:436,0
DA:437,0
LF:184
LH:18
BRDA:24,0,0,0
BRDA:24,0,1,0
BRDA:92,1,0,0
BRDA:92,1,1,0
BRDA:120,2,0,0
BRDA:120,2,1,0
BRDA:188,3,0,0
BRDA:188,3,1,0
BRDA:205,4,0,0
BRDA:205,4,1,0
BRDA:238,5,0,0
BRDA:238,5,1,0
BRDA:248,6,0,0
BRDA:248,6,1,0
BRDA:253,7,0,0
BRDA:253,7,1,0
BRDA:316,8,0,0
BRDA:316,8,1,0
BRDA:364,9,0,0
BRDA:364,9,1,0
BRDA:406,10,0,0
BRDA:406,10,1,0
BRDA:411,11,0,0
BRDA:411,11,1,0
BRDA:418,12,0,0
BRDA:418,12,1,0
BRDA:421,13,0,0
BRDA:421,13,1,0
BRF:28
BRH:0
end_of_record
TN:
SF:Controllers\promoController.js
FN:5,(anonymous_0)
FN:18,(anonymous_1)
FN:33,(anonymous_2)
FN:51,(anonymous_3)
FN:67,(anonymous_4)
FNF:5
FNH:0
FNDA:0,(anonymous_0)
FNDA:0,(anonymous_1)
FNDA:0,(anonymous_2)
FNDA:0,(anonymous_3)
FNDA:0,(anonymous_4)
DA:1,1
DA:2,1
DA:5,1
DA:6,0
DA:7,0
DA:9,0
DA:10,0
DA:11,0
DA:14,0
DA:18,1
DA:19,0
DA:21,0
DA:22,0
DA:23,0
DA:24,0
DA:29,0
DA:33,1
DA:34,0
DA:35,0
DA:36,0
DA:38,0
DA:39,0
DA:43,0
DA:47,0
DA:51,1
DA:52,0
DA:53,0
DA:54,0
DA:56,0
DA:57,0
DA:58,0
DA:63,0
DA:67,1
DA:68,0
DA:69,0
DA:70,0
DA:72,0
DA:73,0
DA:74,0
DA:79,0
LF:40
LH:7
BRDA:9,0,0,0
BRDA:9,0,1,0
BRDA:22,1,0,0
BRDA:22,1,1,0
BRDA:38,2,0,0
BRDA:38,2,1,0
BRDA:56,3,0,0
BRDA:56,3,1,0
BRDA:72,4,0,0
BRDA:72,4,1,0
BRF:10
BRH:0
end_of_record
TN:
SF:Controllers\quantityController.js
FN:5,(anonymous_0)
FN:17,(anonymous_1)
FN:34,(anonymous_2)
FN:48,(anonymous_3)
FN:63,(anonymous_4)
FN:78,(anonymous_5)
FNF:6
FNH:0
FNDA:0,(anonymous_0)
FNDA:0,(anonymous_1)
FNDA:0,(anonymous_2)
FNDA:0,(anonymous_3)
FNDA:0,(anonymous_4)
FNDA:0,(anonymous_5)
DA:1,1
DA:2,1
DA:5,1
DA:6,0
DA:7,0
DA:9,0
DA:12,0
DA:13,0
DA:18,0
DA:20,0
DA:24,0
DA:28,0
DA:34,1
DA:35,0
DA:36,0
DA:37,0
DA:38,0
DA:39,0
DA:42,0
DA:48,1
DA:49,0
DA:50,0
DA:51,0
DA:53,0
DA:54,0
DA:57,0
DA:63,1
DA:64,0
DA:65,0
DA:66,0
DA:67,0
DA:68,0
DA:72,0
DA:78,1
DA:79,0
DA:80,0
DA:81,0
DA:82,0
DA:83,0
DA:86,0
LF:40
LH:7
BRDA:18,0,0,0
BRDA:18,0,1,0
BRDA:38,1,0,0
BRDA:38,1,1,0
BRDA:53,2,0,0
BRDA:53,2,1,0
BRDA:67,3,0,0
BRDA:67,3,1,0
BRDA:82,4,0,0
BRDA:82,4,1,0
BRF:10
BRH:0
end_of_record
TN:
SF:Controllers\refundController.js
FN:7,(anonymous_0)
FN:32,(anonymous_1)
FN:55,(anonymous_2)
FN:81,(anonymous_3)
FN:100,(anonymous_4)
FNF:5
FNH:0
FNDA:0,(anonymous_0)
FNDA:0,(anonymous_1)
FNDA:0,(anonymous_2)
FNDA:0,(anonymous_3)
FNDA:0,(anonymous_4)
DA:1,1
DA:2,1
DA:3,1
DA:4,1
DA:5,1
DA:7,1
DA:8,0
DA:9,0
DA:10,0
DA:11,0
DA:13,0
DA:15,0
DA:16,0
DA:19,0
DA:25,0
DA:32,1
DA:33,0
DA:34,0
DA:36,0
DA:39,0
DA:48,0
DA:55,1
DA:56,0
DA:57,0
DA:58,0
DA:60,0
DA:62,0
DA:65,0
DA:74,0
DA:81,1
DA:82,0
DA:83,0
DA:84,0
DA:86,0
DA:87,0
DA:89,0
DA:92,0
DA:100,1
DA:101,0
DA:102,0
DA:104,0
DA:106,0
DA:107,0
DA:111,0
LF:44
LH:10
BRDA:15,0,0,0
BRDA:15,0,1,0
BRDA:36,1,0,0
BRDA:36,1,1,0
BRDA:62,2,0,0
BRDA:62,2,1,0
BRDA:86,3,0,0
BRDA:86,3,1,0
BRDA:106,4,0,0
BRDA:106,4,1,0
BRF:10
BRH:0
end_of_record
TN:
SF:Controllers\slotController.js
FN:5,(anonymous_0)
FN:19,(anonymous_1)
FN:32,(anonymous_2)
FN:48,(anonymous_3)
FN:58,(anonymous_4)
FN:63,(anonymous_5)
FN:74,(anonymous_6)
FN:106,(anonymous_7)
FN:123,(anonymous_8)
FNF:9
FNH:0
FNDA:0,(anonymous_0)
FNDA:0,(anonymous_1)
FNDA:0,(anonymous_2)
FNDA:0,(anonymous_3)
FNDA:0,(anonymous_4)
FNDA:0,(anonymous_5)
FNDA:0,(anonymous_6)
FNDA:0,(anonymous_7)
FNDA:0,(anonymous_8)
DA:1,1
DA:2,1
DA:5,1
DA:6,0
DA:7,0
DA:9,0
DA:10,0
DA:11,0
DA:14,0
DA:19,1
DA:20,0
DA:21,0
DA:23,0
DA:24,0
DA:25,0
DA:28,0
DA:32,1
DA:33,0
DA:35,0
DA:37,0
DA:39,0
DA:40,0
DA:41,0
DA:44,0
DA:48,1
DA:49,0
DA:50,0
DA:51,0
DA:53,0
DA:59,0
DA:64,0
DA:69,0
DA:74,1
DA:75,0
DA:76,0
DA:78,0
DA:79,0
DA:80,0
DA:82,0
DA:83,0
DA:84,0
DA:85,0
DA:91,0
DA:96,0
DA:97,0
DA:98,0
DA:101,0
DA:106,1
DA:107,0
DA:108,0
DA:110,0
DA:113,0
DA:114,0
DA:115,0
DA:118,0
DA:123,1
DA:124,0
DA:126,0
DA:128,0
DA:130,0
DA:131,0
DA:132,0
DA:135,0
LF:63
LH:9
BRDA:9,0,0,0
BRDA:9,0,1,0
BRDA:23,1,0,0
BRDA:23,1,1,0
BRDA:39,2,0,0
BRDA:39,2,1,0
BRDA:96,3,0,0
BRDA:96,3,1,0
BRDA:113,4,0,0
BRDA:113,4,1,0
BRDA:130,5,0,0
BRDA:130,5,1,0
BRF:12
BRH:0
end_of_record
TN:
SF:Controllers\subAdminController.js
FN:8,(anonymous_0)
FN:32,(anonymous_1)
FN:57,(anonymous_2)
FN:80,(anonymous_3)
FN:88,(anonymous_4)
FN:97,(anonymous_5)
FN:115,(anonymous_6)
FN:121,(anonymous_7)
FN:162,(anonymous_8)
FN:171,(anonymous_9)
FN:212,(anonymous_10)
FN:217,(anonymous_11)
FNF:12
FNH:0
FNDA:0,(anonymous_0)
FNDA:0,(anonymous_1)
FNDA:0,(anonymous_2)
FNDA:0,(anonymous_3)
FNDA:0,(anonymous_4)
FNDA:0,(anonymous_5)
FNDA:0,(anonymous_6)
FNDA:0,(anonymous_7)
FNDA:0,(anonymous_8)
FNDA:0,(anonymous_9)
FNDA:0,(anonymous_10)
FNDA:0,(anonymous_11)
DA:1,1
DA:3,1
DA:4,1
DA:5,1
DA:8,1
DA:9,0
DA:10,0
DA:12,0
DA:14,0
DA:15,0
DA:21,0
DA:28,0
DA:32,1
DA:33,0
DA:34,0
DA:36,0
DA:38,0
DA:39,0
DA:45,0
DA:52,0
DA:57,1
DA:58,0
DA:60,0
DA:62,0
DA:63,0
DA:69,0
DA:76,0
DA:80,1
DA:81,0
DA:82,0
DA:87,0
DA:89,0
DA:90,0
DA:91,0
DA:92,0
DA:94,0
DA:96,0
DA:98,0
DA:99,0
DA:100,0
DA:101,0
DA:104,0
DA:109,0
DA:116,0
DA:121,1
DA:123,0
DA:124,0
DA:127,0
DA:128,0
DA:129,0
DA:131,0
DA:132,0
DA:133,0
DA:135,0
DA:136,0
DA:137,0
DA:139,0
DA:140,0
DA:141,0
DA:143,0
DA:144,0
DA:145,0
DA:147,0
DA:148,0
DA:149,0
DA:151,0
DA:152,0
DA:153,0
DA:155,0
DA:156,0
DA:157,0
DA:161,0
DA:163,0
DA:164,0
DA:170,0
DA:172,0
DA:211,0
DA:213,0
DA:218,0
LF:79
LH:9
BRDA:14,0,0,0
BRDA:14,0,1,0
BRDA:38,1,0,0
BRDA:38,1,1,0
BRDA:62,2,0,0
BRDA:62,2,1,0
BRDA:89,3,0,0
BRDA:89,3,1,0
BRDA:98,4,0,0
BRDA:98,4,1,0
BRDA:163,5,0,0
BRDA:163,5,1,0
BRF:12
BRH:0
end_of_record
TN:
SF:Controllers\subOrderController.js
FN:3,(anonymous_0)
FN:28,(anonymous_1)
FN:49,(anonymous_2)
FNF:3
FNH:0
FNDA:0,(anonymous_0)
FNDA:0,(anonymous_1)
FNDA:0,(anonymous_2)
DA:1,1
DA:3,1
DA:4,0
DA:5,0
DA:6,0
DA:7,0
DA:9,0
DA:11,0
DA:12,0
DA:21,0
DA:28,1
DA:29,0
DA:32,0
DA:34,0
DA:35,0
DA:42,0
DA:49,1
DA:50,0
DA:52,0
DA:53,0
DA:55,0
DA:56,0
DA:62,0
LF:23
LH:4
BRDA:11,0,0,0
BRDA:11,0,1,0
BRDA:34,1,0,0
BRDA:34,1,1,0
BRDA:55,2,0,0
BRDA:55,2,1,0
BRF:6
BRH:0
end_of_record
TN:
SF:Controllers\subscriptionController.js
FN:13,(anonymous_0)
FN:44,(anonymous_1)
FN:68,(anonymous_2)
FN:97,(anonymous_3)
FN:107,(anonymous_4)
FN:122,(anonymous_5)
FN:137,(anonymous_6)
FN:153,(anonymous_7)
FN:170,(anonymous_8)
FN:190,(anonymous_9)
FN:208,(anonymous_10)
FN:227,(anonymous_11)
FN:266,(anonymous_12)
FN:316,(anonymous_13)
FN:350,(anonymous_14)
FN:396,(anonymous_15)
FN:428,(anonymous_16)
FN:553,(anonymous_17)
FN:669,(anonymous_18)
FN:794,(anonymous_19)
FN:844,(anonymous_20)
FN:928,(anonymous_21)
FN:978,(anonymous_22)
FN:1062,(anonymous_23)
FN:1355,(anonymous_24)
FN:1380,(anonymous_25)
FN:1491,(anonymous_26)
FNF:27
FNH:0
FNDA:0,(anonymous_0)
FNDA:0,(anonymous_1)
FNDA:0,(anonymous_2)
FNDA:0,(anonymous_3)
FNDA:0,(anonymous_4)
FNDA:0,(anonymous_5)
FNDA:0,(anonymous_6)
FNDA:0,(anonymous_7)
FNDA:0,(anonymous_8)
FNDA:0,(anonymous_9)
FNDA:0,(anonymous_10)
FNDA:0,(anonymous_11)
FNDA:0,(anonymous_12)
FNDA:0,(anonymous_13)
FNDA:0,(anonymous_14)
FNDA:0,(anonymous_15)
FNDA:0,(anonymous_16)
FNDA:0,(anonymous_17)
FNDA:0,(anonymous_18)
FNDA:0,(anonymous_19)
FNDA:0,(anonymous_20)
FNDA:0,(anonymous_21)
FNDA:0,(anonymous_22)
FNDA:0,(anonymous_23)
FNDA:0,(anonymous_24)
FNDA:0,(anonymous_25)
FNDA:0,(anonymous_26)
DA:1,1
DA:2,1
DA:3,1
DA:4,1
DA:6,1
DA:7,1
DA:8,1
DA:9,1
DA:10,1
DA:11,1
DA:13,1
DA:14,0
DA:15,0
DA:17,0
DA:18,0
DA:28,0
DA:29,0
DA:39,0
DA:44,1
DA:46,0
DA:47,0
DA:48,0
DA:49,0
DA:50,0
DA:51,0
DA:52,0
DA:53,0
DA:56,0
DA:68,0
DA:69,0
DA:71,0
DA:75,0
DA:77,0
DA:78,0
DA:87,0
DA:89,0
DA:90,0
DA:98,0
DA:107,1
DA:108,0
DA:110,0
DA:111,0
DA:112,0
DA:115,0
DA:118,0
DA:122,1
DA:123,0
DA:124,0
DA:126,0
DA:127,0
DA:128,0
DA:130,0
DA:133,0
DA:137,1
DA:138,0
DA:139,0
DA:141,0
DA:143,0
DA:144,0
DA:146,0
DA:149,0
DA:153,1
DA:154,0
DA:155,0
DA:157,0
DA:159,0
DA:160,0
DA:162,0
DA:165,0
DA:170,1
DA:171,0
DA:172,0
DA:174,0
DA:176,0
DA:177,0
DA:179,0
DA:182,0
DA:190,1
DA:191,0
DA:192,0
DA:193,0
DA:194,0
DA:198,0
DA:199,0
DA:201,0
DA:204,0
DA:208,1
DA:209,0
DA:211,0
DA:213,0
DA:215,0
DA:216,0
DA:219,0
DA:222,0
DA:227,1
DA:228,0
DA:229,0
DA:230,0
DA:231,0
DA:233,0
DA:236,0
DA:238,0
DA:240,0
DA:242,0
DA:250,0
DA:252,0
DA:253,0
DA:262,0
DA:266,1
DA:267,0
DA:268,0
DA:270,0
DA:272,0
DA:274,0
DA:276,0
DA:277,0
DA:281,0
DA:316,1
DA:317,0
DA:318,0
DA:320,0
DA:321,0
DA:322,0
DA:323,0
DA:324,0
DA:325,0
DA:326,0
DA:328,0
DA:329,0
DA:333,0
DA:334,0
DA:336,0
DA:340,0
DA:341,0
DA:346,0
DA:350,1
DA:351,0
DA:352,0
DA:353,0
DA:354,0
DA:355,0
DA:356,0
DA:357,0
DA:358,0
DA:359,0
DA:361,0
DA:363,0
DA:364,0
DA:365,0
DA:366,0
DA:370,0
DA:372,0
DA:373,0
DA:374,0
DA:375,0
DA:376,0
DA:377,0
DA:378,0
DA:379,0
DA:380,0
DA:381,0
DA:382,0
DA:383,0
DA:385,0
DA:386,0
DA:391,0
DA:396,1
DA:397,0
DA:398,0
DA:399,0
DA:400,0
DA:401,0
DA:402,0
DA:403,0
DA:404,0
DA:405,0
DA:406,0
DA:408,0
DA:409,0
DA:410,0
DA:413,0
DA:414,0
DA:415,0
DA:416,0
DA:417,0
DA:418,0
DA:419,0
DA:421,0
DA:424,0
DA:428,1
DA:429,0
DA:430,0
DA:431,0
DA:432,0
DA:433,0
DA:434,0
DA:435,0
DA:436,0
DA:437,0
DA:438,0
DA:439,0
DA:440,0
DA:441,0
DA:442,0
DA:443,0
DA:444,0
DA:445,0
DA:446,0
DA:447,0
DA:449,0
DA:450,0
DA:451,0
DA:452,0
DA:453,0
DA:454,0
DA:455,0
DA:456,0
DA:457,0
DA:458,0
DA:459,0
DA:460,0
DA:461,0
DA:463,0
DA:464,0
DA:465,0
DA:467,0
DA:468,0
DA:469,0
DA:470,0
DA:472,0
DA:474,0
DA:478,0
DA:489,0
DA:491,0
DA:496,0
DA:498,0
DA:507,0
DA:508,0
DA:513,0
DA:514,0
DA:515,0
DA:533,0
DA:535,0
DA:536,0
DA:537,0
DA:538,0
DA:540,0
DA:549,0
DA:553,1
DA:554,0
DA:555,0
DA:556,0
DA:557,0
DA:558,0
DA:559,0
DA:560,0
DA:561,0
DA:562,0
DA:563,0
DA:564,0
DA:565,0
DA:566,0
DA:567,0
DA:568,0
DA:569,0
DA:570,0
DA:571,0
DA:572,0
DA:574,0
DA:575,0
DA:576,0
DA:577,0
DA:578,0
DA:579,0
DA:580,0
DA:581,0
DA:582,0
DA:583,0
DA:584,0
DA:585,0
DA:586,0
DA:587,0
DA:589,0
DA:590,0
DA:591,0
DA:593,0
DA:594,0
DA:605,0
DA:607,0
DA:612,0
DA:614,0
DA:623,0
DA:624,0
DA:629,0
DA:630,0
DA:631,0
DA:649,0
DA:651,0
DA:652,0
DA:653,0
DA:654,0
DA:656,0
DA:665,0
DA:669,1
DA:670,0
DA:671,0
DA:672,0
DA:673,0
DA:674,0
DA:675,0
DA:676,0
DA:677,0
DA:678,0
DA:679,0
DA:680,0
DA:681,0
DA:682,0
DA:683,0
DA:684,0
DA:685,0
DA:686,0
DA:687,0
DA:688,0
DA:690,0
DA:691,0
DA:692,0
DA:693,0
DA:694,0
DA:695,0
DA:696,0
DA:697,0
DA:698,0
DA:699,0
DA:700,0
DA:701,0
DA:702,0
DA:704,0
DA:705,0
DA:706,0
DA:708,0
DA:709,0
DA:710,0
DA:711,0
DA:713,0
DA:715,0
DA:719,0
DA:730,0
DA:732,0
DA:737,0
DA:739,0
DA:748,0
DA:749,0
DA:754,0
DA:755,0
DA:756,0
DA:774,0
DA:776,0
DA:777,0
DA:778,0
DA:779,0
DA:781,0
DA:790,0
DA:794,1
DA:795,0
DA:796,0
DA:797,0
DA:798,0
DA:799,0
DA:800,0
DA:801,0
DA:802,0
DA:803,0
DA:804,0
DA:805,0
DA:806,0
DA:807,0
DA:808,0
DA:809,0
DA:810,0
DA:811,0
DA:812,0
DA:813,0
DA:815,0
DA:816,0
DA:817,0
DA:818,0
DA:819,0
DA:820,0
DA:821,0
DA:822,0
DA:823,0
DA:824,0
DA:825,0
DA:826,0
DA:827,0
DA:829,0
DA:830,0
DA:831,0
DA:833,0
DA:836,0
DA:837,0
DA:838,0
DA:840,0
DA:841,0
DA:844,0
DA:846,0
DA:849,0
DA:851,0
DA:853,0
DA:864,0
DA:866,0
DA:871,0
DA:873,0
DA:882,0
DA:883,0
DA:888,0
DA:889,0
DA:890,0
DA:908,0
DA:910,0
DA:911,0
DA:912,0
DA:913,0
DA:915,0
DA:924,0
DA:928,1
DA:929,0
DA:930,0
DA:931,0
DA:932,0
DA:933,0
DA:934,0
DA:935,0
DA:936,0
DA:937,0
DA:938,0
DA:939,0
DA:940,0
DA:941,0
DA:942,0
DA:943,0
DA:944,0
DA:945,0
DA:946,0
DA:949,0
DA:950,0
DA:951,0
DA:952,0
DA:953,0
DA:954,0
DA:955,0
DA:956,0
DA:957,0
DA:958,0
DA:959,0
DA:960,0
DA:961,0
DA:963,0
DA:964,0
DA:965,0
DA:967,0
DA:970,0
DA:971,0
DA:972,0
DA:974,0
DA:975,0
DA:978,0
DA:980,0
DA:983,0
DA:985,0
DA:987,0
DA:998,0
DA:1000,0
DA:1005,0
DA:1007,0
DA:1016,0
DA:1017,0
DA:1022,0
DA:1023,0
DA:1024,0
DA:1042,0
DA:1044,0
DA:1045,0
DA:1046,0
DA:1047,0
DA:1049,0
DA:1058,0
DA:1062,1
DA:1063,0
DA:1064,0
DA:1065,0
DA:1066,0
DA:1067,0
DA:1068,0
DA:1069,0
DA:1070,0
DA:1071,0
DA:1072,0
DA:1073,0
DA:1074,0
DA:1075,0
DA:1076,0
DA:1077,0
DA:1078,0
DA:1079,0
DA:1080,0
DA:1081,0
DA:1083,0
DA:1084,0
DA:1085,0
DA:1086,0
DA:1087,0
DA:1088,0
DA:1089,0
DA:1090,0
DA:1091,0
DA:1092,0
DA:1093,0
DA:1094,0
DA:1095,0
DA:1096,0
DA:1098,0
DA:1099,0
DA:1100,0
DA:1102,0
DA:1103,0
DA:1114,0
DA:1116,0
DA:1121,0
DA:1123,0
DA:1132,0
DA:1133,0
DA:1138,0
DA:1139,0
DA:1140,0
DA:1158,0
DA:1160,0
DA:1161,0
DA:1162,0
DA:1163,0
DA:1165,0
DA:1174,0
DA:1355,1
DA:1356,0
DA:1357,0
DA:1358,0
DA:1359,0
DA:1360,0
DA:1361,0
DA:1362,0
DA:1364,0
DA:1365,0
DA:1366,0
DA:1368,0
DA:1370,0
DA:1373,0
DA:1376,0
DA:1380,1
DA:1381,0
DA:1382,0
DA:1383,0
DA:1384,0
DA:1385,0
DA:1386,0
DA:1387,0
DA:1388,0
DA:1390,0
DA:1391,0
DA:1392,0
DA:1395,0
DA:1396,0
DA:1399,0
DA:1402,0
DA:1491,1
DA:1492,0
DA:1493,0
DA:1494,0
DA:1495,0
DA:1496,0
DA:1498,0
DA:1499,0
DA:1503,0
DA:1506,0
DA:1507,0
DA:1512,0
LF:585
LH:33
BRDA:28,0,0,0
BRDA:28,0,1,0
BRDA:77,1,0,0
BRDA:77,1,1,0
BRDA:89,2,0,0
BRDA:89,2,1,0
BRDA:111,3,0,0
BRDA:111,3,1,0
BRDA:127,4,0,0
BRDA:127,4,1,0
BRDA:143,5,0,0
BRDA:143,5,1,0
BRDA:159,6,0,0
BRDA:159,6,1,0
BRDA:176,7,0,0
BRDA:176,7,1,0
BRDA:198,8,0,0
BRDA:198,8,1,0
BRDA:215,9,0,0
BRDA:215,9,1,0
BRDA:238,10,0,0
BRDA:238,10,1,0
BRDA:252,11,0,0
BRDA:252,11,1,0
BRDA:272,12,0,0
BRDA:272,12,1,0
BRDA:276,13,0,0
BRDA:276,13,1,0
BRDA:340,14,0,0
BRDA:340,14,1,0
BRDA:359,15,0,0
BRDA:359,15,1,0
BRDA:370,16,0,0
BRDA:370,16,1,0
BRDA:409,17,0,0
BRDA:409,17,1,0
BRDA:414,18,0,0
BRDA:414,18,1,0
BRDA:468,19,0,0
BRDA:468,19,1,0
BRDA:496,20,0,0
BRDA:496,20,1,0
BRDA:513,21,0,0
BRDA:513,21,1,0
BRDA:537,22,0,0
BRDA:537,22,1,0
BRDA:593,23,0,0
BRDA:593,23,1,0
BRDA:612,24,0,0
BRDA:612,24,1,0
BRDA:629,25,0,0
BRDA:629,25,1,0
BRDA:653,26,0,0
BRDA:653,26,1,0
BRDA:709,27,0,0
BRDA:709,27,1,0
BRDA:737,28,0,0
BRDA:737,28,1,0
BRDA:754,29,0,0
BRDA:754,29,1,0
BRDA:778,30,0,0
BRDA:778,30,1,0
BRDA:836,31,0,0
BRDA:836,31,1,0
BRDA:871,32,0,0
BRDA:871,32,1,0
BRDA:888,33,0,0
BRDA:888,33,1,0
BRDA:912,34,0,0
BRDA:912,34,1,0
BRDA:970,35,0,0
BRDA:970,35,1,0
BRDA:1005,36,0,0
BRDA:1005,36,1,0
BRDA:1022,37,0,0
BRDA:1022,37,1,0
BRDA:1046,38,0,0
BRDA:1046,38,1,0
BRDA:1102,39,0,0
BRDA:1102,39,1,0
BRDA:1121,40,0,0
BRDA:1121,40,1,0
BRDA:1138,41,0,0
BRDA:1138,41,1,0
BRDA:1162,42,0,0
BRDA:1162,42,1,0
BRDA:1368,43,0,0
BRDA:1368,43,1,0
BRDA:1395,44,0,0
BRDA:1395,44,1,0
BRDA:1506,45,0,0
BRDA:1506,45,1,0
BRF:92
BRH:0
end_of_record
TN:
SF:Controllers\userAuthController.js
FN:6,(anonymous_0)
FN:14,(anonymous_1)
FN:22,(anonymous_2)
FN:40,(anonymous_3)
FN:47,(anonymous_4)
FN:54,(anonymous_5)
FN:63,(anonymous_6)
FN:70,(anonymous_7)
FN:75,(anonymous_8)
FN:84,(anonymous_9)
FN:100,(anonymous_10)
FN:115,(anonymous_11)
FN:131,(anonymous_12)
FNF:13
FNH:0
FNDA:0,(anonymous_0)
FNDA:0,(anonymous_1)
FNDA:0,(anonymous_2)
FNDA:0,(anonymous_3)
FNDA:0,(anonymous_4)
FNDA:0,(anonymous_5)
FNDA:0,(anonymous_6)
FNDA:0,(anonymous_7)
FNDA:0,(anonymous_8)
FNDA:0,(anonymous_9)
FNDA:0,(anonymous_10)
FNDA:0,(anonymous_11)
FNDA:0,(anonymous_12)
DA:1,1
DA:2,1
DA:3,1
DA:6,1
DA:7,0
DA:8,0
DA:13,0
DA:15,0
DA:16,0
DA:19,0
DA:21,0
DA:23,0
DA:24,0
DA:28,0
DA:33,0
DA:41,0
DA:47,1
DA:50,0
DA:51,0
DA:53,0
DA:55,0
DA:56,0
DA:62,0
DA:64,0
DA:69,0
DA:71,0
DA:76,0
DA:84,1
DA:85,0
DA:86,0
DA:88,0
DA:89,0
DA:92,0
DA:94,0
DA:100,1
DA:101,0
DA:102,0
DA:104,0
DA:105,0
DA:106,0
DA:109,0
DA:115,1
DA:116,0
DA:117,0
DA:119,0
DA:121,0
DA:122,0
DA:126,0
DA:131,1
DA:132,0
DA:133,0
DA:135,0
DA:137,0
DA:138,0
DA:145,0
LF:55
LH:9
BRDA:15,0,0,0
BRDA:15,0,1,0
BRDA:23,1,0,0
BRDA:23,1,1,0
BRDA:55,2,0,0
BRDA:55,2,1,0
BRDA:88,3,0,0
BRDA:88,3,1,0
BRDA:105,4,0,0
BRDA:105,4,1,0
BRDA:121,5,0,0
BRDA:121,5,1,0
BRDA:137,6,0,0
BRDA:137,6,1,0
BRF:14
BRH:0
end_of_record
TN:
SF:Controllers\userController.js
FN:19,(anonymous_0)
FN:28,(anonymous_1)
FN:33,(anonymous_2)
FN:42,(anonymous_3)
FN:55,(anonymous_4)
FN:57,(anonymous_5)
FN:63,(anonymous_6)
FN:70,(anonymous_7)
FN:78,(anonymous_8)
FN:102,(anonymous_9)
FN:109,(anonymous_10)
FN:139,(anonymous_11)
FN:145,(anonymous_12)
FN:203,(anonymous_13)
FN:223,(anonymous_14)
FN:237,(anonymous_15)
FN:252,(anonymous_16)
FN:270,(anonymous_17)
FN:285,(anonymous_18)
FN:304,(anonymous_19)
FN:331,(anonymous_20)
FNF:21
FNH:1
FNDA:0,(anonymous_0)
FNDA:0,(anonymous_1)
FNDA:0,(anonymous_2)
FNDA:0,(anonymous_3)
FNDA:0,(anonymous_4)
FNDA:0,(anonymous_5)
FNDA:0,(anonymous_6)
FNDA:0,(anonymous_7)
FNDA:0,(anonymous_8)
FNDA:0,(anonymous_9)
FNDA:1,(anonymous_10)
FNDA:0,(anonymous_11)
FNDA:0,(anonymous_12)
FNDA:0,(anonymous_13)
FNDA:0,(anonymous_14)
FNDA:0,(anonymous_15)
FNDA:0,(anonymous_16)
FNDA:0,(anonymous_17)
FNDA:0,(anonymous_18)
FNDA:0,(anonymous_19)
FNDA:0,(anonymous_20)
DA:1,2
DA:2,2
DA:4,2
DA:5,2
DA:6,2
DA:8,2
DA:9,2
DA:10,2
DA:13,2
DA:14,2
DA:15,2
DA:16,2
DA:17,2
DA:19,2
DA:20,0
DA:22,0
DA:23,0
DA:29,0
DA:34,0
DA:42,2
DA:44,0
DA:45,0
DA:48,0
DA:56,0
DA:58,0
DA:63,2
DA:64,0
DA:65,0
DA:69,0
DA:71,0
DA:72,0
DA:75,0
DA:77,0
DA:79,0
DA:80,0
DA:85,0
DA:91,0
DA:93,0
DA:103,0
DA:109,2
DA:111,1
DA:112,1
DA:113,1
DA:114,1
DA:116,1
DA:120,1
DA:129,1
DA:139,1
DA:141,0
DA:146,0
DA:203,2
DA:204,0
DA:208,0
DA:210,0
DA:211,0
DA:217,0
DA:223,2
DA:224,0
DA:225,0
DA:227,0
DA:228,0
DA:229,0
DA:232,0
DA:237,2
DA:238,0
DA:239,0
DA:241,0
DA:242,0
DA:243,0
DA:246,0
DA:252,2
DA:253,0
DA:254,0
DA:256,0
DA:257,0
DA:258,0
DA:261,0
DA:265,0
DA:270,2
DA:271,0
DA:272,0
DA:274,0
DA:276,0
DA:277,0
DA:281,0
DA:285,2
DA:286,0
DA:287,0
DA:288,0
DA:292,0
DA:293,0
DA:295,0
DA:296,0
DA:300,0
DA:304,2
DA:305,0
DA:306,0
DA:308,0
DA:309,0
DA:310,0
DA:311,0
DA:312,0
DA:313,0
DA:317,0
DA:318,0
DA:319,0
DA:320,0
DA:327,0
DA:331,2
DA:332,0
DA:333,0
DA:335,0
DA:337,0
DA:338,0
DA:345,0
LF:115
LH:33
BRDA:71,0,0,0
BRDA:71,0,1,0
BRDA:79,1,0,0
BRDA:79,1,1,0
BRDA:210,2,0,0
BRDA:210,2,1,0
BRDA:228,3,0,0
BRDA:228,3,1,0
BRDA:242,4,0,0
BRDA:242,4,1,0
BRDA:257,5,0,0
BRDA:257,5,1,0
BRDA:276,6,0,0
BRDA:276,6,1,0
BRDA:295,7,0,0
BRDA:295,7,1,0
BRDA:310,8,0,0
BRDA:310,8,1,0
BRDA:312,9,0,0
BRDA:312,9,1,0
BRDA:317,10,0,0
BRDA:317,10,1,0
BRDA:319,11,0,0
BRDA:319,11,1,0
BRDA:337,12,0,0
BRDA:337,12,1,0
BRF:26
BRH:0
end_of_record
TN:
SF:Controllers\userOrdersController.js
FN:6,(anonymous_0)
FNF:1
FNH:0
FNDA:0,(anonymous_0)
DA:1,1
DA:2,1
DA:3,1
DA:4,1
DA:6,1
DA:7,0
DA:9,0
DA:11,0
DA:12,0
DA:18,0
DA:21,0
LF:11
LH:5
BRDA:11,0,0,0
BRDA:11,0,1,0
BRF:2
BRH:0
end_of_record
TN:
SF:Models\DeliveryBoyModel.js
FNF:0
FNH:0
DA:1,1
DA:3,1
DA:5,1
DA:50,1
LF:4
LH:4
BRF:0
BRH:0
end_of_record
TN:
SF:Models\addressModel.js
FNF:0
FNH:0
DA:1,1
DA:2,1
DA:4,1
DA:6,1
DA:44,1
LF:5
LH:5
BRF:0
BRH:0
end_of_record
TN:
SF:Models\adminModel.js
FNF:0
FNH:0
DA:1,1
DA:3,1
DA:6,1
DA:19,1
LF:4
LH:4
BRF:0
BRH:0
end_of_record
TN:
SF:Models\bannerModal.js
FNF:0
FNH:0
DA:1,1
DA:3,1
DA:5,1
DA:16,1
LF:4
LH:4
BRF:0
BRH:0
end_of_record
TN:
SF:Models\billingModel.js
FNF:0
FNH:0
DA:1,1
DA:3,1
DA:6,1
DA:32,1
LF:4
LH:4
BRF:0
BRH:0
end_of_record
TN:
SF:Models\cityModel.js
FNF:0
FNH:0
DA:1,1
DA:3,1
DA:5,1
DA:15,1
LF:4
LH:4
BRF:0
BRH:0
end_of_record
TN:
SF:Models\errorModel.js
FNF:0
FNH:0
DA:1,2
DA:3,2
DA:6,2
DA:12,2
LF:4
LH:4
BRF:0
BRH:0
end_of_record
TN:
SF:Models\helpModal.js
FNF:0
FNH:0
DA:1,1
DA:3,1
DA:6,1
DA:13,1
LF:4
LH:4
BRF:0
BRH:0
end_of_record
TN:
SF:Models\orderModel.js
FNF:0
FNH:0
DA:1,1
DA:2,1
DA:6,1
DA:22,1
DA:25,1
DA:70,1
LF:6
LH:6
BRF:0
BRH:0
end_of_record
TN:
SF:Models\paymentModal.js
FNF:0
FNH:0
DA:1,1
DA:3,1
DA:6,1
DA:29,1
LF:4
LH:4
BRF:0
BRH:0
end_of_record
TN:
SF:Models\petProductModal.js
FNF:0
FNH:0
DA:1,1
DA:4,1
DA:6,1
DA:68,1
LF:4
LH:4
BRF:0
BRH:0
end_of_record
TN:
SF:Models\pincodeModal.js
FNF:0
FNH:0
DA:1,1
DA:3,1
DA:6,1
DA:22,1
LF:4
LH:4
BRF:0
BRH:0
end_of_record
TN:
SF:Models\placeOrderModel.js
FNF:0
FNH:0
DA:1,1
DA:2,1
DA:5,1
DA:91,1
LF:4
LH:4
BRF:0
BRH:0
end_of_record
TN:
SF:Models\productModel.js
FNF:0
FNH:0
DA:1,1
DA:4,1
DA:6,1
DA:84,1
LF:4
LH:4
BRF:0
BRH:0
end_of_record
TN:
SF:Models\promoModel.js
FNF:0
FNH:0
DA:1,1
DA:3,1
DA:6,1
DA:16,1
LF:4
LH:4
BRF:0
BRH:0
end_of_record
TN:
SF:Models\quantityModal.js
FNF:0
FNH:0
DA:1,1
DA:4,1
DA:6,1
DA:23,1
LF:4
LH:4
BRF:0
BRH:0
end_of_record
TN:
SF:Models\refundModel.js
FNF:0
FNH:0
DA:1,1
DA:3,1
DA:6,1
DA:24,1
LF:4
LH:4
BRF:0
BRH:0
end_of_record
TN:
SF:Models\slotModel.js
FNF:0
FNH:0
DA:1,1
DA:3,1
DA:5,1
DA:41,1
LF:4
LH:4
BRF:0
BRH:0
end_of_record
TN:
SF:Models\subAdminModel.js
FNF:0
FNH:0
DA:1,1
DA:3,1
DA:6,1
DA:145,1
LF:4
LH:4
BRF:0
BRH:0
end_of_record
TN:
SF:Models\subOrderModel.js
FNF:0
FNH:0
DA:1,1
DA:2,1
DA:7,1
DA:48,1
LF:4
LH:4
BRF:0
BRH:0
end_of_record
TN:
SF:Models\subscriptionModel.js
FNF:0
FNH:0
DA:1,1
DA:3,1
DA:6,1
DA:96,1
LF:4
LH:4
BRF:0
BRH:0
end_of_record
TN:
SF:Models\userAuthModel.js
FNF:0
FNH:0
DA:1,1
DA:3,1
DA:5,1
DA:25,1
LF:4
LH:4
BRF:0
BRH:0
end_of_record
TN:
SF:Models\userModel.js
FN:78,(anonymous_0)
FN:80,(anonymous_1)
FN:110,(anonymous_2)
FN:112,(anonymous_3)
FN:144,(anonymous_4)
FN:145,(anonymous_5)
FN:154,(anonymous_6)
FNF:7
FNH:0
FNDA:0,(anonymous_0)
FNDA:0,(anonymous_1)
FNDA:0,(anonymous_2)
FNDA:0,(anonymous_3)
FNDA:0,(anonymous_4)
FNDA:0,(anonymous_5)
FNDA:0,(anonymous_6)
DA:1,2
DA:3,2
DA:5,2
DA:78,2
DA:80,0
DA:81,0
DA:83,0
DA:84,0
DA:85,0
DA:86,0
DA:87,0
DA:88,0
DA:89,0
DA:91,0
DA:102,0
DA:105,0
DA:106,0
DA:110,2
DA:112,0
DA:113,0
DA:116,0
DA:118,0
DA:119,0
DA:120,0
DA:121,0
DA:122,0
DA:123,0
DA:125,0
DA:126,0
DA:128,0
DA:129,0
DA:136,0
DA:139,0
DA:140,0
DA:144,2
DA:145,0
DA:146,0
DA:149,0
DA:150,0
DA:151,0
DA:154,2
DA:155,0
DA:156,0
DA:160,2
LF:44
LH:8
BRDA:85,0,0,0
BRDA:85,0,1,0
BRDA:118,1,0,0
BRDA:118,1,1,0
BRDA:119,2,0,0
BRDA:119,2,1,0
BRDA:125,3,0,0
BRDA:125,3,1,0
BRF:8
BRH:0
end_of_record
TN:
SF:Routes\DeliveryBoyRoute.js
FNF:0
FNH:0
DA:1,1
DA:2,1
DA:3,1
DA:5,1
DA:7,1
DA:36,1
DA:87,1
DA:104,1
DA:120,1
DA:137,1
DA:155,1
DA:172,1
DA:182,1
LF:13
LH:13
BRF:0
BRH:0
end_of_record
TN:
SF:Routes\addressRoute.js
FNF:0
FNH:0
DA:1,1
DA:2,1
DA:3,1
DA:21,1
DA:38,1
DA:71,1
DA:86,1
DA:101,1
DA:103,1
LF:9
LH:9
BRF:0
BRH:0
end_of_record
TN:
SF:Routes\adminRoute.js
FNF:0
FNH:0
DA:1,1
DA:2,1
DA:3,1
DA:4,1
DA:6,1
DA:38,1
DA:66,1
DA:75,1
DA:77,1
DA:79,1
DA:81,1
DA:83,1
DA:85,1
DA:87,1
DA:89,1
LF:15
LH:15
BRF:0
BRH:0
end_of_record
TN:
SF:Routes\bannerRoute.js
FNF:0
FNH:0
DA:1,1
DA:2,1
DA:4,1
DA:29,1
DA:48,1
DA:64,1
DA:87,1
DA:104,1
DA:107,1
LF:9
LH:9
BRF:0
BRH:0
end_of_record
TN:
SF:Routes\billingRoute.js
FNF:0
FNH:0
DA:1,1
DA:2,1
DA:3,1
DA:20,1
DA:21,1
DA:22,1
DA:24,1
DA:26,1
DA:28,1
DA:30,1
DA:45,1
DA:60,1
DA:92,1
DA:94,1
LF:14
LH:14
BRF:0
BRH:0
end_of_record
TN:
SF:Routes\cityRoute.js
FNF:0
FNH:0
DA:1,1
DA:2,1
DA:3,1
DA:28,1
DA:45,1
DA:62,1
DA:80,1
DA:98,1
DA:101,1
LF:9
LH:9
BRF:0
BRH:0
end_of_record
TN:
SF:Routes\dashboardRoute.js
FNF:0
FNH:0
DA:1,1
DA:2,1
DA:3,1
DA:21,1
DA:54,1
DA:69,1
DA:84,1
DA:86,1
DA:87,1
DA:88,1
DA:89,1
DA:90,1
DA:91,1
DA:93,1
DA:97,1
DA:99,1
LF:16
LH:16
BRF:0
BRH:0
end_of_record
TN:
SF:Routes\helpRoute.js
FNF:0
FNH:0
DA:1,1
DA:2,1
DA:3,1
DA:23,1
DA:41,1
DA:74,1
DA:92,1
DA:111,1
DA:115,1
LF:9
LH:9
BRF:0
BRH:0
end_of_record
TN:
SF:Routes\orderRoute.js
FNF:0
FNH:0
DA:1,1
DA:3,1
DA:5,1
DA:7,1
DA:8,1
DA:48,1
DA:50,1
DA:51,1
DA:71,1
DA:72,1
DA:73,1
DA:74,1
DA:75,1
DA:132,1
DA:133,1
DA:134,1
DA:136,1
DA:155,1
DA:157,1
DA:176,1
DA:177,1
DA:181,1
LF:22
LH:22
BRF:0
BRH:0
end_of_record
TN:
SF:Routes\paymentRoute.js
FNF:0
FNH:0
DA:1,1
DA:2,1
DA:3,1
DA:7,1
DA:12,1
LF:5
LH:5
BRF:0
BRH:0
end_of_record
TN:
SF:Routes\petProductRoute.js
FNF:0
FNH:0
DA:1,1
DA:2,1
DA:3,1
DA:6,1
DA:26,1
DA:44,1
DA:62,1
DA:133,1
DA:153,1
DA:173,1
DA:191,1
DA:195,1
LF:12
LH:12
BRF:0
BRH:0
end_of_record
TN:
SF:Routes\pincodeRoute.js
FNF:0
FNH:0
DA:1,1
DA:2,1
DA:3,1
DA:33,1
DA:52,1
DA:70,1
DA:88,1
DA:106,1
DA:109,1
LF:9
LH:9
BRF:0
BRH:0
end_of_record
TN:
SF:Routes\placeOrderRoute.js
FNF:0
FNH:0
DA:1,1
DA:2,1
DA:3,1
DA:23,1
DA:43,1
DA:62,1
DA:81,1
DA:105,1
DA:106,1
DA:170,1
DA:189,1
DA:208,1
DA:213,1
LF:13
LH:13
BRF:0
BRH:0
end_of_record
TN:
SF:Routes\productRoute.js
FNF:0
FNH:0
DA:1,1
DA:2,1
DA:3,1
DA:4,1
DA:62,1
DA:78,1
DA:95,1
DA:114,1
DA:138,1
DA:156,1
DA:176,1
DA:177,1
DA:199,1
DA:218,1
DA:221,1
LF:15
LH:15
BRF:0
BRH:0
end_of_record
TN:
SF:Routes\promoRoute.js
FNF:0
FNH:0
DA:1,1
DA:2,1
DA:3,1
DA:5,1
DA:6,1
DA:7,1
DA:8,1
DA:9,1
DA:12,1
LF:9
LH:9
BRF:0
BRH:0
end_of_record
TN:
SF:Routes\quantityRoute.js
FNF:0
FNH:0
DA:1,1
DA:2,1
DA:3,1
DA:38,1
DA:41,1
LF:5
LH:5
BRF:0
BRH:0
end_of_record
TN:
SF:Routes\refundRoute.js
FNF:0
FNH:0
DA:1,1
DA:2,1
DA:3,1
DA:21,1
DA:55,1
DA:72,1
DA:90,1
DA:107,1
DA:109,1
LF:9
LH:9
BRF:0
BRH:0
end_of_record
TN:
SF:Routes\slotroute.js
FNF:0
FNH:0
DA:1,1
DA:2,1
DA:3,1
DA:49,1
DA:68,1
DA:87,1
DA:106,1
DA:125,1
DA:144,1
DA:163,1
DA:168,1
LF:11
LH:11
BRF:0
BRH:0
end_of_record
TN:
SF:Routes\subAdminRoute.js
FNF:0
FNH:0
DA:1,1
DA:2,1
DA:3,1
DA:4,1
DA:8,1
DA:9,1
DA:37,1
DA:66,1
DA:74,1
DA:78,1
LF:10
LH:10
BRF:0
BRH:0
end_of_record
TN:
SF:Routes\subOrderRoute.js
FNF:0
FNH:0
DA:1,1
DA:2,1
DA:3,1
DA:5,1
DA:6,1
DA:8,1
DA:9,1
LF:7
LH:7
BRF:0
BRH:0
end_of_record
TN:
SF:Routes\subscriptionRoute.js
FNF:0
FNH:0
DA:1,1
DA:2,1
DA:3,1
DA:59,1
DA:73,1
DA:87,1
DA:101,1
DA:102,1
DA:103,1
DA:104,1
DA:119,1
DA:122,1
DA:123,1
DA:124,1
DA:127,1
DA:128,1
DA:129,1
DA:130,1
DA:131,1
DA:132,1
DA:135,1
DA:136,1
DA:152,1
DA:155,1
LF:24
LH:24
BRF:0
BRH:0
end_of_record
TN:
SF:Routes\userAuthRoute.js
FNF:0
FNH:0
DA:1,1
DA:2,1
DA:3,1
DA:34,1
DA:63,1
DA:81,1
DA:99,1
DA:118,1
DA:137,1
DA:140,1
LF:10
LH:10
BRF:0
BRH:0
end_of_record
TN:
SF:Routes\userOrdersRoute.js
FNF:0
FNH:0
DA:1,1
DA:2,1
DA:3,1
DA:22,1
DA:25,1
LF:5
LH:5
BRF:0
BRH:0
end_of_record
TN:
SF:Routes\userRoute.js
FNF:0
FNH:0
DA:1,1
DA:2,1
DA:3,1
DA:29,1
DA:58,1
DA:78,1
DA:96,1
DA:97,1
DA:126,1
DA:175,1
DA:247,1
DA:265,1
DA:287,1
DA:289,1
DA:292,1
LF:15
LH:15
BRF:0
BRH:0
end_of_record
TN:
SF:Test\db.js
FN:6,(anonymous_0)
FN:18,(anonymous_1)
FN:24,(anonymous_2)
FNF:3
FNH:1
FNDA:1,(anonymous_0)
FNDA:0,(anonymous_1)
FNDA:0,(anonymous_2)
DA:1,2
DA:2,2
DA:6,2
DA:7,1
DA:8,1
DA:9,1
DA:10,1
DA:14,1
DA:18,2
DA:19,0
DA:20,0
DA:21,0
DA:24,2
DA:25,0
DA:26,0
DA:27,0
DA:28,0
DA:29,0
LF:18
LH:10
BRDA:7,0,0,1
BRDA:7,0,1,0
BRDA:21,1,0,0
BRDA:21,1,1,0
BRF:4
BRH:1
end_of_record
TN:
SF:Test\interceptor.js
FN:2,(anonymous_0)
FN:8,(anonymous_1)
FNF:2
FNH:2
FNDA:2,(anonymous_0)
FNDA:2,(anonymous_1)
DA:1,1
DA:3,2
DA:4,2
DA:5,2
DA:6,2
DA:9,2
DA:10,2
DA:11,2
DA:12,2
DA:13,2
LF:10
LH:10
BRF:0
BRH:0
end_of_record
TN:
SF:Utils\ApiFeature.js
FN:2,(anonymous_0)
FN:7,(anonymous_1)
FN:12,(anonymous_2)
FN:18,(anonymous_3)
FN:28,(anonymous_4)
FN:41,(anonymous_5)
FN:52,(anonymous_6)
FNF:7
FNH:0
FNDA:0,(anonymous_0)
FNDA:0,(anonymous_1)
FNDA:0,(anonymous_2)
FNDA:0,(anonymous_3)
FNDA:0,(anonymous_4)
FNDA:0,(anonymous_5)
FNDA:0,(anonymous_6)
DA:3,0
DA:4,0
DA:8,0
DA:11,0
DA:12,0
DA:17,0
DA:18,0
DA:20,0
DA:23,0
DA:24,0
DA:29,0
DA:30,0
DA:31,0
DA:32,0
DA:34,0
DA:37,0
DA:42,0
DA:43,0
DA:44,0
DA:46,0
DA:49,0
DA:53,0
DA:54,0
DA:56,0
DA:59,0
DA:61,0
DA:62,0
DA:66,1
LF:28
LH:1
BRDA:29,0,0,0
BRDA:29,0,1,0
BRDA:42,1,0,0
BRDA:42,1,1,0
BRDA:53,2,0,0
BRDA:53,2,1,0
BRDA:54,3,0,0
BRDA:54,3,1,0
BRF:8
BRH:0
end_of_record
TN:
SF:Utils\app.Error.js
FN:3,(anonymous_0)
FNF:1
FNH:0
FNDA:0,(anonymous_0)
DA:4,0
DA:6,0
DA:7,0
DA:8,0
DA:10,0
DA:15,2
LF:6
LH:1
BRDA:7,0,0,0
BRDA:7,0,1,0
BRF:2
BRH:0
end_of_record
TN:
SF:Utils\globalErrorHandler.js
FN:5,(anonymous_0)
FN:14,(anonymous_1)
FN:32,(anonymous_2)
FN:37,(anonymous_3)
FN:44,(anonymous_4)
FNF:5
FNH:0
FNDA:0,(anonymous_0)
FNDA:0,(anonymous_1)
FNDA:0,(anonymous_2)
FNDA:0,(anonymous_3)
FNDA:0,(anonymous_4)
DA:1,1
DA:2,1
DA:5,1
DA:6,0
DA:14,1
DA:16,0
DA:17,0
DA:22,0
DA:24,0
DA:32,1
DA:33,0
DA:34,0
DA:37,1
DA:40,0
DA:41,0
DA:44,1
DA:45,0
DA:48,0
DA:49,0
DA:54,0
DA:55,0
DA:59,0
DA:60,0
DA:64,0
DA:66,0
DA:67,0
DA:68,0
DA:71,0
LF:28
LH:7
BRDA:16,0,0,0
BRDA:16,0,1,0
BRDA:48,1,0,0
BRDA:48,1,1,0
BRDA:49,2,0,0
BRDA:49,2,1,0
BRDA:54,3,0,0
BRDA:54,3,1,0
BRDA:59,4,0,0
BRDA:59,4,1,0
BRDA:64,5,0,0
BRDA:64,5,1,0
BRDA:67,6,0,0
BRDA:67,6,1,0
BRF:14
BRH:0
end_of_record
TN:
SF:middleware\isAdmin.js
FN:3,(anonymous_0)
FNF:1
FNH:0
FNDA:0,(anonymous_0)
DA:1,1
DA:3,1
DA:4,0
DA:5,0
DA:6,0
DA:7,0
DA:9,0
DA:11,0
DA:17,1
LF:9
LH:3
BRDA:6,0,0,0
BRDA:6,0,1,0
BRF:2
BRH:0
end_of_record
